{"/home/daibing/devspace/open-mccree/packages/mccree-loader-xyp2p/src/index.js":{"path":"/home/daibing/devspace/open-mccree/packages/mccree-loader-xyp2p/src/index.js","s":{"1":1,"2":1,"3":1,"4":2,"5":6,"6":6,"7":6,"8":6,"9":6,"10":6,"11":1,"12":2,"13":1,"14":2,"15":1,"16":2,"17":1,"18":1,"19":1,"20":1,"21":1,"22":1,"23":1,"24":1,"25":1,"26":0,"27":1,"28":1,"29":0,"30":0,"31":0,"32":0,"33":1,"34":0,"35":0,"36":0,"37":0,"38":0,"39":0,"40":0,"41":0,"42":0,"43":0,"44":0,"45":0,"46":0,"47":0,"48":0,"49":0,"50":0,"51":0,"52":0,"53":0,"54":0,"55":0,"56":0,"57":0,"58":0,"59":0,"60":0,"61":0,"62":0,"63":0,"64":0,"65":0,"66":0,"67":0,"68":0,"69":0,"70":0,"71":0,"72":0,"73":0,"74":1,"75":1},"b":{"1":[6,6],"2":[6,0],"3":[1,1],"4":[1,1],"5":[1,0],"6":[1,1],"7":[1,0],"8":[0,0],"9":[0,0],"10":[0,0],"11":[0,0],"12":[0,0]},"f":{"1":1,"2":2,"3":2,"4":1,"5":1,"6":1,"7":0,"8":1,"9":0,"10":0,"11":0,"12":0,"13":0,"14":0,"15":0,"16":0,"17":0,"18":0},"fnMap":{"1":{"name":"(anonymous_1)","line":1,"loc":{"start":{"line":1,"column":0},"end":{"line":1,"column":0}}},"2":{"name":"defineProperties","line":1,"loc":{"start":{"line":1,"column":0},"end":{"line":1,"column":0}}},"3":{"name":"(anonymous_3)","line":1,"loc":{"start":{"line":1,"column":0},"end":{"line":1,"column":0}}},"4":{"name":"_interopRequireDefault","line":0,"loc":{"start":{"line":0,"column":0},"end":{"line":0,"column":0}},"skip":true},"5":{"name":"_classCallCheck","line":0,"loc":{"start":{"line":0,"column":0},"end":{"line":0,"column":0}},"skip":true},"6":{"name":"(anonymous_6)","line":0,"loc":{"start":{"line":0,"column":0},"end":{"line":0,"column":0}},"skip":true},"7":{"name":"isSupported","line":18,"loc":{"start":{"line":18,"column":23},"end":{"line":18,"column":23}}},"8":{"name":"XYVPLoader","line":22,"loc":{"start":{"line":22,"column":14},"end":{"line":22,"column":22}}},"9":{"name":"init","line":29,"loc":{"start":{"line":29,"column":7},"end":{"line":29,"column":15}}},"10":{"name":"loadPartail","line":37,"loc":{"start":{"line":37,"column":14},"end":{"line":37,"column":35}}},"11":{"name":"(anonymous_11)","line":50,"loc":{"start":{"line":50,"column":34},"end":{"line":50,"column":39}}},"12":{"name":"(anonymous_12)","line":57,"loc":{"start":{"line":57,"column":26},"end":{"line":57,"column":31}}},"13":{"name":"load","line":66,"loc":{"start":{"line":66,"column":7},"end":{"line":66,"column":27}}},"14":{"name":"(anonymous_14)","line":72,"loc":{"start":{"line":72,"column":41},"end":{"line":72,"column":56}}},"15":{"name":"(anonymous_15)","line":76,"loc":{"start":{"line":76,"column":41},"end":{"line":76,"column":56}}},"16":{"name":"unload","line":81,"loc":{"start":{"line":81,"column":11},"end":{"line":81,"column":11}}},"17":{"name":"(anonymous_17)","line":83,"loc":{"start":{"line":83,"column":23},"end":{"line":83,"column":48}}},"18":{"name":"destory","line":90,"loc":{"start":{"line":90,"column":12},"end":{"line":90,"column":12}}}},"statementMap":{"1":{"start":{"line":0,"column":0},"end":{"line":0,"column":0},"skip":true},"2":{"start":{"line":1,"column":0},"end":{"line":1,"column":0}},"3":{"start":{"line":1,"column":0},"end":{"line":1,"column":0}},"4":{"start":{"line":1,"column":0},"end":{"line":1,"column":0}},"5":{"start":{"line":1,"column":0},"end":{"line":1,"column":0}},"6":{"start":{"line":1,"column":0},"end":{"line":1,"column":0}},"7":{"start":{"line":1,"column":0},"end":{"line":1,"column":0}},"8":{"start":{"line":1,"column":0},"end":{"line":1,"column":0}},"9":{"start":{"line":1,"column":0},"end":{"line":1,"column":0}},"10":{"start":{"line":1,"column":0},"end":{"line":1,"column":0}},"11":{"start":{"line":1,"column":0},"end":{"line":1,"column":0}},"12":{"start":{"line":1,"column":0},"end":{"line":1,"column":0}},"13":{"start":{"line":1,"column":0},"end":{"line":1,"column":0}},"14":{"start":{"line":1,"column":0},"end":{"line":1,"column":0}},"15":{"start":{"line":1,"column":0},"end":{"line":1,"column":0}},"16":{"start":{"line":1,"column":0},"end":{"line":1,"column":0}},"17":{"start":{"line":16,"column":0},"end":{"line":null,"column":null}},"18":{"start":{"line":0,"column":0},"end":{"line":0,"column":0},"skip":true},"19":{"start":{"line":0,"column":0},"end":{"line":0,"column":0},"skip":true},"20":{"start":{"line":0,"column":0},"end":{"line":0,"column":0},"skip":true},"21":{"start":{"line":0,"column":0},"end":{"line":0,"column":0},"skip":true},"22":{"start":{"line":0,"column":0},"end":{"line":0,"column":0},"skip":true},"23":{"start":{"line":0,"column":0},"end":{"line":0,"column":0},"skip":true},"24":{"start":{"line":17,"column":6},"end":{"line":null,"column":null}},"25":{"start":{"line":0,"column":0},"end":{"line":0,"column":0},"skip":true},"26":{"start":{"line":19,"column":11},"end":{"line":null,"column":null}},"27":{"start":{"line":22,"column":14},"end":{"line":null,"column":null}},"28":{"start":{"line":0,"column":0},"end":{"line":0,"column":0},"skip":true},"29":{"start":{"line":23,"column":9},"end":{"line":null,"column":null}},"30":{"start":{"line":24,"column":9},"end":{"line":null,"column":null}},"31":{"start":{"line":25,"column":9},"end":{"line":null,"column":null}},"32":{"start":{"line":26,"column":9},"end":{"line":null,"column":null}},"33":{"start":{"line":0,"column":0},"end":{"line":0,"column":0},"skip":true},"34":{"start":{"line":30,"column":9},"end":{"line":null,"column":null}},"35":{"start":{"line":31,"column":9},"end":{"line":null,"column":null}},"36":{"start":{"line":32,"column":9},"end":{"line":null,"column":null}},"37":{"start":{"line":33,"column":9},"end":{"line":null,"column":null}},"38":{"start":{"line":34,"column":9},"end":{"line":null,"column":null}},"39":{"start":{"line":0,"column":0},"end":{"line":0,"column":0},"skip":true},"40":{"start":{"line":38,"column":8},"end":{"line":null,"column":null}},"41":{"start":{"line":39,"column":11},"end":{"line":null,"column":null}},"42":{"start":{"line":0,"column":0},"end":{"line":0,"column":0},"skip":true},"43":{"start":{"line":43,"column":9},"end":{"line":null,"column":null}},"44":{"start":{"line":44,"column":9},"end":{"line":null,"column":null}},"45":{"start":{"line":46,"column":9},"end":{"line":null,"column":null}},"46":{"start":{"line":47,"column":8},"end":{"line":null,"column":null}},"47":{"start":{"line":48,"column":9},"end":{"line":null,"column":null}},"48":{"start":{"line":49,"column":9},"end":{"line":null,"column":null}},"49":{"start":{"line":50,"column":9},"end":{"line":null,"column":null}},"50":{"start":{"line":51,"column":9},"end":{"line":null,"column":null}},"51":{"start":{"line":52,"column":13},"end":{"line":null,"column":null}},"52":{"start":{"line":53,"column":13},"end":{"line":null,"column":null}},"53":{"start":{"line":54,"column":13},"end":{"line":null,"column":null}},"54":{"start":{"line":57,"column":9},"end":{"line":null,"column":null}},"55":{"start":{"line":58,"column":11},"end":{"line":null,"column":null}},"56":{"start":{"line":59,"column":10},"end":{"line":null,"column":null}},"57":{"start":{"line":60,"column":11},"end":{"line":null,"column":null}},"58":{"start":{"line":61,"column":11},"end":{"line":null,"column":null}},"59":{"start":{"line":63,"column":9},"end":{"line":null,"column":null}},"60":{"start":{"line":67,"column":8},"end":{"line":null,"column":null}},"61":{"start":{"line":68,"column":9},"end":{"line":null,"column":null}},"62":{"start":{"line":71,"column":9},"end":{"line":null,"column":null}},"63":{"start":{"line":72,"column":9},"end":{"line":null,"column":null}},"64":{"start":{"line":73,"column":11},"end":{"line":null,"column":null}},"65":{"start":{"line":74,"column":11},"end":{"line":null,"column":null}},"66":{"start":{"line":76,"column":9},"end":{"line":null,"column":null}},"67":{"start":{"line":77,"column":11},"end":{"line":null,"column":null}},"68":{"start":{"line":82,"column":8},"end":{"line":null,"column":null}},"69":{"start":{"line":83,"column":11},"end":{"line":null,"column":null}},"70":{"start":{"line":84,"column":11},"end":{"line":null,"column":null}},"71":{"start":{"line":85,"column":11},"end":{"line":null,"column":null}},"72":{"start":{"line":0,"column":0},"end":{"line":0,"column":0},"skip":true},"73":{"start":{"line":91,"column":9},"end":{"line":null,"column":null}},"74":{"start":{"line":0,"column":0},"end":{"line":0,"column":0},"skip":true},"75":{"start":{"line":95,"column":15},"end":{"line":null,"column":null}}},"branchMap":{"1":{"line":1,"type":"binary-expr","locations":[{"start":{"line":1,"column":0},"end":{"line":1,"column":0}},{"start":{"line":1,"column":0},"end":{"line":1,"column":0}}]},"2":{"line":1,"type":"if","locations":[{"start":{"line":1,"column":0},"end":{"line":1,"column":0}},{"start":{"line":1,"column":0},"end":{"line":1,"column":0}}]},"3":{"line":1,"type":"if","locations":[{"start":{"line":1,"column":0},"end":{"line":1,"column":0}},{"start":{"line":1,"column":0},"end":{"line":1,"column":0}}]},"4":{"line":1,"type":"if","locations":[{"start":{"line":1,"column":0},"end":{"line":1,"column":0}},{"start":{"line":1,"column":0},"end":{"line":1,"column":0}}]},"5":{"line":0,"type":"cond-expr","locations":[{"start":{"line":0,"column":0},"end":{"line":0,"column":0},"skip":true},{"start":{"line":0,"column":0},"end":{"line":0,"column":0},"skip":true}]},"6":{"line":0,"type":"binary-expr","locations":[{"start":{"line":0,"column":0},"end":{"line":0,"column":0},"skip":true},{"start":{"line":0,"column":0},"end":{"line":0,"column":0},"skip":true}]},"7":{"line":0,"type":"if","locations":[{"start":{"line":0,"column":0},"end":{"line":0,"column":0},"skip":true},{"start":{"line":0,"column":0},"end":{"line":0,"column":0},"skip":true}]},"8":{"line":25,"type":"binary-expr","locations":[{"start":{"line":25,"column":18},"end":{"line":25,"column":28}},{"start":{"line":25,"column":28},"end":{"line":25,"column":4}}]},"9":{"line":38,"type":"if","locations":[{"start":{"line":38,"column":8},"end":{"line":38,"column":8}},{"start":{"line":38,"column":8},"end":{"line":38,"column":8}}]},"10":{"line":51,"type":"if","locations":[{"start":{"line":51,"column":9},"end":{"line":51,"column":9}},{"start":{"line":51,"column":9},"end":{"line":51,"column":9}}]},"11":{"line":53,"type":"if","locations":[{"start":{"line":53,"column":13},"end":{"line":53,"column":13}},{"start":{"line":53,"column":13},"end":{"line":53,"column":13}}]},"12":{"line":58,"type":"binary-expr","locations":[{"start":{"line":58,"column":24},"end":{"line":58,"column":24}},{"start":{"line":58,"column":49},"end":{"line":58,"column":6}}]}}}}