TN:
SF:/home/daibing/devspace/open-mccree/packages/mccree-loader-xyp2p/src/index.js
FN:1,(anonymous_1)
FN:1,defineProperties
FN:1,(anonymous_3)
FN:18,isSupported
FN:22,XYVPLoader
FN:29,init
FN:37,loadPartail
FN:50,(anonymous_11)
FN:57,(anonymous_12)
FN:66,load
FN:72,(anonymous_14)
FN:76,(anonymous_15)
FN:81,unload
FN:83,(anonymous_17)
FN:90,destory
FNF:15
FNH:15
FNDA:1,(anonymous_1)
FNDA:2,defineProperties
FNDA:2,(anonymous_3)
FNDA:1,isSupported
FNDA:3,XYVPLoader
FNDA:2,init
FNDA:4,loadPartail
FNDA:12,(anonymous_11)
FNDA:5,(anonymous_12)
FNDA:1,load
FNDA:1,(anonymous_14)
FNDA:1,(anonymous_15)
FNDA:1,unload
FNDA:1,(anonymous_17)
FNDA:1,destory
DA:1,6
DA:16,1
DA:17,1
DA:19,1
DA:22,1
DA:23,1
DA:24,1
DA:25,1
DA:26,1
DA:30,2
DA:31,2
DA:32,2
DA:33,1
DA:34,1
DA:38,4
DA:39,1
DA:43,3
DA:44,3
DA:46,3
DA:47,3
DA:48,3
DA:49,3
DA:50,3
DA:51,12
DA:52,9
DA:53,3
DA:54,3
DA:57,3
DA:58,5
DA:59,5
DA:60,5
DA:61,5
DA:63,3
DA:67,1
DA:68,1
DA:71,1
DA:72,1
DA:73,1
DA:74,1
DA:76,1
DA:77,1
DA:82,1
DA:83,1
DA:84,1
DA:85,1
DA:91,1
DA:95,1
LF:47
LH:47
BRDA:1,1,0,6
BRDA:1,1,1,6
BRDA:1,2,0,6
BRDA:1,2,1,0
BRDA:1,3,0,1
BRDA:1,3,1,1
BRDA:1,4,0,1
BRDA:1,4,1,1
BRDA:25,8,0,1
BRDA:25,8,1,0
BRDA:38,9,0,1
BRDA:38,9,1,3
BRDA:51,10,0,9
BRDA:51,10,1,3
BRDA:53,11,0,3
BRDA:53,11,1,0
BRDA:58,12,0,5
BRDA:58,12,1,5
BRF:18
BRH:15
end_of_record
