TN:
SF:/home/daibing/devspace/open-mccree/packages/mccree-loader-xyp2p/src/index.js
FN:1,(anonymous_1)
FN:1,defineProperties
FN:1,(anonymous_3)
FN:18,isSupported
FN:22,XYVPLoader
FN:29,init
FN:37,loadPartail
FN:50,(anonymous_11)
FN:57,(anonymous_12)
FN:66,load
FN:72,(anonymous_14)
FN:76,(anonymous_15)
FN:81,unload
FN:83,(anonymous_17)
FN:90,destory
FNF:15
FNH:4
FNDA:1,(anonymous_1)
FNDA:2,defineProperties
FNDA:2,(anonymous_3)
FNDA:0,isSupported
FNDA:1,XYVPLoader
FNDA:0,init
FNDA:0,loadPartail
FNDA:0,(anonymous_11)
FNDA:0,(anonymous_12)
FNDA:0,load
FNDA:0,(anonymous_14)
FNDA:0,(anonymous_15)
FNDA:0,unload
FNDA:0,(anonymous_17)
FNDA:0,destory
DA:1,6
DA:16,1
DA:17,1
DA:19,0
DA:22,1
DA:23,0
DA:24,0
DA:25,0
DA:26,0
DA:30,0
DA:31,0
DA:32,0
DA:33,0
DA:34,0
DA:38,0
DA:39,0
DA:43,0
DA:44,0
DA:46,0
DA:47,0
DA:48,0
DA:49,0
DA:50,0
DA:51,0
DA:52,0
DA:53,0
DA:54,0
DA:57,0
DA:58,0
DA:59,0
DA:60,0
DA:61,0
DA:63,0
DA:67,0
DA:68,0
DA:71,0
DA:72,0
DA:73,0
DA:74,0
DA:76,0
DA:77,0
DA:82,0
DA:83,0
DA:84,0
DA:85,0
DA:91,0
DA:95,1
LF:47
LH:5
BRDA:1,1,0,6
BRDA:1,1,1,6
BRDA:1,2,0,6
BRDA:1,2,1,0
BRDA:1,3,0,1
BRDA:1,3,1,1
BRDA:1,4,0,1
BRDA:1,4,1,1
BRDA:25,8,0,0
BRDA:25,8,1,0
BRDA:38,9,0,0
BRDA:38,9,1,0
BRDA:51,10,0,0
BRDA:51,10,1,0
BRDA:53,11,0,0
BRDA:53,11,1,0
BRDA:58,12,0,0
BRDA:58,12,1,0
BRF:18
BRH:7
end_of_record
