{"/home/daibing/devspace/open-mccree/packages/mccree-helper-browser/src/index.js":{"path":"/home/daibing/devspace/open-mccree/packages/mccree-helper-browser/src/index.js","s":{"1":1,"2":1,"3":1,"4":1,"5":1,"6":1,"7":1,"8":1,"9":1,"10":1,"11":1,"12":1,"13":0,"14":1,"15":1,"16":1,"17":1,"18":0,"19":0,"20":1,"21":1,"22":0,"23":1,"24":6,"25":0,"26":6,"27":6,"28":6,"29":6,"30":6,"31":6,"32":6,"33":6,"34":6,"35":6,"36":6,"37":0,"38":6,"39":6,"40":6,"41":6,"42":6,"43":0,"44":0,"45":0,"46":6,"47":0,"48":0,"49":0,"50":0,"51":6,"52":0,"53":0,"54":0,"55":6,"56":0,"57":0,"58":0,"59":6,"60":0,"61":0,"62":0,"63":6,"64":0,"65":0,"66":0,"67":6,"68":0,"69":0,"70":0,"71":6,"72":0,"73":0,"74":0,"75":6,"76":0,"77":0,"78":0,"79":6,"80":6,"81":6,"82":1,"83":1},"b":{"1":[1,1],"2":[1,0],"3":[0,1],"4":[1,0],"5":[0,0],"6":[0,6],"7":[6,6,6,0,0,0,0,0,0,0,0,0,0,0],"8":[6,6,6,6,6,6,6,6,0,0,0,0,0,0,0],"9":[6,6,6,0],"10":[6,0,0],"11":[6,6,0],"12":[6,0],"13":[6,0],"14":[6,0],"15":[0,6],"16":[6,6,6,6,6,6,6,6,6,6],"17":[6,0],"18":[6,6,6,6],"19":[6,0],"20":[6,0,0],"21":[0,6],"22":[6,6],"23":[0,6],"24":[0,6],"25":[6,0],"26":[0,6],"27":[6,0],"28":[0,6],"29":[0,6],"30":[0,6],"31":[6,0],"32":[0,6],"33":[6,0],"34":[0,6],"35":[6,0]},"f":{"1":1,"2":1,"3":1,"4":0,"5":1,"6":0,"7":6},"fnMap":{"1":{"name":"(anonymous_1)","line":0,"loc":{"start":{"line":0,"column":0},"end":{"line":0,"column":0}},"skip":true},"2":{"name":"defineProperties","line":0,"loc":{"start":{"line":0,"column":0},"end":{"line":0,"column":0}},"skip":true},"3":{"name":"(anonymous_3)","line":0,"loc":{"start":{"line":0,"column":0},"end":{"line":0,"column":0}},"skip":true},"4":{"name":"_classCallCheck","line":0,"loc":{"start":{"line":0,"column":0},"end":{"line":0,"column":0}},"skip":true},"5":{"name":"(anonymous_5)","line":0,"loc":{"start":{"line":0,"column":0},"end":{"line":0,"column":0}},"skip":true},"6":{"name":"Browser","line":0,"loc":{"start":{"line":0,"column":0},"end":{"line":0,"column":0}},"skip":true},"7":{"name":"uaMatch","line":4,"loc":{"start":{"line":4,"column":17},"end":{"line":4,"column":21}}}},"statementMap":{"1":{"start":{"line":0,"column":0},"end":{"line":0,"column":0},"skip":true},"2":{"start":{"line":0,"column":0},"end":{"line":0,"column":0},"skip":true},"3":{"start":{"line":0,"column":0},"end":{"line":0,"column":0},"skip":true},"4":{"start":{"line":0,"column":0},"end":{"line":0,"column":0},"skip":true},"5":{"start":{"line":0,"column":0},"end":{"line":0,"column":0},"skip":true},"6":{"start":{"line":0,"column":0},"end":{"line":0,"column":0},"skip":true},"7":{"start":{"line":0,"column":0},"end":{"line":0,"column":0},"skip":true},"8":{"start":{"line":0,"column":0},"end":{"line":0,"column":0},"skip":true},"9":{"start":{"line":0,"column":0},"end":{"line":0,"column":0},"skip":true},"10":{"start":{"line":0,"column":0},"end":{"line":0,"column":0},"skip":true},"11":{"start":{"line":0,"column":0},"end":{"line":0,"column":0},"skip":true},"12":{"start":{"line":0,"column":0},"end":{"line":0,"column":0},"skip":true},"13":{"start":{"line":0,"column":0},"end":{"line":0,"column":0},"skip":true},"14":{"start":{"line":0,"column":0},"end":{"line":0,"column":0},"skip":true},"15":{"start":{"line":0,"column":0},"end":{"line":0,"column":0},"skip":true},"16":{"start":{"line":0,"column":0},"end":{"line":0,"column":0},"skip":true},"17":{"start":{"line":0,"column":0},"end":{"line":0,"column":0},"skip":true},"18":{"start":{"line":0,"column":0},"end":{"line":0,"column":0},"skip":true},"19":{"start":{"line":0,"column":0},"end":{"line":0,"column":0},"skip":true},"20":{"start":{"line":3,"column":6},"end":{"line":null,"column":null}},"21":{"start":{"line":0,"column":0},"end":{"line":0,"column":0},"skip":true},"22":{"start":{"line":0,"column":0},"end":{"line":0,"column":0},"skip":true},"23":{"start":{"line":0,"column":0},"end":{"line":0,"column":0},"skip":true},"24":{"start":{"line":6,"column":8},"end":{"line":null,"column":null}},"25":{"start":{"line":7,"column":11},"end":{"line":null,"column":null}},"26":{"start":{"line":9,"column":9},"end":{"line":null,"column":null}},"27":{"start":{"line":11,"column":8},"end":{"line":null,"column":null}},"28":{"start":{"line":24,"column":8},"end":{"line":null,"column":null}},"29":{"start":{"line":40,"column":8},"end":{"line":null,"column":null}},"30":{"start":{"line":49,"column":8},"end":{"line":null,"column":null}},"31":{"start":{"line":50,"column":14},"end":{"line":null,"column":null}},"32":{"start":{"line":51,"column":14},"end":{"line":null,"column":null}},"33":{"start":{"line":53,"column":14},"end":{"line":null,"column":null}},"34":{"start":{"line":56,"column":8},"end":{"line":null,"column":null}},"35":{"start":{"line":57,"column":14},"end":{"line":null,"column":null}},"36":{"start":{"line":61,"column":8},"end":{"line":null,"column":null}},"37":{"start":{"line":63,"column":14},"end":{"line":null,"column":null}},"38":{"start":{"line":67,"column":8},"end":{"line":null,"column":null}},"39":{"start":{"line":68,"column":14},"end":{"line":null,"column":null}},"40":{"start":{"line":72,"column":8},"end":{"line":null,"column":null}},"41":{"start":{"line":73,"column":14},"end":{"line":null,"column":null}},"42":{"start":{"line":77,"column":8},"end":{"line":null,"column":null}},"43":{"start":{"line":78,"column":10},"end":{"line":null,"column":null}},"44":{"start":{"line":80,"column":14},"end":{"line":null,"column":null}},"45":{"start":{"line":81,"column":14},"end":{"line":null,"column":null}},"46":{"start":{"line":85,"column":8},"end":{"line":null,"column":null}},"47":{"start":{"line":86,"column":13},"end":{"line":null,"column":null}},"48":{"start":{"line":87,"column":10},"end":{"line":null,"column":null}},"49":{"start":{"line":89,"column":14},"end":{"line":null,"column":null}},"50":{"start":{"line":90,"column":14},"end":{"line":null,"column":null}},"51":{"start":{"line":94,"column":8},"end":{"line":null,"column":null}},"52":{"start":{"line":95,"column":10},"end":{"line":null,"column":null}},"53":{"start":{"line":97,"column":14},"end":{"line":null,"column":null}},"54":{"start":{"line":98,"column":14},"end":{"line":null,"column":null}},"55":{"start":{"line":102,"column":8},"end":{"line":null,"column":null}},"56":{"start":{"line":103,"column":10},"end":{"line":null,"column":null}},"57":{"start":{"line":105,"column":14},"end":{"line":null,"column":null}},"58":{"start":{"line":106,"column":14},"end":{"line":null,"column":null}},"59":{"start":{"line":110,"column":8},"end":{"line":null,"column":null}},"60":{"start":{"line":111,"column":10},"end":{"line":null,"column":null}},"61":{"start":{"line":113,"column":14},"end":{"line":null,"column":null}},"62":{"start":{"line":114,"column":14},"end":{"line":null,"column":null}},"63":{"start":{"line":118,"column":8},"end":{"line":null,"column":null}},"64":{"start":{"line":119,"column":10},"end":{"line":null,"column":null}},"65":{"start":{"line":121,"column":14},"end":{"line":null,"column":null}},"66":{"start":{"line":122,"column":14},"end":{"line":null,"column":null}},"67":{"start":{"line":126,"column":8},"end":{"line":null,"column":null}},"68":{"start":{"line":127,"column":10},"end":{"line":null,"column":null}},"69":{"start":{"line":129,"column":14},"end":{"line":null,"column":null}},"70":{"start":{"line":130,"column":14},"end":{"line":null,"column":null}},"71":{"start":{"line":134,"column":8},"end":{"line":null,"column":null}},"72":{"start":{"line":135,"column":10},"end":{"line":null,"column":null}},"73":{"start":{"line":137,"column":14},"end":{"line":null,"column":null}},"74":{"start":{"line":138,"column":14},"end":{"line":null,"column":null}},"75":{"start":{"line":142,"column":8},"end":{"line":null,"column":null}},"76":{"start":{"line":143,"column":10},"end":{"line":null,"column":null}},"77":{"start":{"line":145,"column":14},"end":{"line":null,"column":null}},"78":{"start":{"line":146,"column":14},"end":{"line":null,"column":null}},"79":{"start":{"line":150,"column":12},"end":{"line":null,"column":null}},"80":{"start":{"line":151,"column":12},"end":{"line":null,"column":null}},"81":{"start":{"line":152,"column":11},"end":{"line":null,"column":null}},"82":{"start":{"line":0,"column":0},"end":{"line":0,"column":0},"skip":true},"83":{"start":{"line":156,"column":15},"end":{"line":null,"column":null}}},"branchMap":{"1":{"line":0,"type":"binary-expr","locations":[{"start":{"line":0,"column":0},"end":{"line":0,"column":0},"skip":true},{"start":{"line":0,"column":0},"end":{"line":0,"column":0},"skip":true}]},"2":{"line":0,"type":"if","locations":[{"start":{"line":0,"column":0},"end":{"line":0,"column":0},"skip":true},{"start":{"line":0,"column":0},"end":{"line":0,"column":0},"skip":true}]},"3":{"line":0,"type":"if","locations":[{"start":{"line":0,"column":0},"end":{"line":0,"column":0},"skip":true},{"start":{"line":0,"column":0},"end":{"line":0,"column":0},"skip":true}]},"4":{"line":0,"type":"if","locations":[{"start":{"line":0,"column":0},"end":{"line":0,"column":0},"skip":true},{"start":{"line":0,"column":0},"end":{"line":0,"column":0},"skip":true}]},"5":{"line":0,"type":"if","locations":[{"start":{"line":0,"column":0},"end":{"line":0,"column":0},"skip":true},{"start":{"line":0,"column":0},"end":{"line":0,"column":0},"skip":true}]},"6":{"line":6,"type":"if","locations":[{"start":{"line":6,"column":8},"end":{"line":6,"column":8}},{"start":{"line":6,"column":8},"end":{"line":6,"column":8}}]},"7":{"line":11,"type":"binary-expr","locations":[{"start":{"line":11,"column":16},"end":{"line":12,"column":4}},{"start":{"line":12,"column":4},"end":{"line":11,"column":16}},{"start":{"line":13,"column":4},"end":{"line":11,"column":16}},{"start":{"line":14,"column":4},"end":{"line":11,"column":16}},{"start":{"line":15,"column":4},"end":{"line":11,"column":16}},{"start":{"line":16,"column":4},"end":{"line":11,"column":16}},{"start":{"line":17,"column":4},"end":{"line":11,"column":16}},{"start":{"line":18,"column":4},"end":{"line":11,"column":16}},{"start":{"line":19,"column":4},"end":{"line":11,"column":16}},{"start":{"line":20,"column":4},"end":{"line":20,"column":4}},{"start":{"line":20,"column":34},"end":{"line":11,"column":16}},{"start":{"line":21,"column":4},"end":{"line":21,"column":4}},{"start":{"line":21,"column":36},"end":{"line":11,"column":16}},{"start":{"line":22,"column":4},"end":{"line":11,"column":4}}]},"8":{"line":24,"type":"binary-expr","locations":[{"start":{"line":24,"column":25},"end":{"line":25,"column":4}},{"start":{"line":25,"column":4},"end":{"line":24,"column":25}},{"start":{"line":26,"column":4},"end":{"line":24,"column":25}},{"start":{"line":27,"column":4},"end":{"line":24,"column":25}},{"start":{"line":28,"column":4},"end":{"line":24,"column":25}},{"start":{"line":29,"column":4},"end":{"line":24,"column":25}},{"start":{"line":30,"column":4},"end":{"line":24,"column":25}},{"start":{"line":31,"column":4},"end":{"line":24,"column":25}},{"start":{"line":32,"column":4},"end":{"line":24,"column":25}},{"start":{"line":33,"column":4},"end":{"line":24,"column":25}},{"start":{"line":34,"column":4},"end":{"line":24,"column":25}},{"start":{"line":35,"column":4},"end":{"line":24,"column":25}},{"start":{"line":36,"column":4},"end":{"line":24,"column":25}},{"start":{"line":37,"column":4},"end":{"line":24,"column":25}},{"start":{"line":38,"column":4},"end":{"line":24,"column":4}}]},"9":{"line":42,"type":"binary-expr","locations":[{"start":{"line":42,"column":17},"end":{"line":42,"column":29}},{"start":{"line":42,"column":29},"end":{"line":42,"column":17}},{"start":{"line":42,"column":41},"end":{"line":42,"column":17}},{"start":{"line":42,"column":53},"end":{"line":41,"column":16}}]},"10":{"line":43,"type":"binary-expr","locations":[{"start":{"line":43,"column":17},"end":{"line":43,"column":29}},{"start":{"line":43,"column":29},"end":{"line":43,"column":17}},{"start":{"line":43,"column":41},"end":{"line":41,"column":16}}]},"11":{"line":44,"type":"binary-expr","locations":[{"start":{"line":44,"column":23},"end":{"line":44,"column":35}},{"start":{"line":44,"column":35},"end":{"line":44,"column":23}},{"start":{"line":44,"column":47},"end":{"line":41,"column":16}}]},"12":{"line":45,"type":"binary-expr","locations":[{"start":{"line":45,"column":18},"end":{"line":45,"column":39}},{"start":{"line":45,"column":39},"end":{"line":null,"column":null}}]},"13":{"line":49,"type":"if","locations":[{"start":{"line":49,"column":8},"end":{"line":49,"column":8}},{"start":{"line":49,"column":8},"end":{"line":49,"column":8}}]},"14":{"line":56,"type":"if","locations":[{"start":{"line":56,"column":8},"end":{"line":56,"column":8}},{"start":{"line":56,"column":8},"end":{"line":56,"column":8}}]},"15":{"line":61,"type":"if","locations":[{"start":{"line":61,"column":8},"end":{"line":61,"column":8}},{"start":{"line":61,"column":8},"end":{"line":61,"column":8}}]},"16":{"line":61,"type":"binary-expr","locations":[{"start":{"line":61,"column":8},"end":{"line":61,"column":8}},{"start":{"line":61,"column":27},"end":{"line":61,"column":8}},{"start":{"line":61,"column":41},"end":{"line":61,"column":8}},{"start":{"line":61,"column":63},"end":{"line":61,"column":8}},{"start":{"line":61,"column":79},"end":{"line":61,"column":8}},{"start":{"line":62,"column":6},"end":{"line":61,"column":8}},{"start":{"line":62,"column":22},"end":{"line":61,"column":8}},{"start":{"line":62,"column":40},"end":{"line":61,"column":8}},{"start":{"line":62,"column":60},"end":{"line":61,"column":8}},{"start":{"line":62,"column":76},"end":{"line":61,"column":4}}]},"17":{"line":67,"type":"if","locations":[{"start":{"line":67,"column":8},"end":{"line":67,"column":8}},{"start":{"line":67,"column":8},"end":{"line":67,"column":8}}]},"18":{"line":67,"type":"binary-expr","locations":[{"start":{"line":67,"column":8},"end":{"line":67,"column":8}},{"start":{"line":67,"column":24},"end":{"line":67,"column":8}},{"start":{"line":67,"column":39},"end":{"line":67,"column":8}},{"start":{"line":67,"column":56},"end":{"line":67,"column":4}}]},"19":{"line":72,"type":"if","locations":[{"start":{"line":72,"column":8},"end":{"line":72,"column":8}},{"start":{"line":72,"column":8},"end":{"line":72,"column":8}}]},"20":{"line":72,"type":"binary-expr","locations":[{"start":{"line":72,"column":8},"end":{"line":72,"column":8}},{"start":{"line":72,"column":26},"end":{"line":72,"column":8}},{"start":{"line":72,"column":41},"end":{"line":72,"column":4}}]},"21":{"line":77,"type":"if","locations":[{"start":{"line":77,"column":8},"end":{"line":77,"column":8}},{"start":{"line":77,"column":8},"end":{"line":77,"column":8}}]},"22":{"line":77,"type":"binary-expr","locations":[{"start":{"line":77,"column":8},"end":{"line":77,"column":8}},{"start":{"line":77,"column":22},"end":{"line":77,"column":4}}]},"23":{"line":85,"type":"if","locations":[{"start":{"line":85,"column":8},"end":{"line":85,"column":8}},{"start":{"line":85,"column":8},"end":{"line":85,"column":8}}]},"24":{"line":94,"type":"if","locations":[{"start":{"line":94,"column":8},"end":{"line":94,"column":8}},{"start":{"line":94,"column":8},"end":{"line":94,"column":8}}]},"25":{"line":94,"type":"binary-expr","locations":[{"start":{"line":94,"column":8},"end":{"line":94,"column":8}},{"start":{"line":94,"column":26},"end":{"line":94,"column":4}}]},"26":{"line":102,"type":"if","locations":[{"start":{"line":102,"column":8},"end":{"line":102,"column":8}},{"start":{"line":102,"column":8},"end":{"line":102,"column":8}}]},"27":{"line":102,"type":"binary-expr","locations":[{"start":{"line":102,"column":8},"end":{"line":102,"column":8}},{"start":{"line":102,"column":26},"end":{"line":102,"column":4}}]},"28":{"line":110,"type":"if","locations":[{"start":{"line":110,"column":8},"end":{"line":110,"column":8}},{"start":{"line":110,"column":8},"end":{"line":110,"column":8}}]},"29":{"line":118,"type":"if","locations":[{"start":{"line":118,"column":8},"end":{"line":118,"column":8}},{"start":{"line":118,"column":8},"end":{"line":118,"column":8}}]},"30":{"line":126,"type":"if","locations":[{"start":{"line":126,"column":8},"end":{"line":126,"column":8}},{"start":{"line":126,"column":8},"end":{"line":126,"column":8}}]},"31":{"line":126,"type":"binary-expr","locations":[{"start":{"line":126,"column":8},"end":{"line":126,"column":8}},{"start":{"line":126,"column":26},"end":{"line":126,"column":4}}]},"32":{"line":134,"type":"if","locations":[{"start":{"line":134,"column":8},"end":{"line":134,"column":8}},{"start":{"line":134,"column":8},"end":{"line":134,"column":8}}]},"33":{"line":134,"type":"binary-expr","locations":[{"start":{"line":134,"column":8},"end":{"line":134,"column":8}},{"start":{"line":134,"column":26},"end":{"line":134,"column":4}}]},"34":{"line":142,"type":"if","locations":[{"start":{"line":142,"column":8},"end":{"line":142,"column":8}},{"start":{"line":142,"column":8},"end":{"line":142,"column":8}}]},"35":{"line":142,"type":"binary-expr","locations":[{"start":{"line":142,"column":8},"end":{"line":142,"column":8}},{"start":{"line":142,"column":26},"end":{"line":142,"column":4}}]}}}}