TN:
SF:/home/daibing/devspace/open-mccree/packages/mccree-helper-browser/src/index.js
FN:4,uaMatch
FNF:1
FNH:1
FNDA:4,uaMatch
DA:3,1
DA:6,4
DA:7,0
DA:9,4
DA:11,4
DA:24,4
DA:40,4
DA:49,4
DA:50,4
DA:51,4
DA:53,4
DA:56,4
DA:57,4
DA:61,4
DA:63,0
DA:67,4
DA:68,4
DA:72,4
DA:73,4
DA:77,4
DA:78,0
DA:80,0
DA:81,0
DA:85,4
DA:86,0
DA:87,0
DA:89,0
DA:90,0
DA:94,4
DA:95,0
DA:97,0
DA:98,0
DA:102,4
DA:103,0
DA:105,0
DA:106,0
DA:110,4
DA:111,0
DA:113,0
DA:114,0
DA:118,4
DA:119,0
DA:121,0
DA:122,0
DA:126,4
DA:127,0
DA:129,0
DA:130,0
DA:134,4
DA:135,0
DA:137,0
DA:138,0
DA:142,4
DA:143,0
DA:145,0
DA:146,0
DA:150,4
DA:151,4
DA:152,4
DA:156,1
LF:60
LH:30
BRDA:6,6,0,0
BRDA:6,6,1,4
BRDA:11,7,0,4
BRDA:11,7,1,4
BRDA:11,7,2,4
BRDA:11,7,3,0
BRDA:11,7,4,0
BRDA:11,7,5,0
BRDA:11,7,6,0
BRDA:11,7,7,0
BRDA:11,7,8,0
BRDA:11,7,9,0
BRDA:11,7,10,0
BRDA:11,7,11,0
BRDA:11,7,12,0
BRDA:11,7,13,0
BRDA:24,8,0,4
BRDA:24,8,1,4
BRDA:24,8,2,4
BRDA:24,8,3,4
BRDA:24,8,4,4
BRDA:24,8,5,4
BRDA:24,8,6,4
BRDA:24,8,7,4
BRDA:24,8,8,0
BRDA:24,8,9,0
BRDA:24,8,10,0
BRDA:24,8,11,0
BRDA:24,8,12,0
BRDA:24,8,13,0
BRDA:24,8,14,0
BRDA:42,9,0,4
BRDA:42,9,1,4
BRDA:42,9,2,4
BRDA:42,9,3,0
BRDA:43,10,0,4
BRDA:43,10,1,0
BRDA:43,10,2,0
BRDA:44,11,0,4
BRDA:44,11,1,4
BRDA:44,11,2,0
BRDA:45,12,0,4
BRDA:45,12,1,0
BRDA:49,13,0,4
BRDA:49,13,1,0
BRDA:56,14,0,4
BRDA:56,14,1,0
BRDA:61,15,0,0
BRDA:61,15,1,4
BRDA:61,16,0,4
BRDA:61,16,1,4
BRDA:61,16,2,4
BRDA:61,16,3,4
BRDA:61,16,4,4
BRDA:61,16,5,4
BRDA:61,16,6,4
BRDA:61,16,7,4
BRDA:61,16,8,4
BRDA:61,16,9,4
BRDA:67,17,0,4
BRDA:67,17,1,0
BRDA:67,18,0,4
BRDA:67,18,1,4
BRDA:67,18,2,4
BRDA:67,18,3,4
BRDA:72,19,0,4
BRDA:72,19,1,0
BRDA:72,20,0,4
BRDA:72,20,1,0
BRDA:72,20,2,0
BRDA:77,21,0,0
BRDA:77,21,1,4
BRDA:77,22,0,4
BRDA:77,22,1,4
BRDA:85,23,0,0
BRDA:85,23,1,4
BRDA:94,24,0,0
BRDA:94,24,1,4
BRDA:94,25,0,4
BRDA:94,25,1,0
BRDA:102,26,0,0
BRDA:102,26,1,4
BRDA:102,27,0,4
BRDA:102,27,1,0
BRDA:110,28,0,0
BRDA:110,28,1,4
BRDA:118,29,0,0
BRDA:118,29,1,4
BRDA:126,30,0,0
BRDA:126,30,1,4
BRDA:126,31,0,4
BRDA:126,31,1,0
BRDA:134,32,0,0
BRDA:134,32,1,4
BRDA:134,33,0,4
BRDA:134,33,1,0
BRDA:142,34,0,0
BRDA:142,34,1,4
BRDA:142,35,0,4
BRDA:142,35,1,0
BRF:100
BRH:55
end_of_record
