{"/home/jiangyuqing/devspace/mccree/packages/mccree-core/src/events.js":{"path":"/home/jiangyuqing/devspace/mccree/packages/mccree-core/src/events.js","s":{"1":1,"2":1,"3":1,"4":1,"5":1,"6":1,"7":1},"b":{},"f":{},"fnMap":{},"statementMap":{"1":{"start":{"line":0,"column":0},"end":{"line":0,"column":0},"skip":true},"2":{"start":{"line":3,"column":0},"end":{"line":3,"column":0}},"3":{"start":{"line":33,"column":0},"end":{"line":33,"column":0}},"4":{"start":{"line":40,"column":0},"end":{"line":40,"column":0}},"5":{"start":{"line":50,"column":0},"end":{"line":50,"column":0}},"6":{"start":{"line":77,"column":0},"end":{"line":77,"column":0}},"7":{"start":{"line":0,"column":0},"end":{"line":0,"column":0},"skip":true}},"branchMap":{}},"/home/jiangyuqing/devspace/mccree/packages/mccree-core/src/index.js":{"path":"/home/jiangyuqing/devspace/mccree/packages/mccree-core/src/index.js","s":{"1":1,"2":1,"3":1,"4":1,"5":9,"6":9,"7":9,"8":9,"9":9,"10":9,"11":1,"12":1,"13":1,"14":1,"15":0,"16":1,"17":1,"18":1,"19":1,"20":1,"21":1,"22":1,"23":1,"24":1,"25":1,"26":1,"27":1,"28":1,"29":1,"30":6,"31":1,"32":14,"33":0,"34":1,"35":1,"36":14,"37":14,"38":13,"39":14,"40":14,"41":14,"42":14,"43":14,"44":14,"45":14,"46":14,"47":14,"48":14,"49":14,"50":14,"51":14,"52":14,"53":14,"54":14,"55":14,"56":14,"57":1,"58":3,"59":3,"60":3,"61":3,"62":3,"63":3,"64":3,"65":3,"66":14,"67":14,"68":17,"69":1,"70":1,"71":1,"72":5,"73":5,"74":5,"75":2,"76":2,"77":1,"78":1,"79":3,"80":17,"81":1,"82":1,"83":16,"84":16,"85":14,"86":14,"87":14,"88":3,"89":2,"90":3,"91":2,"92":2,"93":1,"94":1,"95":14,"96":3,"97":2,"98":1,"99":14,"100":3,"101":1,"102":3,"103":1,"104":1,"105":2,"106":1,"107":1,"108":14,"109":14,"110":14,"111":14,"112":14,"113":1,"114":1,"115":13,"116":14,"117":0,"118":0,"119":14,"120":14,"121":0,"122":0,"123":14,"124":14,"125":14,"126":14,"127":1,"128":1},"b":{"1":[9,9],"2":[9,0],"3":[1,0],"4":[0,1],"5":[5,1],"6":[6,6],"7":[0,14],"8":[13,1],"9":[1,13],"10":[14,1,14],"11":[14,14],"12":[14,14],"13":[2,3],"14":[1,16],"15":[17,2],"16":[2,1],"17":[2,1],"18":[1,2],"19":[1,2],"20":[1,1],"21":[1,13],"22":[0,14],"23":[0,14],"24":[14,1],"25":[14,0],"26":[14,0]},"f":{"1":1,"2":1,"3":1,"4":6,"5":14,"6":1,"7":14,"8":3,"9":3,"10":14,"11":17,"12":1,"13":5,"14":5,"15":1,"16":1,"17":17,"18":14,"19":3,"20":3,"21":3,"22":1,"23":14,"24":14},"fnMap":{"1":{"name":"(anonymous_1)","line":7,"loc":{"start":{"line":0,"column":0},"end":{"line":0,"column":0},"skip":true},"skip":true},"2":{"name":"defineProperties","line":7,"loc":{"start":{"line":0,"column":0},"end":{"line":0,"column":0},"skip":true},"skip":true},"3":{"name":"(anonymous_3)","line":7,"loc":{"start":{"line":0,"column":0},"end":{"line":0,"column":0},"skip":true},"skip":true},"4":{"name":"_interopRequireDefault","line":33,"loc":{"start":{"line":0,"column":0},"end":{"line":0,"column":0},"skip":true},"skip":true},"5":{"name":"_classCallCheck","line":35,"loc":{"start":{"line":0,"column":0},"end":{"line":0,"column":0},"skip":true},"skip":true},"6":{"name":"(anonymous_6)","line":40,"loc":{"start":{"line":0,"column":0},"end":{"line":0,"column":0},"skip":true},"skip":true},"7":{"name":"Mccree","line":47,"loc":{"start":{"line":24,"column":2},"end":{"line":24,"column":40}}},"8":{"name":"destroy","line":91,"loc":{"start":{"line":0,"column":0},"end":{"line":0,"column":0},"skip":true},"skip":true},"9":{"name":"(anonymous_9)","line":97,"loc":{"start":{"line":69,"column":30},"end":{"line":69,"column":37}}},"10":{"name":"attachMedia","line":111,"loc":{"start":{"line":0,"column":0},"end":{"line":0,"column":0},"skip":true},"skip":true},"11":{"name":"detachMedia","line":122,"loc":{"start":{"line":0,"column":0},"end":{"line":0,"column":0},"skip":true},"skip":true},"12":{"name":"load","line":134,"loc":{"start":{"line":0,"column":0},"end":{"line":0,"column":0},"skip":true},"skip":true},"13":{"name":"unload","line":146,"loc":{"start":{"line":0,"column":0},"end":{"line":0,"column":0},"skip":true},"skip":true},"14":{"name":"(anonymous_14)","line":149,"loc":{"start":{"line":107,"column":23},"end":{"line":107,"column":44}}},"15":{"name":"(anonymous_15)","line":152,"loc":{"start":{"line":110,"column":34},"end":{"line":110,"column":41}}},"16":{"name":"(anonymous_16)","line":154,"loc":{"start":{"line":112,"column":17},"end":{"line":112,"column":24}}},"17":{"name":"_initLogger","line":171,"loc":{"start":{"line":0,"column":0},"end":{"line":0,"column":0},"skip":true},"skip":true},"18":{"name":"initObserver","line":188,"loc":{"start":{"line":0,"column":0},"end":{"line":0,"column":0},"skip":true},"skip":true},"19":{"name":"trigger","line":193,"loc":{"start":{"line":145,"column":28},"end":{"line":145,"column":61}}},"20":{"name":"on","line":209,"loc":{"start":{"line":153,"column":23},"end":{"line":153,"column":52}}},"21":{"name":"off","line":217,"loc":{"start":{"line":161,"column":24},"end":{"line":161,"column":48}}},"22":{"name":"cb","line":219,"loc":{"start":{"line":163,"column":13},"end":{"line":163,"column":19}}},"23":{"name":"_createModules","line":246,"loc":{"start":{"line":0,"column":0},"end":{"line":0,"column":0},"skip":true},"skip":true},"24":{"name":"_initModules","line":275,"loc":{"start":{"line":0,"column":0},"end":{"line":0,"column":0},"skip":true},"skip":true}},"statementMap":{"1":{"start":{"line":0,"column":0},"end":{"line":0,"column":0},"skip":true},"2":{"start":{"line":0,"column":0},"end":{"line":0,"column":0},"skip":true},"3":{"start":{"line":0,"column":0},"end":{"line":0,"column":0},"skip":true},"4":{"start":{"line":0,"column":0},"end":{"line":0,"column":0},"skip":true},"5":{"start":{"line":0,"column":0},"end":{"line":0,"column":0},"skip":true},"6":{"start":{"line":0,"column":0},"end":{"line":0,"column":0},"skip":true},"7":{"start":{"line":0,"column":0},"end":{"line":0,"column":0},"skip":true},"8":{"start":{"line":0,"column":0},"end":{"line":0,"column":0},"skip":true},"9":{"start":{"line":0,"column":0},"end":{"line":0,"column":0},"skip":true},"10":{"start":{"line":0,"column":0},"end":{"line":0,"column":0},"skip":true},"11":{"start":{"line":0,"column":0},"end":{"line":0,"column":0},"skip":true},"12":{"start":{"line":0,"column":0},"end":{"line":0,"column":0},"skip":true},"13":{"start":{"line":0,"column":0},"end":{"line":0,"column":0},"skip":true},"14":{"start":{"line":0,"column":0},"end":{"line":0,"column":0},"skip":true},"15":{"start":{"line":0,"column":0},"end":{"line":0,"column":0},"skip":true},"16":{"start":{"line":0,"column":0},"end":{"line":0,"column":0},"skip":true},"17":{"start":{"line":2,"column":0},"end":{"line":2,"column":0}},"18":{"start":{"line":0,"column":0},"end":{"line":0,"column":0},"skip":true},"19":{"start":{"line":4,"column":0},"end":{"line":4,"column":0}},"20":{"start":{"line":0,"column":0},"end":{"line":0,"column":0},"skip":true},"21":{"start":{"line":6,"column":0},"end":{"line":6,"column":0}},"22":{"start":{"line":0,"column":0},"end":{"line":0,"column":0},"skip":true},"23":{"start":{"line":8,"column":0},"end":{"line":8,"column":0}},"24":{"start":{"line":0,"column":0},"end":{"line":0,"column":0},"skip":true},"25":{"start":{"line":10,"column":0},"end":{"line":10,"column":0}},"26":{"start":{"line":0,"column":0},"end":{"line":0,"column":0},"skip":true},"27":{"start":{"line":12,"column":0},"end":{"line":12,"column":0}},"28":{"start":{"line":0,"column":0},"end":{"line":0,"column":0},"skip":true},"29":{"start":{"line":0,"column":0},"end":{"line":0,"column":0},"skip":true},"30":{"start":{"line":0,"column":0},"end":{"line":0,"column":0},"skip":true},"31":{"start":{"line":0,"column":0},"end":{"line":0,"column":0},"skip":true},"32":{"start":{"line":0,"column":0},"end":{"line":0,"column":0},"skip":true},"33":{"start":{"line":0,"column":0},"end":{"line":0,"column":0},"skip":true},"34":{"start":{"line":0,"column":0},"end":{"line":0,"column":0},"skip":true},"35":{"start":{"line":24,"column":2},"end":{"line":62,"column":3}},"36":{"start":{"line":24,"column":40},"end":{"line":24,"column":40}},"37":{"start":{"line":25,"column":4},"end":{"line":27,"column":5}},"38":{"start":{"line":26,"column":6},"end":{"line":26,"column":6}},"39":{"start":{"line":29,"column":4},"end":{"line":29,"column":4}},"40":{"start":{"line":31,"column":4},"end":{"line":31,"column":4}},"41":{"start":{"line":33,"column":4},"end":{"line":33,"column":4}},"42":{"start":{"line":35,"column":4},"end":{"line":35,"column":4}},"43":{"start":{"line":37,"column":4},"end":{"line":37,"column":4}},"44":{"start":{"line":39,"column":4},"end":{"line":39,"column":4}},"45":{"start":{"line":41,"column":4},"end":{"line":41,"column":4}},"46":{"start":{"line":43,"column":4},"end":{"line":43,"column":4}},"47":{"start":{"line":45,"column":4},"end":{"line":45,"column":4}},"48":{"start":{"line":47,"column":4},"end":{"line":47,"column":4}},"49":{"start":{"line":49,"column":4},"end":{"line":49,"column":4}},"50":{"start":{"line":52,"column":4},"end":{"line":52,"column":4}},"51":{"start":{"line":53,"column":4},"end":{"line":53,"column":4}},"52":{"start":{"line":54,"column":4},"end":{"line":54,"column":4}},"53":{"start":{"line":56,"column":4},"end":{"line":56,"column":4}},"54":{"start":{"line":57,"column":4},"end":{"line":57,"column":4}},"55":{"start":{"line":59,"column":4},"end":{"line":59,"column":4}},"56":{"start":{"line":61,"column":4},"end":{"line":61,"column":4}},"57":{"start":{"line":0,"column":0},"end":{"line":0,"column":0},"skip":true},"58":{"start":{"line":65,"column":12},"end":{"line":65,"column":12}},"59":{"start":{"line":67,"column":4},"end":{"line":67,"column":4}},"60":{"start":{"line":68,"column":4},"end":{"line":68,"column":4}},"61":{"start":{"line":69,"column":4},"end":{"line":69,"column":4}},"62":{"start":{"line":70,"column":6},"end":{"line":70,"column":6}},"63":{"start":{"line":71,"column":6},"end":{"line":71,"column":6}},"64":{"start":{"line":72,"column":6},"end":{"line":72,"column":6}},"65":{"start":{"line":73,"column":6},"end":{"line":73,"column":6}},"66":{"start":{"line":81,"column":4},"end":{"line":81,"column":4}},"67":{"start":{"line":82,"column":4},"end":{"line":82,"column":4}},"68":{"start":{"line":89,"column":4},"end":{"line":89,"column":4}},"69":{"start":{"line":98,"column":4},"end":{"line":98,"column":4}},"70":{"start":{"line":99,"column":4},"end":{"line":99,"column":4}},"71":{"start":{"line":100,"column":4},"end":{"line":100,"column":4}},"72":{"start":{"line":106,"column":11},"end":{"line":106,"column":11}},"73":{"start":{"line":107,"column":4},"end":{"line":107,"column":4}},"74":{"start":{"line":108,"column":6},"end":{"line":117,"column":7}},"75":{"start":{"line":109,"column":8},"end":{"line":109,"column":8}},"76":{"start":{"line":110,"column":8},"end":{"line":110,"column":8}},"77":{"start":{"line":111,"column":10},"end":{"line":111,"column":10}},"78":{"start":{"line":113,"column":10},"end":{"line":113,"column":10}},"79":{"start":{"line":116,"column":8},"end":{"line":116,"column":8}},"80":{"start":{"line":128,"column":4},"end":{"line":134,"column":5}},"81":{"start":{"line":129,"column":6},"end":{"line":129,"column":6}},"82":{"start":{"line":130,"column":6},"end":{"line":130,"column":6}},"83":{"start":{"line":132,"column":6},"end":{"line":132,"column":6}},"84":{"start":{"line":133,"column":6},"end":{"line":133,"column":6}},"85":{"start":{"line":142,"column":4},"end":{"line":142,"column":4}},"86":{"start":{"line":143,"column":4},"end":{"line":143,"column":4}},"87":{"start":{"line":145,"column":4},"end":{"line":145,"column":4}},"88":{"start":{"line":145,"column":61},"end":{"line":145,"column":61}},"89":{"start":{"line":145,"column":55},"end":{"line":145,"column":61}},"90":{"start":{"line":146,"column":6},"end":{"line":150,"column":7}},"91":{"start":{"line":146,"column":28},"end":{"line":146,"column":28}},"92":{"start":{"line":147,"column":8},"end":{"line":147,"column":8}},"93":{"start":{"line":148,"column":13},"end":{"line":148,"column":13}},"94":{"start":{"line":149,"column":8},"end":{"line":149,"column":8}},"95":{"start":{"line":153,"column":4},"end":{"line":153,"column":4}},"96":{"start":{"line":154,"column":6},"end":{"line":158,"column":7}},"97":{"start":{"line":155,"column":8},"end":{"line":155,"column":8}},"98":{"start":{"line":157,"column":8},"end":{"line":157,"column":8}},"99":{"start":{"line":161,"column":4},"end":{"line":161,"column":4}},"100":{"start":{"line":162,"column":6},"end":{"line":164,"column":7}},"101":{"start":{"line":163,"column":8},"end":{"line":163,"column":8}},"102":{"start":{"line":165,"column":6},"end":{"line":172,"column":7}},"103":{"start":{"line":166,"column":8},"end":{"line":166,"column":8}},"104":{"start":{"line":167,"column":8},"end":{"line":167,"column":8}},"105":{"start":{"line":168,"column":13},"end":{"line":172,"column":7}},"106":{"start":{"line":169,"column":8},"end":{"line":169,"column":8}},"107":{"start":{"line":171,"column":8},"end":{"line":171,"column":8}},"108":{"start":{"line":175,"column":4},"end":{"line":175,"column":4}},"109":{"start":{"line":177,"column":4},"end":{"line":177,"column":4}},"110":{"start":{"line":178,"column":4},"end":{"line":178,"column":4}},"111":{"start":{"line":179,"column":4},"end":{"line":179,"column":4}},"112":{"start":{"line":188,"column":4},"end":{"line":193,"column":5}},"113":{"start":{"line":189,"column":6},"end":{"line":189,"column":6}},"114":{"start":{"line":190,"column":6},"end":{"line":190,"column":6}},"115":{"start":{"line":192,"column":6},"end":{"line":192,"column":6}},"116":{"start":{"line":195,"column":4},"end":{"line":200,"column":5}},"117":{"start":{"line":196,"column":6},"end":{"line":196,"column":6}},"118":{"start":{"line":197,"column":6},"end":{"line":197,"column":6}},"119":{"start":{"line":199,"column":6},"end":{"line":199,"column":6}},"120":{"start":{"line":202,"column":4},"end":{"line":207,"column":5}},"121":{"start":{"line":203,"column":6},"end":{"line":203,"column":6}},"122":{"start":{"line":204,"column":6},"end":{"line":204,"column":6}},"123":{"start":{"line":206,"column":6},"end":{"line":206,"column":6}},"124":{"start":{"line":214,"column":4},"end":{"line":214,"column":4}},"125":{"start":{"line":215,"column":4},"end":{"line":215,"column":4}},"126":{"start":{"line":216,"column":4},"end":{"line":216,"column":4}},"127":{"start":{"line":0,"column":0},"end":{"line":0,"column":0},"skip":true},"128":{"start":{"line":0,"column":0},"end":{"line":0,"column":0},"skip":true}},"branchMap":{"1":{"line":7,"type":"binary-expr","locations":[{"start":{"line":0,"column":0},"end":{"line":0,"column":0},"skip":true},{"start":{"line":0,"column":0},"end":{"line":0,"column":0},"skip":true}]},"2":{"line":7,"type":"if","locations":[{"start":{"line":0,"column":0},"end":{"line":0,"column":0},"skip":true},{"start":{"line":0,"column":0},"end":{"line":0,"column":0},"skip":true}]},"3":{"line":7,"type":"if","locations":[{"start":{"line":0,"column":0},"end":{"line":0,"column":0},"skip":true},{"start":{"line":0,"column":0},"end":{"line":0,"column":0},"skip":true}]},"4":{"line":7,"type":"if","locations":[{"start":{"line":0,"column":0},"end":{"line":0,"column":0},"skip":true},{"start":{"line":0,"column":0},"end":{"line":0,"column":0},"skip":true}]},"5":{"line":33,"type":"cond-expr","locations":[{"start":{"line":0,"column":0},"end":{"line":0,"column":0},"skip":true},{"start":{"line":0,"column":0},"end":{"line":0,"column":0},"skip":true}]},"6":{"line":33,"type":"binary-expr","locations":[{"start":{"line":0,"column":0},"end":{"line":0,"column":0},"skip":true},{"start":{"line":0,"column":0},"end":{"line":0,"column":0},"skip":true}]},"7":{"line":35,"type":"if","locations":[{"start":{"line":0,"column":0},"end":{"line":0,"column":0},"skip":true},{"start":{"line":0,"column":0},"end":{"line":0,"column":0},"skip":true}]},"8":{"line":50,"type":"if","locations":[{"start":{"line":25,"column":4},"end":{"line":25,"column":4}},{"start":{"line":25,"column":4},"end":{"line":25,"column":4}}]},"9":{"line":56,"type":"cond-expr","locations":[{"start":{"line":31,"column":27},"end":{"line":31,"column":18}},{"start":{"line":31,"column":36},"end":{"line":31,"column":4}}]},"10":{"line":58,"type":"binary-expr","locations":[{"start":{"line":33,"column":17},"end":{"line":33,"column":17}},{"start":{"line":33,"column":27},"end":{"line":33,"column":17}},{"start":{"line":33,"column":43},"end":{"line":33,"column":4}}]},"11":{"line":60,"type":"binary-expr","locations":[{"start":{"line":35,"column":19},"end":{"line":35,"column":19}},{"start":{"line":35,"column":30},"end":{"line":35,"column":4}}]},"12":{"line":70,"type":"binary-expr","locations":[{"start":{"line":45,"column":32},"end":{"line":45,"column":32}},{"start":{"line":45,"column":59},"end":{"line":45,"column":4}}]},"13":{"line":150,"type":"if","locations":[{"start":{"line":108,"column":6},"end":{"line":108,"column":6}},{"start":{"line":108,"column":6},"end":{"line":108,"column":6}}]},"14":{"line":173,"type":"if","locations":[{"start":{"line":128,"column":4},"end":{"line":128,"column":4}},{"start":{"line":128,"column":4},"end":{"line":128,"column":4}}]},"15":{"line":173,"type":"binary-expr","locations":[{"start":{"line":128,"column":8},"end":{"line":128,"column":8}},{"start":{"line":128,"column":18},"end":{"line":128,"column":4}}]},"16":{"line":198,"type":"if","locations":[{"start":{"line":146,"column":6},"end":{"line":146,"column":6}},{"start":{"line":146,"column":6},"end":{"line":146,"column":6}}]},"17":{"line":210,"type":"if","locations":[{"start":{"line":154,"column":6},"end":{"line":154,"column":6}},{"start":{"line":154,"column":6},"end":{"line":154,"column":6}}]},"18":{"line":218,"type":"if","locations":[{"start":{"line":162,"column":6},"end":{"line":162,"column":6}},{"start":{"line":162,"column":6},"end":{"line":162,"column":6}}]},"19":{"line":221,"type":"if","locations":[{"start":{"line":165,"column":6},"end":{"line":165,"column":6}},{"start":{"line":165,"column":6},"end":{"line":165,"column":6}}]},"20":{"line":224,"type":"if","locations":[{"start":{"line":168,"column":13},"end":{"line":168,"column":13}},{"start":{"line":168,"column":13},"end":{"line":168,"column":13}}]},"21":{"line":247,"type":"if","locations":[{"start":{"line":188,"column":4},"end":{"line":188,"column":4}},{"start":{"line":188,"column":4},"end":{"line":188,"column":4}}]},"22":{"line":254,"type":"if","locations":[{"start":{"line":195,"column":4},"end":{"line":195,"column":4}},{"start":{"line":195,"column":4},"end":{"line":195,"column":4}}]},"23":{"line":261,"type":"if","locations":[{"start":{"line":202,"column":4},"end":{"line":202,"column":4}},{"start":{"line":202,"column":4},"end":{"line":202,"column":4}}]},"24":{"line":276,"type":"binary-expr","locations":[{"start":{"line":214,"column":4},"end":{"line":214,"column":4}},{"start":{"line":214,"column":19},"end":{"line":214,"column":4}}]},"25":{"line":277,"type":"binary-expr","locations":[{"start":{"line":215,"column":4},"end":{"line":215,"column":4}},{"start":{"line":215,"column":18},"end":{"line":215,"column":4}}]},"26":{"line":278,"type":"binary-expr","locations":[{"start":{"line":216,"column":4},"end":{"line":216,"column":4}},{"start":{"line":216,"column":18},"end":{"line":216,"column":4}}]}}},"/home/jiangyuqing/devspace/mccree/packages/mccree-core/src/media.js":{"path":"/home/jiangyuqing/devspace/mccree/packages/mccree-core/src/media.js","s":{"1":1,"2":1,"3":1,"4":1,"5":1,"6":4,"7":4,"8":4,"9":4,"10":4,"11":4,"12":1,"13":1,"14":1,"15":1,"16":0,"17":1,"18":1,"19":28,"20":0,"21":1,"22":1,"23":28,"24":28,"25":28,"26":28,"27":28,"28":28,"29":28,"30":28,"31":1,"32":3,"33":3,"34":3,"35":3,"36":1,"37":3,"38":3,"39":1,"40":1},"b":{"1":[4,4],"2":[4,0],"3":[1,0],"4":[0,1],"5":[0,28],"6":[28,26],"7":[28,19]},"f":{"1":1,"2":1,"3":1,"4":28,"5":1,"6":28,"7":3,"8":3,"9":1,"10":3},"fnMap":{"1":{"name":"(anonymous_1)","line":11,"loc":{"start":{"line":0,"column":0},"end":{"line":0,"column":0},"skip":true},"skip":true},"2":{"name":"defineProperties","line":11,"loc":{"start":{"line":0,"column":0},"end":{"line":0,"column":0},"skip":true},"skip":true},"3":{"name":"(anonymous_3)","line":11,"loc":{"start":{"line":0,"column":0},"end":{"line":0,"column":0},"skip":true},"skip":true},"4":{"name":"_classCallCheck","line":13,"loc":{"start":{"line":0,"column":0},"end":{"line":0,"column":0},"skip":true},"skip":true},"5":{"name":"(anonymous_5)","line":15,"loc":{"start":{"line":0,"column":0},"end":{"line":0,"column":0},"skip":true},"skip":true},"6":{"name":"Media","line":16,"loc":{"start":{"line":8,"column":2},"end":{"line":8,"column":30}}},"7":{"name":"initTracks","line":34,"loc":{"start":{"line":0,"column":0},"end":{"line":0,"column":0},"skip":true},"skip":true},"8":{"name":"resetTracks","line":41,"loc":{"start":{"line":0,"column":0},"end":{"line":0,"column":0},"skip":true},"skip":true},"9":{"name":"getTrack","line":48,"loc":{"start":{"line":0,"column":0},"end":{"line":0,"column":0},"skip":true},"skip":true},"10":{"name":"distoryTracks","line":53,"loc":{"start":{"line":0,"column":0},"end":{"line":0,"column":0},"skip":true},"skip":true}},"statementMap":{"1":{"start":{"line":5,"column":0},"end":{"line":5,"column":0}},"2":{"start":{"line":0,"column":0},"end":{"line":0,"column":0},"skip":true},"3":{"start":{"line":0,"column":0},"end":{"line":0,"column":0},"skip":true},"4":{"start":{"line":0,"column":0},"end":{"line":0,"column":0},"skip":true},"5":{"start":{"line":0,"column":0},"end":{"line":0,"column":0},"skip":true},"6":{"start":{"line":0,"column":0},"end":{"line":0,"column":0},"skip":true},"7":{"start":{"line":0,"column":0},"end":{"line":0,"column":0},"skip":true},"8":{"start":{"line":0,"column":0},"end":{"line":0,"column":0},"skip":true},"9":{"start":{"line":0,"column":0},"end":{"line":0,"column":0},"skip":true},"10":{"start":{"line":0,"column":0},"end":{"line":0,"column":0},"skip":true},"11":{"start":{"line":0,"column":0},"end":{"line":0,"column":0},"skip":true},"12":{"start":{"line":0,"column":0},"end":{"line":0,"column":0},"skip":true},"13":{"start":{"line":0,"column":0},"end":{"line":0,"column":0},"skip":true},"14":{"start":{"line":0,"column":0},"end":{"line":0,"column":0},"skip":true},"15":{"start":{"line":0,"column":0},"end":{"line":0,"column":0},"skip":true},"16":{"start":{"line":0,"column":0},"end":{"line":0,"column":0},"skip":true},"17":{"start":{"line":0,"column":0},"end":{"line":0,"column":0},"skip":true},"18":{"start":{"line":0,"column":0},"end":{"line":0,"column":0},"skip":true},"19":{"start":{"line":0,"column":0},"end":{"line":0,"column":0},"skip":true},"20":{"start":{"line":0,"column":0},"end":{"line":0,"column":0},"skip":true},"21":{"start":{"line":0,"column":0},"end":{"line":0,"column":0},"skip":true},"22":{"start":{"line":8,"column":2},"end":{"line":20,"column":3}},"23":{"start":{"line":8,"column":30},"end":{"line":8,"column":30}},"24":{"start":{"line":9,"column":4},"end":{"line":9,"column":4}},"25":{"start":{"line":11,"column":4},"end":{"line":11,"column":4}},"26":{"start":{"line":13,"column":4},"end":{"line":13,"column":4}},"27":{"start":{"line":15,"column":4},"end":{"line":15,"column":4}},"28":{"start":{"line":17,"column":4},"end":{"line":17,"column":4}},"29":{"start":{"line":18,"column":4},"end":{"line":18,"column":4}},"30":{"start":{"line":19,"column":4},"end":{"line":19,"column":4}},"31":{"start":{"line":0,"column":0},"end":{"line":0,"column":0},"skip":true},"32":{"start":{"line":24,"column":4},"end":{"line":26,"column":5}},"33":{"start":{"line":25,"column":6},"end":{"line":25,"column":6}},"34":{"start":{"line":30,"column":4},"end":{"line":32,"column":5}},"35":{"start":{"line":31,"column":6},"end":{"line":31,"column":6}},"36":{"start":{"line":36,"column":4},"end":{"line":36,"column":4}},"37":{"start":{"line":40,"column":4},"end":{"line":42,"column":5}},"38":{"start":{"line":41,"column":6},"end":{"line":41,"column":6}},"39":{"start":{"line":0,"column":0},"end":{"line":0,"column":0},"skip":true},"40":{"start":{"line":0,"column":0},"end":{"line":0,"column":0},"skip":true}},"branchMap":{"1":{"line":11,"type":"binary-expr","locations":[{"start":{"line":0,"column":0},"end":{"line":0,"column":0},"skip":true},{"start":{"line":0,"column":0},"end":{"line":0,"column":0},"skip":true}]},"2":{"line":11,"type":"if","locations":[{"start":{"line":0,"column":0},"end":{"line":0,"column":0},"skip":true},{"start":{"line":0,"column":0},"end":{"line":0,"column":0},"skip":true}]},"3":{"line":11,"type":"if","locations":[{"start":{"line":0,"column":0},"end":{"line":0,"column":0},"skip":true},{"start":{"line":0,"column":0},"end":{"line":0,"column":0},"skip":true}]},"4":{"line":11,"type":"if","locations":[{"start":{"line":0,"column":0},"end":{"line":0,"column":0},"skip":true},{"start":{"line":0,"column":0},"end":{"line":0,"column":0},"skip":true}]},"5":{"line":13,"type":"if","locations":[{"start":{"line":0,"column":0},"end":{"line":0,"column":0},"skip":true},{"start":{"line":0,"column":0},"end":{"line":0,"column":0},"skip":true}]},"6":{"line":21,"type":"binary-expr","locations":[{"start":{"line":11,"column":18},"end":{"line":11,"column":18}},{"start":{"line":11,"column":28},"end":{"line":11,"column":4}}]},"7":{"line":25,"type":"binary-expr","locations":[{"start":{"line":15,"column":18},"end":{"line":15,"column":18}},{"start":{"line":15,"column":28},"end":{"line":15,"column":4}}]}}},"/home/jiangyuqing/devspace/mccree/packages/mccree-core/src/media-info.js":{"path":"/home/jiangyuqing/devspace/mccree/packages/mccree-core/src/media-info.js","s":{"1":1,"2":1,"3":1,"4":0,"5":1,"6":1,"7":1,"8":1,"9":1,"10":1,"11":1,"12":1,"13":1,"14":1,"15":1,"16":1,"17":1,"18":1,"19":1,"20":1,"21":1,"22":1,"23":1},"b":{"1":[0,1]},"f":{"1":1,"2":1},"fnMap":{"1":{"name":"_classCallCheck","line":7,"loc":{"start":{"line":0,"column":0},"end":{"line":0,"column":0},"skip":true},"skip":true},"2":{"name":"MediaInfo","line":9,"loc":{"start":{"line":4,"column":2},"end":{"line":4,"column":31}}}},"statementMap":{"1":{"start":{"line":0,"column":0},"end":{"line":0,"column":0},"skip":true},"2":{"start":{"line":0,"column":0},"end":{"line":0,"column":0},"skip":true},"3":{"start":{"line":0,"column":0},"end":{"line":0,"column":0},"skip":true},"4":{"start":{"line":0,"column":0},"end":{"line":0,"column":0},"skip":true},"5":{"start":{"line":0,"column":0},"end":{"line":0,"column":0},"skip":true},"6":{"start":{"line":4,"column":31},"end":{"line":4,"column":31}},"7":{"start":{"line":5,"column":4},"end":{"line":5,"column":4}},"8":{"start":{"line":6,"column":4},"end":{"line":6,"column":4}},"9":{"start":{"line":7,"column":4},"end":{"line":7,"column":4}},"10":{"start":{"line":9,"column":4},"end":{"line":9,"column":4}},"11":{"start":{"line":10,"column":4},"end":{"line":10,"column":4}},"12":{"start":{"line":11,"column":4},"end":{"line":11,"column":4}},"13":{"start":{"line":12,"column":4},"end":{"line":12,"column":4}},"14":{"start":{"line":14,"column":4},"end":{"line":14,"column":4}},"15":{"start":{"line":15,"column":4},"end":{"line":15,"column":4}},"16":{"start":{"line":16,"column":4},"end":{"line":16,"column":4}},"17":{"start":{"line":17,"column":4},"end":{"line":17,"column":4}},"18":{"start":{"line":18,"column":4},"end":{"line":18,"column":4}},"19":{"start":{"line":19,"column":4},"end":{"line":19,"column":4}},"20":{"start":{"line":20,"column":4},"end":{"line":20,"column":4}},"21":{"start":{"line":21,"column":4},"end":{"line":21,"column":4}},"22":{"start":{"line":23,"column":4},"end":{"line":23,"column":4}},"23":{"start":{"line":0,"column":0},"end":{"line":0,"column":0},"skip":true}},"branchMap":{"1":{"line":7,"type":"if","locations":[{"start":{"line":0,"column":0},"end":{"line":0,"column":0},"skip":true},{"start":{"line":0,"column":0},"end":{"line":0,"column":0},"skip":true}]}}}}