{"/home/jiangyuqing/devspace/mccree/packages/mccree-core/src/events.js":{"path":"/home/jiangyuqing/devspace/mccree/packages/mccree-core/src/events.js","s":{"1":1,"2":1,"3":1,"4":1,"5":1,"6":1,"7":1},"b":{},"f":{},"fnMap":{},"statementMap":{"1":{"start":{"line":0,"column":0},"end":{"line":0,"column":0},"skip":true},"2":{"start":{"line":3,"column":0},"end":{"line":null,"column":null}},"3":{"start":{"line":33,"column":0},"end":{"line":null,"column":null}},"4":{"start":{"line":40,"column":0},"end":{"line":null,"column":null}},"5":{"start":{"line":50,"column":0},"end":{"line":null,"column":null}},"6":{"start":{"line":77,"column":0},"end":{"line":null,"column":null}},"7":{"start":{"line":84,"column":15},"end":{"line":null,"column":null}}},"branchMap":{}},"/home/jiangyuqing/devspace/mccree/packages/mccree-core/src/index.js":{"path":"/home/jiangyuqing/devspace/mccree/packages/mccree-core/src/index.js","s":{"1":1,"2":1,"3":1,"4":1,"5":11,"6":11,"7":11,"8":11,"9":11,"10":11,"11":1,"12":1,"13":1,"14":1,"15":0,"16":1,"17":1,"18":1,"19":1,"20":1,"21":1,"22":1,"23":1,"24":1,"25":1,"26":1,"27":1,"28":1,"29":1,"30":6,"31":1,"32":19,"33":0,"34":1,"35":1,"36":19,"37":19,"38":18,"39":19,"40":19,"41":19,"42":19,"43":19,"44":19,"45":19,"46":19,"47":19,"48":19,"49":19,"50":19,"51":19,"52":19,"53":19,"54":19,"55":19,"56":19,"57":1,"58":3,"59":3,"60":3,"61":3,"62":3,"63":3,"64":3,"65":3,"66":19,"67":19,"68":23,"69":1,"70":1,"71":1,"72":1,"73":1,"74":1,"75":5,"76":5,"77":5,"78":2,"79":2,"80":1,"81":1,"82":3,"83":22,"84":1,"85":1,"86":21,"87":21,"88":19,"89":19,"90":19,"91":3,"92":2,"93":3,"94":2,"95":2,"96":1,"97":1,"98":19,"99":3,"100":2,"101":1,"102":19,"103":3,"104":1,"105":3,"106":1,"107":1,"108":2,"109":1,"110":1,"111":19,"112":19,"113":19,"114":19,"115":26,"116":3,"117":3,"118":23,"119":26,"120":2,"121":2,"122":24,"123":26,"124":2,"125":2,"126":24,"127":20,"128":20,"129":20,"130":1,"131":1},"b":{"1":[11,11],"2":[11,0],"3":[1,0],"4":[0,1],"5":[5,1],"6":[6,6],"7":[0,19],"8":[18,1],"9":[1,18],"10":[19,1,19],"11":[19,19],"12":[19,19],"13":[2,3],"14":[1,21],"15":[22,2],"16":[2,1],"17":[2,1],"18":[1,2],"19":[1,2],"20":[1,1],"21":[3,23],"22":[2,24],"23":[2,24],"24":[20,2],"25":[20,1],"26":[20,1]},"f":{"1":1,"2":1,"3":1,"4":6,"5":19,"6":1,"7":19,"8":3,"9":3,"10":19,"11":23,"12":1,"13":1,"14":1,"15":5,"16":5,"17":1,"18":1,"19":22,"20":19,"21":3,"22":3,"23":3,"24":1,"25":26,"26":20},"fnMap":{"1":{"name":"(anonymous_1)","line":0,"loc":{"start":{"line":0,"column":0},"end":{"line":0,"column":0}},"skip":true},"2":{"name":"defineProperties","line":0,"loc":{"start":{"line":0,"column":0},"end":{"line":0,"column":0}},"skip":true},"3":{"name":"(anonymous_3)","line":0,"loc":{"start":{"line":0,"column":0},"end":{"line":0,"column":0}},"skip":true},"4":{"name":"_interopRequireDefault","line":0,"loc":{"start":{"line":0,"column":0},"end":{"line":0,"column":0}},"skip":true},"5":{"name":"_classCallCheck","line":0,"loc":{"start":{"line":0,"column":0},"end":{"line":0,"column":0}},"skip":true},"6":{"name":"(anonymous_6)","line":0,"loc":{"start":{"line":0,"column":0},"end":{"line":0,"column":0}},"skip":true},"7":{"name":"Mccree","line":21,"loc":{"start":{"line":21,"column":14},"end":{"line":21,"column":40}}},"8":{"name":"destroy","line":64,"loc":{"start":{"line":64,"column":12},"end":{"line":64,"column":12}}},"9":{"name":"(anonymous_9)","line":68,"loc":{"start":{"line":68,"column":30},"end":{"line":68,"column":37}}},"10":{"name":"attachMedia","line":79,"loc":{"start":{"line":79,"column":14},"end":{"line":79,"column":21}}},"11":{"name":"detachMedia","line":87,"loc":{"start":{"line":87,"column":16},"end":{"line":87,"column":16}}},"12":{"name":"attachMediaElement","line":94,"loc":{"start":{"line":94,"column":21},"end":{"line":94,"column":28}}},"13":{"name":"detachMediaElement","line":102,"loc":{"start":{"line":102,"column":23},"end":{"line":102,"column":23}}},"14":{"name":"load","line":110,"loc":{"start":{"line":110,"column":7},"end":{"line":110,"column":12}}},"15":{"name":"unload","line":119,"loc":{"start":{"line":119,"column":11},"end":{"line":119,"column":11}}},"16":{"name":"(anonymous_16)","line":120,"loc":{"start":{"line":120,"column":23},"end":{"line":120,"column":44}}},"17":{"name":"(anonymous_17)","line":123,"loc":{"start":{"line":123,"column":34},"end":{"line":123,"column":41}}},"18":{"name":"(anonymous_18)","line":125,"loc":{"start":{"line":125,"column":17},"end":{"line":125,"column":24}}},"19":{"name":"_initLogger","line":139,"loc":{"start":{"line":139,"column":14},"end":{"line":139,"column":22}}},"20":{"name":"initObserver","line":153,"loc":{"start":{"line":153,"column":17},"end":{"line":153,"column":17}}},"21":{"name":"trigger","line":158,"loc":{"start":{"line":158,"column":28},"end":{"line":158,"column":61}}},"22":{"name":"on","line":166,"loc":{"start":{"line":166,"column":23},"end":{"line":166,"column":52}}},"23":{"name":"off","line":174,"loc":{"start":{"line":174,"column":24},"end":{"line":174,"column":48}}},"24":{"name":"cb","line":176,"loc":{"start":{"line":176,"column":13},"end":{"line":176,"column":19}}},"25":{"name":"_createModules","line":200,"loc":{"start":{"line":200,"column":17},"end":{"line":200,"column":26}}},"26":{"name":"_initModules","line":226,"loc":{"start":{"line":226,"column":17},"end":{"line":226,"column":17}}}},"statementMap":{"1":{"start":{"line":0,"column":0},"end":{"line":0,"column":0},"skip":true},"2":{"start":{"line":0,"column":0},"end":{"line":0,"column":0},"skip":true},"3":{"start":{"line":0,"column":0},"end":{"line":0,"column":0},"skip":true},"4":{"start":{"line":0,"column":0},"end":{"line":0,"column":0},"skip":true},"5":{"start":{"line":0,"column":0},"end":{"line":0,"column":0},"skip":true},"6":{"start":{"line":0,"column":0},"end":{"line":0,"column":0},"skip":true},"7":{"start":{"line":0,"column":0},"end":{"line":0,"column":0},"skip":true},"8":{"start":{"line":0,"column":0},"end":{"line":0,"column":0},"skip":true},"9":{"start":{"line":0,"column":0},"end":{"line":0,"column":0},"skip":true},"10":{"start":{"line":0,"column":0},"end":{"line":0,"column":0},"skip":true},"11":{"start":{"line":0,"column":0},"end":{"line":0,"column":0},"skip":true},"12":{"start":{"line":0,"column":0},"end":{"line":0,"column":0},"skip":true},"13":{"start":{"line":0,"column":0},"end":{"line":0,"column":0},"skip":true},"14":{"start":{"line":0,"column":0},"end":{"line":0,"column":0},"skip":true},"15":{"start":{"line":0,"column":0},"end":{"line":0,"column":0},"skip":true},"16":{"start":{"line":0,"column":0},"end":{"line":0,"column":0},"skip":true},"17":{"start":{"line":2,"column":0},"end":{"line":null,"column":null}},"18":{"start":{"line":0,"column":0},"end":{"line":0,"column":0},"skip":true},"19":{"start":{"line":4,"column":0},"end":{"line":null,"column":null}},"20":{"start":{"line":0,"column":0},"end":{"line":0,"column":0},"skip":true},"21":{"start":{"line":6,"column":0},"end":{"line":null,"column":null}},"22":{"start":{"line":0,"column":0},"end":{"line":0,"column":0},"skip":true},"23":{"start":{"line":8,"column":0},"end":{"line":null,"column":null}},"24":{"start":{"line":0,"column":0},"end":{"line":0,"column":0},"skip":true},"25":{"start":{"line":10,"column":0},"end":{"line":null,"column":null}},"26":{"start":{"line":0,"column":0},"end":{"line":0,"column":0},"skip":true},"27":{"start":{"line":12,"column":0},"end":{"line":null,"column":null}},"28":{"start":{"line":0,"column":0},"end":{"line":0,"column":0},"skip":true},"29":{"start":{"line":0,"column":0},"end":{"line":0,"column":0},"skip":true},"30":{"start":{"line":0,"column":0},"end":{"line":0,"column":0},"skip":true},"31":{"start":{"line":0,"column":0},"end":{"line":0,"column":0},"skip":true},"32":{"start":{"line":0,"column":0},"end":{"line":0,"column":0},"skip":true},"33":{"start":{"line":0,"column":0},"end":{"line":0,"column":0},"skip":true},"34":{"start":{"line":17,"column":6},"end":{"line":null,"column":null}},"35":{"start":{"line":21,"column":14},"end":{"line":null,"column":null}},"36":{"start":{"line":0,"column":0},"end":{"line":0,"column":0},"skip":true},"37":{"start":{"line":22,"column":7},"end":{"line":null,"column":null}},"38":{"start":{"line":23,"column":16},"end":{"line":null,"column":null}},"39":{"start":{"line":26,"column":9},"end":{"line":null,"column":null}},"40":{"start":{"line":28,"column":9},"end":{"line":null,"column":null}},"41":{"start":{"line":30,"column":9},"end":{"line":null,"column":null}},"42":{"start":{"line":32,"column":9},"end":{"line":null,"column":null}},"43":{"start":{"line":34,"column":9},"end":{"line":null,"column":null}},"44":{"start":{"line":36,"column":9},"end":{"line":null,"column":null}},"45":{"start":{"line":38,"column":9},"end":{"line":null,"column":null}},"46":{"start":{"line":40,"column":9},"end":{"line":null,"column":null}},"47":{"start":{"line":42,"column":11},"end":{"line":null,"column":null}},"48":{"start":{"line":44,"column":9},"end":{"line":null,"column":null}},"49":{"start":{"line":46,"column":9},"end":{"line":null,"column":null}},"50":{"start":{"line":49,"column":9},"end":{"line":null,"column":null}},"51":{"start":{"line":50,"column":9},"end":{"line":null,"column":null}},"52":{"start":{"line":51,"column":9},"end":{"line":null,"column":null}},"53":{"start":{"line":53,"column":9},"end":{"line":null,"column":null}},"54":{"start":{"line":54,"column":9},"end":{"line":null,"column":null}},"55":{"start":{"line":56,"column":8},"end":{"line":null,"column":null}},"56":{"start":{"line":58,"column":9},"end":{"line":null,"column":null}},"57":{"start":{"line":0,"column":0},"end":{"line":0,"column":0},"skip":true},"58":{"start":{"line":0,"column":0},"end":{"line":0,"column":0},"skip":true},"59":{"start":{"line":66,"column":18},"end":{"line":null,"column":null}},"60":{"start":{"line":67,"column":9},"end":{"line":null,"column":null}},"61":{"start":{"line":68,"column":11},"end":{"line":null,"column":null}},"62":{"start":{"line":69,"column":11},"end":{"line":null,"column":null}},"63":{"start":{"line":70,"column":11},"end":{"line":null,"column":null}},"64":{"start":{"line":71,"column":11},"end":{"line":null,"column":null}},"65":{"start":{"line":72,"column":11},"end":{"line":null,"column":null}},"66":{"start":{"line":80,"column":9},"end":{"line":null,"column":null}},"67":{"start":{"line":81,"column":9},"end":{"line":null,"column":null}},"68":{"start":{"line":88,"column":9},"end":{"line":null,"column":null}},"69":{"start":{"line":95,"column":9},"end":{"line":null,"column":null}},"70":{"start":{"line":96,"column":9},"end":{"line":null,"column":null}},"71":{"start":{"line":103,"column":9},"end":{"line":null,"column":null}},"72":{"start":{"line":111,"column":9},"end":{"line":null,"column":null}},"73":{"start":{"line":112,"column":9},"end":{"line":null,"column":null}},"74":{"start":{"line":113,"column":9},"end":{"line":null,"column":null}},"75":{"start":{"line":0,"column":0},"end":{"line":0,"column":0},"skip":true},"76":{"start":{"line":120,"column":11},"end":{"line":null,"column":null}},"77":{"start":{"line":121,"column":9},"end":{"line":null,"column":null}},"78":{"start":{"line":122,"column":13},"end":{"line":null,"column":null}},"79":{"start":{"line":123,"column":13},"end":{"line":null,"column":null}},"80":{"start":{"line":0,"column":0},"end":{"line":0,"column":0},"skip":true},"81":{"start":{"line":126,"column":17},"end":{"line":null,"column":null}},"82":{"start":{"line":0,"column":0},"end":{"line":0,"column":0},"skip":true},"83":{"start":{"line":141,"column":8},"end":{"line":null,"column":null}},"84":{"start":{"line":142,"column":11},"end":{"line":null,"column":null}},"85":{"start":{"line":143,"column":11},"end":{"line":null,"column":null}},"86":{"start":{"line":145,"column":11},"end":{"line":null,"column":null}},"87":{"start":{"line":146,"column":11},"end":{"line":null,"column":null}},"88":{"start":{"line":155,"column":8},"end":{"line":null,"column":null}},"89":{"start":{"line":156,"column":9},"end":{"line":null,"column":null}},"90":{"start":{"line":158,"column":9},"end":{"line":null,"column":null}},"91":{"start":{"line":158,"column":55},"end":{"line":null,"column":null}},"92":{"start":{"line":158,"column":61},"end":{"line":null,"column":null}},"93":{"start":{"line":159,"column":9},"end":{"line":null,"column":null}},"94":{"start":{"line":0,"column":0},"end":{"line":0,"column":0},"skip":true},"95":{"start":{"line":160,"column":13},"end":{"line":null,"column":null}},"96":{"start":{"line":0,"column":0},"end":{"line":0,"column":0},"skip":true},"97":{"start":{"line":162,"column":13},"end":{"line":null,"column":null}},"98":{"start":{"line":166,"column":9},"end":{"line":null,"column":null}},"99":{"start":{"line":167,"column":9},"end":{"line":null,"column":null}},"100":{"start":{"line":168,"column":13},"end":{"line":null,"column":null}},"101":{"start":{"line":170,"column":13},"end":{"line":null,"column":null}},"102":{"start":{"line":174,"column":9},"end":{"line":null,"column":null}},"103":{"start":{"line":175,"column":9},"end":{"line":null,"column":null}},"104":{"start":{"line":176,"column":13},"end":{"line":null,"column":null}},"105":{"start":{"line":178,"column":9},"end":{"line":null,"column":null}},"106":{"start":{"line":179,"column":13},"end":{"line":null,"column":null}},"107":{"start":{"line":0,"column":0},"end":{"line":0,"column":0},"skip":true},"108":{"start":{"line":181,"column":13},"end":{"line":null,"column":null}},"109":{"start":{"line":182,"column":13},"end":{"line":null,"column":null}},"110":{"start":{"line":184,"column":13},"end":{"line":null,"column":null}},"111":{"start":{"line":188,"column":9},"end":{"line":null,"column":null}},"112":{"start":{"line":190,"column":9},"end":{"line":null,"column":null}},"113":{"start":{"line":191,"column":9},"end":{"line":null,"column":null}},"114":{"start":{"line":192,"column":9},"end":{"line":null,"column":null}},"115":{"start":{"line":201,"column":8},"end":{"line":null,"column":null}},"116":{"start":{"line":202,"column":11},"end":{"line":null,"column":null}},"117":{"start":{"line":203,"column":11},"end":{"line":null,"column":null}},"118":{"start":{"line":205,"column":11},"end":{"line":null,"column":null}},"119":{"start":{"line":208,"column":8},"end":{"line":null,"column":null}},"120":{"start":{"line":209,"column":11},"end":{"line":null,"column":null}},"121":{"start":{"line":210,"column":11},"end":{"line":null,"column":null}},"122":{"start":{"line":212,"column":11},"end":{"line":null,"column":null}},"123":{"start":{"line":215,"column":8},"end":{"line":null,"column":null}},"124":{"start":{"line":216,"column":11},"end":{"line":null,"column":null}},"125":{"start":{"line":217,"column":11},"end":{"line":null,"column":null}},"126":{"start":{"line":219,"column":11},"end":{"line":null,"column":null}},"127":{"start":{"line":227,"column":9},"end":{"line":null,"column":null}},"128":{"start":{"line":228,"column":9},"end":{"line":null,"column":null}},"129":{"start":{"line":229,"column":9},"end":{"line":null,"column":null}},"130":{"start":{"line":0,"column":0},"end":{"line":0,"column":0},"skip":true},"131":{"start":{"line":233,"column":15},"end":{"line":null,"column":null}}},"branchMap":{"1":{"line":0,"type":"binary-expr","locations":[{"start":{"line":0,"column":0},"end":{"line":0,"column":0},"skip":true},{"start":{"line":0,"column":0},"end":{"line":0,"column":0},"skip":true}]},"2":{"line":0,"type":"if","locations":[{"start":{"line":0,"column":0},"end":{"line":0,"column":0},"skip":true},{"start":{"line":0,"column":0},"end":{"line":0,"column":0},"skip":true}]},"3":{"line":0,"type":"if","locations":[{"start":{"line":0,"column":0},"end":{"line":0,"column":0},"skip":true},{"start":{"line":0,"column":0},"end":{"line":0,"column":0},"skip":true}]},"4":{"line":0,"type":"if","locations":[{"start":{"line":0,"column":0},"end":{"line":0,"column":0},"skip":true},{"start":{"line":0,"column":0},"end":{"line":0,"column":0},"skip":true}]},"5":{"line":0,"type":"cond-expr","locations":[{"start":{"line":0,"column":0},"end":{"line":0,"column":0},"skip":true},{"start":{"line":0,"column":0},"end":{"line":0,"column":0},"skip":true}]},"6":{"line":0,"type":"binary-expr","locations":[{"start":{"line":0,"column":0},"end":{"line":0,"column":0},"skip":true},{"start":{"line":0,"column":0},"end":{"line":0,"column":0},"skip":true}]},"7":{"line":0,"type":"if","locations":[{"start":{"line":0,"column":0},"end":{"line":0,"column":0},"skip":true},{"start":{"line":0,"column":0},"end":{"line":0,"column":0},"skip":true}]},"8":{"line":22,"type":"if","locations":[{"start":{"line":22,"column":7},"end":{"line":22,"column":7}},{"start":{"line":22,"column":7},"end":{"line":22,"column":7}}]},"9":{"line":28,"type":"cond-expr","locations":[{"start":{"line":28,"column":27},"end":{"line":28,"column":18}},{"start":{"line":28,"column":36},"end":{"line":28,"column":4}}]},"10":{"line":30,"type":"binary-expr","locations":[{"start":{"line":30,"column":17},"end":{"line":30,"column":27}},{"start":{"line":30,"column":27},"end":{"line":30,"column":17}},{"start":{"line":30,"column":43},"end":{"line":30,"column":4}}]},"11":{"line":32,"type":"binary-expr","locations":[{"start":{"line":32,"column":19},"end":{"line":32,"column":30}},{"start":{"line":32,"column":30},"end":{"line":32,"column":4}}]},"12":{"line":42,"type":"binary-expr","locations":[{"start":{"line":42,"column":32},"end":{"line":42,"column":32}},{"start":{"line":42,"column":59},"end":{"line":42,"column":4}}]},"13":{"line":121,"type":"if","locations":[{"start":{"line":121,"column":9},"end":{"line":121,"column":9}},{"start":{"line":121,"column":9},"end":{"line":121,"column":9}}]},"14":{"line":141,"type":"if","locations":[{"start":{"line":141,"column":8},"end":{"line":141,"column":8}},{"start":{"line":141,"column":8},"end":{"line":141,"column":8}}]},"15":{"line":141,"type":"binary-expr","locations":[{"start":{"line":141,"column":8},"end":{"line":141,"column":18}},{"start":{"line":141,"column":18},"end":{"line":141,"column":4}}]},"16":{"line":159,"type":"if","locations":[{"start":{"line":159,"column":9},"end":{"line":159,"column":9}},{"start":{"line":159,"column":9},"end":{"line":159,"column":9}}]},"17":{"line":167,"type":"if","locations":[{"start":{"line":167,"column":9},"end":{"line":167,"column":9}},{"start":{"line":167,"column":9},"end":{"line":167,"column":9}}]},"18":{"line":175,"type":"if","locations":[{"start":{"line":175,"column":9},"end":{"line":175,"column":9}},{"start":{"line":175,"column":9},"end":{"line":175,"column":9}}]},"19":{"line":178,"type":"if","locations":[{"start":{"line":178,"column":9},"end":{"line":178,"column":9}},{"start":{"line":178,"column":9},"end":{"line":178,"column":9}}]},"20":{"line":181,"type":"if","locations":[{"start":{"line":181,"column":13},"end":{"line":181,"column":13}},{"start":{"line":181,"column":13},"end":{"line":181,"column":13}}]},"21":{"line":201,"type":"if","locations":[{"start":{"line":201,"column":8},"end":{"line":201,"column":8}},{"start":{"line":201,"column":8},"end":{"line":201,"column":8}}]},"22":{"line":208,"type":"if","locations":[{"start":{"line":208,"column":8},"end":{"line":208,"column":8}},{"start":{"line":208,"column":8},"end":{"line":208,"column":8}}]},"23":{"line":215,"type":"if","locations":[{"start":{"line":215,"column":8},"end":{"line":215,"column":8}},{"start":{"line":215,"column":8},"end":{"line":215,"column":8}}]},"24":{"line":227,"type":"binary-expr","locations":[{"start":{"line":227,"column":9},"end":{"line":227,"column":4}},{"start":{"line":227,"column":19},"end":{"line":227,"column":4}}]},"25":{"line":228,"type":"binary-expr","locations":[{"start":{"line":228,"column":9},"end":{"line":228,"column":4}},{"start":{"line":228,"column":18},"end":{"line":228,"column":4}}]},"26":{"line":229,"type":"binary-expr","locations":[{"start":{"line":229,"column":9},"end":{"line":229,"column":4}},{"start":{"line":229,"column":18},"end":{"line":229,"column":4}}]}}},"/home/jiangyuqing/devspace/mccree/packages/mccree-core/src/media.js":{"path":"/home/jiangyuqing/devspace/mccree/packages/mccree-core/src/media.js","s":{"1":1,"2":1,"3":1,"4":1,"5":4,"6":4,"7":4,"8":4,"9":4,"10":4,"11":1,"12":1,"13":1,"14":1,"15":0,"16":1,"17":1,"18":33,"19":0,"20":1,"21":1,"22":33,"23":33,"24":33,"25":33,"26":33,"27":33,"28":33,"29":33,"30":1,"31":3,"32":3,"33":3,"34":3,"35":1,"36":3,"37":3,"38":1,"39":1},"b":{"1":[4,4],"2":[4,0],"3":[1,0],"4":[0,1],"5":[0,33],"6":[33,31],"7":[33,24]},"f":{"1":1,"2":1,"3":1,"4":33,"5":1,"6":33,"7":3,"8":3,"9":1,"10":3},"fnMap":{"1":{"name":"(anonymous_1)","line":0,"loc":{"start":{"line":0,"column":0},"end":{"line":0,"column":0}},"skip":true},"2":{"name":"defineProperties","line":0,"loc":{"start":{"line":0,"column":0},"end":{"line":0,"column":0}},"skip":true},"3":{"name":"(anonymous_3)","line":0,"loc":{"start":{"line":0,"column":0},"end":{"line":0,"column":0}},"skip":true},"4":{"name":"_classCallCheck","line":0,"loc":{"start":{"line":0,"column":0},"end":{"line":0,"column":0}},"skip":true},"5":{"name":"(anonymous_5)","line":0,"loc":{"start":{"line":0,"column":0},"end":{"line":0,"column":0}},"skip":true},"6":{"name":"Media","line":14,"loc":{"start":{"line":14,"column":14},"end":{"line":14,"column":30}}},"7":{"name":"initTracks","line":31,"loc":{"start":{"line":31,"column":15},"end":{"line":31,"column":15}}},"8":{"name":"resetTracks","line":39,"loc":{"start":{"line":39,"column":16},"end":{"line":39,"column":16}}},"9":{"name":"getTrack","line":50,"loc":{"start":{"line":50,"column":11},"end":{"line":50,"column":16}}},"10":{"name":"destoryTracks","line":57,"loc":{"start":{"line":57,"column":18},"end":{"line":57,"column":18}}}},"statementMap":{"1":{"start":{"line":0,"column":0},"end":{"line":0,"column":0},"skip":true},"2":{"start":{"line":0,"column":0},"end":{"line":0,"column":0},"skip":true},"3":{"start":{"line":0,"column":0},"end":{"line":0,"column":0},"skip":true},"4":{"start":{"line":0,"column":0},"end":{"line":0,"column":0},"skip":true},"5":{"start":{"line":0,"column":0},"end":{"line":0,"column":0},"skip":true},"6":{"start":{"line":0,"column":0},"end":{"line":0,"column":0},"skip":true},"7":{"start":{"line":0,"column":0},"end":{"line":0,"column":0},"skip":true},"8":{"start":{"line":0,"column":0},"end":{"line":0,"column":0},"skip":true},"9":{"start":{"line":0,"column":0},"end":{"line":0,"column":0},"skip":true},"10":{"start":{"line":0,"column":0},"end":{"line":0,"column":0},"skip":true},"11":{"start":{"line":0,"column":0},"end":{"line":0,"column":0},"skip":true},"12":{"start":{"line":0,"column":0},"end":{"line":0,"column":0},"skip":true},"13":{"start":{"line":0,"column":0},"end":{"line":0,"column":0},"skip":true},"14":{"start":{"line":0,"column":0},"end":{"line":0,"column":0},"skip":true},"15":{"start":{"line":0,"column":0},"end":{"line":0,"column":0},"skip":true},"16":{"start":{"line":0,"column":0},"end":{"line":0,"column":0},"skip":true},"17":{"start":{"line":0,"column":0},"end":{"line":0,"column":0},"skip":true},"18":{"start":{"line":0,"column":0},"end":{"line":0,"column":0},"skip":true},"19":{"start":{"line":0,"column":0},"end":{"line":0,"column":0},"skip":true},"20":{"start":{"line":6,"column":6},"end":{"line":null,"column":null}},"21":{"start":{"line":14,"column":14},"end":{"line":null,"column":null}},"22":{"start":{"line":0,"column":0},"end":{"line":0,"column":0},"skip":true},"23":{"start":{"line":15,"column":9},"end":{"line":null,"column":null}},"24":{"start":{"line":17,"column":9},"end":{"line":null,"column":null}},"25":{"start":{"line":19,"column":9},"end":{"line":null,"column":null}},"26":{"start":{"line":21,"column":9},"end":{"line":null,"column":null}},"27":{"start":{"line":23,"column":9},"end":{"line":null,"column":null}},"28":{"start":{"line":24,"column":9},"end":{"line":null,"column":null}},"29":{"start":{"line":25,"column":9},"end":{"line":null,"column":null}},"30":{"start":{"line":0,"column":0},"end":{"line":0,"column":0},"skip":true},"31":{"start":{"line":32,"column":9},"end":{"line":null,"column":null}},"32":{"start":{"line":33,"column":11},"end":{"line":null,"column":null}},"33":{"start":{"line":40,"column":9},"end":{"line":null,"column":null}},"34":{"start":{"line":41,"column":11},"end":{"line":null,"column":null}},"35":{"start":{"line":51,"column":11},"end":{"line":null,"column":null}},"36":{"start":{"line":58,"column":9},"end":{"line":null,"column":null}},"37":{"start":{"line":59,"column":11},"end":{"line":null,"column":null}},"38":{"start":{"line":0,"column":0},"end":{"line":0,"column":0},"skip":true},"39":{"start":{"line":64,"column":15},"end":{"line":null,"column":null}}},"branchMap":{"1":{"line":0,"type":"binary-expr","locations":[{"start":{"line":0,"column":0},"end":{"line":0,"column":0},"skip":true},{"start":{"line":0,"column":0},"end":{"line":0,"column":0},"skip":true}]},"2":{"line":0,"type":"if","locations":[{"start":{"line":0,"column":0},"end":{"line":0,"column":0},"skip":true},{"start":{"line":0,"column":0},"end":{"line":0,"column":0},"skip":true}]},"3":{"line":0,"type":"if","locations":[{"start":{"line":0,"column":0},"end":{"line":0,"column":0},"skip":true},{"start":{"line":0,"column":0},"end":{"line":0,"column":0},"skip":true}]},"4":{"line":0,"type":"if","locations":[{"start":{"line":0,"column":0},"end":{"line":0,"column":0},"skip":true},{"start":{"line":0,"column":0},"end":{"line":0,"column":0},"skip":true}]},"5":{"line":0,"type":"if","locations":[{"start":{"line":0,"column":0},"end":{"line":0,"column":0},"skip":true},{"start":{"line":0,"column":0},"end":{"line":0,"column":0},"skip":true}]},"6":{"line":17,"type":"binary-expr","locations":[{"start":{"line":17,"column":18},"end":{"line":17,"column":28}},{"start":{"line":17,"column":28},"end":{"line":17,"column":4}}]},"7":{"line":21,"type":"binary-expr","locations":[{"start":{"line":21,"column":18},"end":{"line":21,"column":28}},{"start":{"line":21,"column":28},"end":{"line":21,"column":4}}]}}},"/home/jiangyuqing/devspace/mccree/packages/mccree-core/src/media-info.js":{"path":"/home/jiangyuqing/devspace/mccree/packages/mccree-core/src/media-info.js","s":{"1":1,"2":1,"3":1,"4":0,"5":1,"6":1,"7":1,"8":1,"9":1,"10":1,"11":1,"12":1,"13":1,"14":1,"15":1,"16":1,"17":1,"18":1,"19":1,"20":1,"21":1,"22":1,"23":1},"b":{"1":[0,1]},"f":{"1":1,"2":1},"fnMap":{"1":{"name":"_classCallCheck","line":0,"loc":{"start":{"line":0,"column":0},"end":{"line":0,"column":0}},"skip":true},"2":{"name":"MediaInfo","line":11,"loc":{"start":{"line":11,"column":2},"end":{"line":11,"column":31}}}},"statementMap":{"1":{"start":{"line":0,"column":0},"end":{"line":0,"column":0},"skip":true},"2":{"start":{"line":0,"column":0},"end":{"line":0,"column":0},"skip":true},"3":{"start":{"line":0,"column":0},"end":{"line":0,"column":0},"skip":true},"4":{"start":{"line":0,"column":0},"end":{"line":0,"column":0},"skip":true},"5":{"start":{"line":3,"column":6},"end":{"line":null,"column":null}},"6":{"start":{"line":0,"column":0},"end":{"line":0,"column":0},"skip":true},"7":{"start":{"line":12,"column":9},"end":{"line":null,"column":null}},"8":{"start":{"line":13,"column":9},"end":{"line":null,"column":null}},"9":{"start":{"line":14,"column":9},"end":{"line":null,"column":null}},"10":{"start":{"line":16,"column":9},"end":{"line":null,"column":null}},"11":{"start":{"line":17,"column":9},"end":{"line":null,"column":null}},"12":{"start":{"line":18,"column":9},"end":{"line":null,"column":null}},"13":{"start":{"line":19,"column":9},"end":{"line":null,"column":null}},"14":{"start":{"line":21,"column":9},"end":{"line":null,"column":null}},"15":{"start":{"line":22,"column":9},"end":{"line":null,"column":null}},"16":{"start":{"line":23,"column":9},"end":{"line":null,"column":null}},"17":{"start":{"line":24,"column":9},"end":{"line":null,"column":null}},"18":{"start":{"line":25,"column":9},"end":{"line":null,"column":null}},"19":{"start":{"line":26,"column":9},"end":{"line":null,"column":null}},"20":{"start":{"line":27,"column":9},"end":{"line":null,"column":null}},"21":{"start":{"line":28,"column":9},"end":{"line":null,"column":null}},"22":{"start":{"line":30,"column":9},"end":{"line":null,"column":null}},"23":{"start":{"line":34,"column":15},"end":{"line":null,"column":null}}},"branchMap":{"1":{"line":0,"type":"if","locations":[{"start":{"line":0,"column":0},"end":{"line":0,"column":0},"skip":true},{"start":{"line":0,"column":0},"end":{"line":0,"column":0},"skip":true}]}}}}