TN:
SF:/home/jiangyuqing/devspace/mccree/packages/mccree-core/src/events.js
FNF:0
FNH:0
DA:3,1
DA:33,1
DA:40,1
DA:50,1
DA:77,1
DA:84,1
LF:6
LH:6
BRF:0
BRH:0
end_of_record
TN:
SF:/home/jiangyuqing/devspace/mccree/packages/mccree-core/src/index.js
FN:21,Mccree
FN:64,destroy
FN:68,(anonymous_9)
FN:79,attachMedia
FN:87,detachMedia
FN:94,attachMediaElement
FN:102,detachMediaElement
FN:110,load
FN:119,unload
FN:120,(anonymous_16)
FN:123,(anonymous_17)
FN:125,(anonymous_18)
FN:139,_initLogger
FN:153,initObserver
FN:158,trigger
FN:166,on
FN:174,off
FN:176,cb
FN:200,_createModules
FN:226,_initModules
FNF:20
FNH:20
FNDA:19,Mccree
FNDA:3,destroy
FNDA:3,(anonymous_9)
FNDA:19,attachMedia
FNDA:23,detachMedia
FNDA:1,attachMediaElement
FNDA:1,detachMediaElement
FNDA:1,load
FNDA:5,unload
FNDA:5,(anonymous_16)
FNDA:1,(anonymous_17)
FNDA:1,(anonymous_18)
FNDA:22,_initLogger
FNDA:19,initObserver
FNDA:3,trigger
FNDA:3,on
FNDA:3,off
FNDA:1,cb
FNDA:26,_createModules
FNDA:20,_initModules
DA:2,1
DA:4,1
DA:6,1
DA:8,1
DA:10,1
DA:12,1
DA:17,1
DA:21,1
DA:22,19
DA:23,18
DA:26,19
DA:28,19
DA:30,19
DA:32,19
DA:34,19
DA:36,19
DA:38,19
DA:40,19
DA:42,19
DA:44,19
DA:46,19
DA:49,19
DA:50,19
DA:51,19
DA:53,19
DA:54,19
DA:56,19
DA:58,19
DA:66,3
DA:67,3
DA:68,3
DA:69,3
DA:70,3
DA:71,3
DA:72,3
DA:80,19
DA:81,19
DA:88,23
DA:95,1
DA:96,1
DA:103,1
DA:111,1
DA:112,1
DA:113,1
DA:120,5
DA:121,5
DA:122,2
DA:123,2
DA:126,1
DA:141,22
DA:142,1
DA:143,1
DA:145,21
DA:146,21
DA:155,19
DA:156,19
DA:158,19
DA:159,3
DA:160,2
DA:162,1
DA:166,19
DA:167,3
DA:168,2
DA:170,1
DA:174,19
DA:175,3
DA:176,1
DA:178,3
DA:179,1
DA:181,2
DA:182,1
DA:184,1
DA:188,19
DA:190,19
DA:191,19
DA:192,19
DA:201,26
DA:202,3
DA:203,3
DA:205,23
DA:208,26
DA:209,2
DA:210,2
DA:212,24
DA:215,26
DA:216,2
DA:217,2
DA:219,24
DA:227,20
DA:228,20
DA:229,20
DA:233,1
LF:92
LH:92
BRDA:22,8,0,18
BRDA:22,8,1,1
BRDA:28,9,0,1
BRDA:28,9,1,18
BRDA:30,10,0,19
BRDA:30,10,1,1
BRDA:30,10,2,19
BRDA:32,11,0,19
BRDA:32,11,1,19
BRDA:42,12,0,19
BRDA:42,12,1,19
BRDA:121,13,0,2
BRDA:121,13,1,3
BRDA:141,14,0,1
BRDA:141,14,1,21
BRDA:141,15,0,22
BRDA:141,15,1,2
BRDA:159,16,0,2
BRDA:159,16,1,1
BRDA:167,17,0,2
BRDA:167,17,1,1
BRDA:175,18,0,1
BRDA:175,18,1,2
BRDA:178,19,0,1
BRDA:178,19,1,2
BRDA:181,20,0,1
BRDA:181,20,1,1
BRDA:201,21,0,3
BRDA:201,21,1,23
BRDA:208,22,0,2
BRDA:208,22,1,24
BRDA:215,23,0,2
BRDA:215,23,1,24
BRDA:227,24,0,20
BRDA:227,24,1,2
BRDA:228,25,0,20
BRDA:228,25,1,1
BRDA:229,26,0,20
BRDA:229,26,1,1
BRF:39
BRH:39
end_of_record
TN:
SF:/home/jiangyuqing/devspace/mccree/packages/mccree-core/src/media.js
FN:14,Media
FN:31,initTracks
FN:39,resetTracks
FN:50,getTrack
FN:57,destoryTracks
FNF:5
FNH:5
FNDA:33,Media
FNDA:3,initTracks
FNDA:3,resetTracks
FNDA:1,getTrack
FNDA:3,destoryTracks
DA:6,1
DA:14,1
DA:15,33
DA:17,33
DA:19,33
DA:21,33
DA:23,33
DA:24,33
DA:25,33
DA:32,3
DA:33,3
DA:40,3
DA:41,3
DA:51,1
DA:58,3
DA:59,3
DA:64,1
LF:17
LH:17
BRDA:17,6,0,33
BRDA:17,6,1,31
BRDA:21,7,0,33
BRDA:21,7,1,24
BRF:4
BRH:4
end_of_record
TN:
SF:/home/jiangyuqing/devspace/mccree/packages/mccree-core/src/media-info.js
FN:11,MediaInfo
FNF:1
FNH:1
FNDA:1,MediaInfo
DA:3,1
DA:12,1
DA:13,1
DA:14,1
DA:16,1
DA:17,1
DA:18,1
DA:19,1
DA:21,1
DA:22,1
DA:23,1
DA:24,1
DA:25,1
DA:26,1
DA:27,1
DA:28,1
DA:30,1
DA:34,1
LF:18
LH:18
BRF:0
BRH:0
end_of_record
