TN:
SF:/home/jiangyuqing/devspace/mccree/packages/mccree-core/src/events.js
FNF:0
FNH:0
DA:0,1
DA:3,1
DA:33,1
DA:40,1
DA:50,1
DA:77,1
LF:6
LH:6
BRF:0
BRH:0
end_of_record
TN:
SF:/home/jiangyuqing/devspace/mccree/packages/mccree-core/src/index.js
FN:7,(anonymous_1)
FN:7,defineProperties
FN:7,(anonymous_3)
FN:33,_interopRequireDefault
FN:35,_classCallCheck
FN:40,(anonymous_6)
FN:47,Mccree
FN:91,destroy
FN:97,(anonymous_9)
FN:111,attachMedia
FN:122,detachMedia
FN:134,load
FN:146,unload
FN:149,(anonymous_14)
FN:152,(anonymous_15)
FN:154,(anonymous_16)
FN:171,_initLogger
FN:188,initObserver
FN:193,trigger
FN:209,on
FN:217,off
FN:219,cb
FN:246,_createModules
FN:275,_initModules
FNF:24
FNH:24
FNDA:1,(anonymous_1)
FNDA:1,defineProperties
FNDA:1,(anonymous_3)
FNDA:6,_interopRequireDefault
FNDA:14,_classCallCheck
FNDA:1,(anonymous_6)
FNDA:14,Mccree
FNDA:3,destroy
FNDA:3,(anonymous_9)
FNDA:14,attachMedia
FNDA:17,detachMedia
FNDA:1,load
FNDA:5,unload
FNDA:5,(anonymous_14)
FNDA:1,(anonymous_15)
FNDA:1,(anonymous_16)
FNDA:17,_initLogger
FNDA:14,initObserver
FNDA:3,trigger
FNDA:3,on
FNDA:3,off
FNDA:1,cb
FNDA:14,_createModules
FNDA:14,_initModules
DA:0,14
DA:2,1
DA:4,1
DA:6,1
DA:8,1
DA:10,1
DA:12,1
DA:24,14
DA:25,14
DA:26,13
DA:29,14
DA:31,14
DA:33,14
DA:35,14
DA:37,14
DA:39,14
DA:41,14
DA:43,14
DA:45,14
DA:47,14
DA:49,14
DA:52,14
DA:53,14
DA:54,14
DA:56,14
DA:57,14
DA:59,14
DA:61,14
DA:65,3
DA:67,3
DA:68,3
DA:69,3
DA:70,3
DA:71,3
DA:72,3
DA:73,3
DA:81,14
DA:82,14
DA:89,17
DA:98,1
DA:99,1
DA:100,1
DA:106,5
DA:107,5
DA:108,5
DA:109,2
DA:110,2
DA:111,1
DA:113,1
DA:116,3
DA:128,17
DA:129,1
DA:130,1
DA:132,16
DA:133,16
DA:142,14
DA:143,14
DA:145,14
DA:146,3
DA:147,2
DA:148,1
DA:149,1
DA:153,14
DA:154,3
DA:155,2
DA:157,1
DA:161,14
DA:162,3
DA:163,1
DA:165,3
DA:166,1
DA:167,1
DA:168,2
DA:169,1
DA:171,1
DA:175,14
DA:177,14
DA:178,14
DA:179,14
DA:188,14
DA:189,1
DA:190,1
DA:192,13
DA:195,14
DA:196,0
DA:197,0
DA:199,14
DA:202,14
DA:203,0
DA:204,0
DA:206,14
DA:214,14
DA:215,14
DA:216,14
LF:94
LH:90
BRDA:7,1,0,9
BRDA:7,1,1,9
BRDA:7,2,0,9
BRDA:7,2,1,0
BRDA:7,3,0,1
BRDA:7,3,1,0
BRDA:7,4,0,0
BRDA:7,4,1,1
BRDA:33,5,0,5
BRDA:33,5,1,1
BRDA:33,6,0,6
BRDA:33,6,1,6
BRDA:35,7,0,0
BRDA:35,7,1,14
BRDA:50,8,0,13
BRDA:50,8,1,1
BRDA:56,9,0,1
BRDA:56,9,1,13
BRDA:58,10,0,14
BRDA:58,10,1,1
BRDA:58,10,2,14
BRDA:60,11,0,14
BRDA:60,11,1,14
BRDA:70,12,0,14
BRDA:70,12,1,14
BRDA:150,13,0,2
BRDA:150,13,1,3
BRDA:173,14,0,1
BRDA:173,14,1,16
BRDA:173,15,0,17
BRDA:173,15,1,2
BRDA:198,16,0,2
BRDA:198,16,1,1
BRDA:210,17,0,2
BRDA:210,17,1,1
BRDA:218,18,0,1
BRDA:218,18,1,2
BRDA:221,19,0,1
BRDA:221,19,1,2
BRDA:224,20,0,1
BRDA:224,20,1,1
BRDA:247,21,0,1
BRDA:247,21,1,13
BRDA:254,22,0,0
BRDA:254,22,1,14
BRDA:261,23,0,0
BRDA:261,23,1,14
BRDA:276,24,0,14
BRDA:276,24,1,1
BRDA:277,25,0,14
BRDA:277,25,1,0
BRDA:278,26,0,14
BRDA:278,26,1,0
BRF:53
BRH:49
end_of_record
TN:
SF:/home/jiangyuqing/devspace/mccree/packages/mccree-core/src/media.js
FN:11,(anonymous_1)
FN:11,defineProperties
FN:11,(anonymous_3)
FN:13,_classCallCheck
FN:15,(anonymous_5)
FN:16,Media
FN:34,initTracks
FN:41,resetTracks
FN:48,getTrack
FN:53,distoryTracks
FNF:10
FNH:10
FNDA:1,(anonymous_1)
FNDA:1,defineProperties
FNDA:1,(anonymous_3)
FNDA:28,_classCallCheck
FNDA:1,(anonymous_5)
FNDA:28,Media
FNDA:3,initTracks
FNDA:3,resetTracks
FNDA:1,getTrack
FNDA:3,distoryTracks
DA:0,28
DA:5,1
DA:8,28
DA:9,28
DA:11,28
DA:13,28
DA:15,28
DA:17,28
DA:18,28
DA:19,28
DA:24,3
DA:25,3
DA:30,3
DA:31,3
DA:36,1
DA:40,3
DA:41,3
LF:17
LH:17
BRDA:11,1,0,4
BRDA:11,1,1,4
BRDA:11,2,0,4
BRDA:11,2,1,0
BRDA:11,3,0,1
BRDA:11,3,1,0
BRDA:11,4,0,0
BRDA:11,4,1,1
BRDA:13,5,0,0
BRDA:13,5,1,28
BRDA:21,6,0,28
BRDA:21,6,1,26
BRDA:25,7,0,28
BRDA:25,7,1,19
BRF:14
BRH:14
end_of_record
TN:
SF:/home/jiangyuqing/devspace/mccree/packages/mccree-core/src/media-info.js
FN:7,_classCallCheck
FN:9,MediaInfo
FNF:2
FNH:2
FNDA:1,_classCallCheck
FNDA:1,MediaInfo
DA:0,1
DA:4,1
DA:5,1
DA:6,1
DA:7,1
DA:9,1
DA:10,1
DA:11,1
DA:12,1
DA:14,1
DA:15,1
DA:16,1
DA:17,1
DA:18,1
DA:19,1
DA:20,1
DA:21,1
DA:23,1
LF:18
LH:18
BRDA:7,1,0,0
BRDA:7,1,1,1
BRF:2
BRH:2
end_of_record
