{"/home/jiangyuqing/devspace/mccree/packages/mccree-loader-fetch/src/index.js":{"path":"/home/jiangyuqing/devspace/mccree/packages/mccree-loader-fetch/src/index.js","s":{"1":1,"2":1,"3":0,"4":0,"5":1,"6":1,"7":0,"8":0,"9":0,"10":0,"11":0,"12":0,"13":0,"14":1,"15":0,"16":0,"17":0,"18":0,"19":0,"20":1,"21":0,"22":1,"23":0,"24":1,"25":0,"26":0,"27":0,"28":0,"29":0,"30":1,"31":0,"32":0,"33":0,"34":0,"35":0,"36":0,"37":0,"38":0,"39":0,"40":0,"41":0,"42":0,"43":0,"44":0,"45":0,"46":0,"47":0,"48":0,"49":0,"50":0,"51":0,"52":0,"53":0,"54":0,"55":0,"56":0,"57":0,"58":0,"59":0,"60":0,"61":0,"62":0,"63":0,"64":0,"65":0,"66":0,"67":0,"68":0,"69":0,"70":0,"71":0,"72":0,"73":0,"74":0,"75":0,"76":0,"77":0,"78":0,"79":0,"80":0,"81":0,"82":0,"83":0,"84":0,"85":0,"86":0,"87":0,"88":0,"89":0,"90":0,"91":0,"92":0,"93":0,"94":0,"95":0,"96":0,"97":0,"98":0,"99":0,"100":0,"101":0,"102":0,"103":0,"104":0,"105":0,"106":0,"107":0,"108":0,"109":0,"110":0,"111":0,"112":0,"113":0},"b":{"1":[1,0],"2":[1,1],"3":[0,0],"4":[0,0,0,0],"5":[0,0],"6":[0,0],"7":[0,0],"8":[0,0],"9":[0,0],"10":[0,0],"11":[0,0],"12":[0,0,0],"13":[0,0],"14":[0,0],"15":[0,0],"16":[0,0],"17":[0,0],"18":[0,0],"19":[0,0],"20":[0,0],"21":[0,0],"22":[0,0],"23":[0,0],"24":[0,0],"25":[0,0],"26":[0,0],"27":[0,0],"28":[0,0],"29":[0,0],"30":[0,0],"31":[0,0]},"f":{"1":0,"2":0,"3":1,"4":0,"5":0,"6":0,"7":0,"8":0,"9":0,"10":0,"11":0,"12":0,"13":0,"14":0,"15":0,"16":0,"17":0,"18":0,"19":0,"20":0,"21":0,"22":0,"23":0},"fnMap":{"1":{"name":"(anonymous_1)","line":0,"loc":{"start":{"line":0,"column":0},"end":{"line":0,"column":0}},"skip":true},"2":{"name":"(anonymous_2)","line":0,"loc":{"start":{"line":0,"column":0},"end":{"line":0,"column":0}},"skip":true},"3":{"name":"(anonymous_3)","line":0,"loc":{"start":{"line":0,"column":0},"end":{"line":0,"column":0}},"skip":true},"4":{"name":"defineProperties","line":0,"loc":{"start":{"line":0,"column":0},"end":{"line":0,"column":0}},"skip":true},"5":{"name":"(anonymous_5)","line":0,"loc":{"start":{"line":0,"column":0},"end":{"line":0,"column":0}},"skip":true},"6":{"name":"_interopRequireDefault","line":0,"loc":{"start":{"line":0,"column":0},"end":{"line":0,"column":0}},"skip":true},"7":{"name":"_classCallCheck","line":0,"loc":{"start":{"line":0,"column":0},"end":{"line":0,"column":0}},"skip":true},"8":{"name":"(anonymous_8)","line":0,"loc":{"start":{"line":0,"column":0},"end":{"line":0,"column":0}},"skip":true},"9":{"name":"isSupported","line":5,"loc":{"start":{"line":5,"column":23},"end":{"line":5,"column":23}}},"10":{"name":"FetchLoader","line":14,"loc":{"start":{"line":14,"column":14},"end":{"line":14,"column":23}}},"11":{"name":"init","line":30,"loc":{"start":{"line":30,"column":7},"end":{"line":30,"column":15}}},"12":{"name":"load","line":43,"loc":{"start":{"line":43,"column":7},"end":{"line":43,"column":27}}},"13":{"name":"loadPartail","line":69,"loc":{"start":{"line":69,"column":14},"end":{"line":69,"column":35}}},"14":{"name":"(anonymous_14)","line":84,"loc":{"start":{"line":84,"column":22},"end":{"line":84,"column":41}}},"15":{"name":"unload","line":97,"loc":{"start":{"line":97,"column":11},"end":{"line":97,"column":11}}},"16":{"name":"(anonymous_16)","line":99,"loc":{"start":{"line":99,"column":23},"end":{"line":99,"column":44}}},"17":{"name":"(anonymous_17)","line":109,"loc":{"start":{"line":109,"column":35},"end":{"line":109,"column":41}}},"18":{"name":"_getParams","line":129,"loc":{"start":{"line":129,"column":13},"end":{"line":129,"column":26}}},"19":{"name":"_onFetchResponse","line":170,"loc":{"start":{"line":170,"column":19},"end":{"line":170,"column":29}}},"20":{"name":"_onFetchException","line":190,"loc":{"start":{"line":190,"column":20},"end":{"line":190,"column":27}}},"21":{"name":"_onReader","line":202,"loc":{"start":{"line":202,"column":12},"end":{"line":202,"column":20}}},"22":{"name":"(anonymous_22)","line":211,"loc":{"start":{"line":211,"column":45},"end":{"line":211,"column":59}}},"23":{"name":"(anonymous_23)","line":230,"loc":{"start":{"line":230,"column":13},"end":{"line":230,"column":29}}}},"statementMap":{"1":{"start":{"line":0,"column":0},"end":{"line":0,"column":0},"skip":true},"2":{"start":{"line":0,"column":0},"end":{"line":0,"column":0},"skip":true},"3":{"start":{"line":0,"column":0},"end":{"line":0,"column":0},"skip":true},"4":{"start":{"line":0,"column":0},"end":{"line":0,"column":0},"skip":true},"5":{"start":{"line":0,"column":0},"end":{"line":0,"column":0},"skip":true},"6":{"start":{"line":0,"column":0},"end":{"line":0,"column":0},"skip":true},"7":{"start":{"line":0,"column":0},"end":{"line":0,"column":0},"skip":true},"8":{"start":{"line":0,"column":0},"end":{"line":0,"column":0},"skip":true},"9":{"start":{"line":0,"column":0},"end":{"line":0,"column":0},"skip":true},"10":{"start":{"line":0,"column":0},"end":{"line":0,"column":0},"skip":true},"11":{"start":{"line":0,"column":0},"end":{"line":0,"column":0},"skip":true},"12":{"start":{"line":0,"column":0},"end":{"line":0,"column":0},"skip":true},"13":{"start":{"line":0,"column":0},"end":{"line":0,"column":0},"skip":true},"14":{"start":{"line":0,"column":0},"end":{"line":0,"column":0},"skip":true},"15":{"start":{"line":0,"column":0},"end":{"line":0,"column":0},"skip":true},"16":{"start":{"line":0,"column":0},"end":{"line":0,"column":0},"skip":true},"17":{"start":{"line":0,"column":0},"end":{"line":0,"column":0},"skip":true},"18":{"start":{"line":0,"column":0},"end":{"line":0,"column":0},"skip":true},"19":{"start":{"line":0,"column":0},"end":{"line":0,"column":0},"skip":true},"20":{"start":{"line":2,"column":0},"end":{"line":null,"column":null}},"21":{"start":{"line":0,"column":0},"end":{"line":0,"column":0},"skip":true},"22":{"start":{"line":0,"column":0},"end":{"line":0,"column":0},"skip":true},"23":{"start":{"line":0,"column":0},"end":{"line":0,"column":0},"skip":true},"24":{"start":{"line":0,"column":0},"end":{"line":0,"column":0},"skip":true},"25":{"start":{"line":0,"column":0},"end":{"line":0,"column":0},"skip":true},"26":{"start":{"line":0,"column":0},"end":{"line":0,"column":0},"skip":true},"27":{"start":{"line":4,"column":6},"end":{"line":null,"column":null}},"28":{"start":{"line":0,"column":0},"end":{"line":0,"column":0},"skip":true},"29":{"start":{"line":6,"column":11},"end":{"line":null,"column":null}},"30":{"start":{"line":14,"column":14},"end":{"line":null,"column":null}},"31":{"start":{"line":0,"column":0},"end":{"line":0,"column":0},"skip":true},"32":{"start":{"line":15,"column":9},"end":{"line":null,"column":null}},"33":{"start":{"line":16,"column":9},"end":{"line":null,"column":null}},"34":{"start":{"line":17,"column":9},"end":{"line":null,"column":null}},"35":{"start":{"line":19,"column":9},"end":{"line":null,"column":null}},"36":{"start":{"line":20,"column":9},"end":{"line":null,"column":null}},"37":{"start":{"line":21,"column":9},"end":{"line":null,"column":null}},"38":{"start":{"line":0,"column":0},"end":{"line":0,"column":0},"skip":true},"39":{"start":{"line":31,"column":9},"end":{"line":null,"column":null}},"40":{"start":{"line":32,"column":9},"end":{"line":null,"column":null}},"41":{"start":{"line":48,"column":8},"end":{"line":null,"column":null}},"42":{"start":{"line":49,"column":11},"end":{"line":null,"column":null}},"43":{"start":{"line":54,"column":9},"end":{"line":null,"column":null}},"44":{"start":{"line":55,"column":9},"end":{"line":null,"column":null}},"45":{"start":{"line":72,"column":8},"end":{"line":null,"column":null}},"46":{"start":{"line":73,"column":11},"end":{"line":null,"column":null}},"47":{"start":{"line":0,"column":0},"end":{"line":0,"column":0},"skip":true},"48":{"start":{"line":77,"column":9},"end":{"line":null,"column":null}},"49":{"start":{"line":79,"column":8},"end":{"line":null,"column":null}},"50":{"start":{"line":80,"column":8},"end":{"line":null,"column":null}},"51":{"start":{"line":81,"column":8},"end":{"line":null,"column":null}},"52":{"start":{"line":84,"column":17},"end":{"line":null,"column":null}},"53":{"start":{"line":85,"column":11},"end":{"line":null,"column":null}},"54":{"start":{"line":86,"column":11},"end":{"line":null,"column":null}},"55":{"start":{"line":87,"column":13},"end":{"line":null,"column":null}},"56":{"start":{"line":0,"column":0},"end":{"line":0,"column":0},"skip":true},"57":{"start":{"line":98,"column":8},"end":{"line":null,"column":null}},"58":{"start":{"line":99,"column":11},"end":{"line":null,"column":null}},"59":{"start":{"line":100,"column":10},"end":{"line":null,"column":null}},"60":{"start":{"line":0,"column":0},"end":{"line":0,"column":0},"skip":true},"61":{"start":{"line":103,"column":11},"end":{"line":null,"column":null}},"62":{"start":{"line":104,"column":11},"end":{"line":null,"column":null}},"63":{"start":{"line":108,"column":10},"end":{"line":null,"column":null}},"64":{"start":{"line":109,"column":13},"end":{"line":null,"column":null}},"65":{"start":{"line":110,"column":15},"end":{"line":null,"column":null}},"66":{"start":{"line":0,"column":0},"end":{"line":0,"column":0},"skip":true},"67":{"start":{"line":114,"column":13},"end":{"line":null,"column":null}},"68":{"start":{"line":0,"column":0},"end":{"line":0,"column":0},"skip":true},"69":{"start":{"line":118,"column":11},"end":{"line":null,"column":null}},"70":{"start":{"line":130,"column":8},"end":{"line":null,"column":null}},"71":{"start":{"line":131,"column":8},"end":{"line":null,"column":null}},"72":{"start":{"line":133,"column":8},"end":{"line":null,"column":null}},"73":{"start":{"line":142,"column":8},"end":{"line":null,"column":null}},"74":{"start":{"line":143,"column":10},"end":{"line":null,"column":null}},"75":{"start":{"line":144,"column":11},"end":{"line":null,"column":null}},"76":{"start":{"line":145,"column":12},"end":{"line":null,"column":null}},"77":{"start":{"line":146,"column":18},"end":{"line":null,"column":null}},"78":{"start":{"line":151,"column":8},"end":{"line":null,"column":null}},"79":{"start":{"line":152,"column":13},"end":{"line":null,"column":null}},"80":{"start":{"line":157,"column":8},"end":{"line":null,"column":null}},"81":{"start":{"line":158,"column":13},"end":{"line":null,"column":null}},"82":{"start":{"line":161,"column":11},"end":{"line":null,"column":null}},"83":{"start":{"line":171,"column":9},"end":{"line":null,"column":null}},"84":{"start":{"line":172,"column":8},"end":{"line":null,"column":null}},"85":{"start":{"line":173,"column":11},"end":{"line":null,"column":null}},"86":{"start":{"line":174,"column":13},"end":{"line":null,"column":null}},"87":{"start":{"line":175,"column":11},"end":{"line":null,"column":null}},"88":{"start":{"line":176,"column":11},"end":{"line":null,"column":null}},"89":{"start":{"line":177,"column":11},"end":{"line":null,"column":null}},"90":{"start":{"line":178,"column":11},"end":{"line":null,"column":null}},"91":{"start":{"line":180,"column":11},"end":{"line":null,"column":null}},"92":{"start":{"line":191,"column":9},"end":{"line":null,"column":null}},"93":{"start":{"line":192,"column":9},"end":{"line":null,"column":null}},"94":{"start":{"line":0,"column":0},"end":{"line":0,"column":0},"skip":true},"95":{"start":{"line":203,"column":9},"end":{"line":null,"column":null}},"96":{"start":{"line":204,"column":8},"end":{"line":null,"column":null}},"97":{"start":{"line":0,"column":0},"end":{"line":0,"column":0},"skip":true},"98":{"start":{"line":208,"column":8},"end":{"line":null,"column":null}},"99":{"start":{"line":211,"column":9},"end":{"line":null,"column":null}},"100":{"start":{"line":214,"column":10},"end":{"line":null,"column":null}},"101":{"start":{"line":215,"column":13},"end":{"line":null,"column":null}},"102":{"start":{"line":216,"column":13},"end":{"line":null,"column":null}},"103":{"start":{"line":217,"column":11},"end":{"line":null,"column":null}},"104":{"start":{"line":218,"column":15},"end":{"line":null,"column":null}},"105":{"start":{"line":219,"column":15},"end":{"line":null,"column":null}},"106":{"start":{"line":221,"column":15},"end":{"line":null,"column":null}},"107":{"start":{"line":0,"column":0},"end":{"line":0,"column":0},"skip":true},"108":{"start":{"line":227,"column":11},"end":{"line":null,"column":null}},"109":{"start":{"line":228,"column":11},"end":{"line":null,"column":null}},"110":{"start":{"line":229,"column":13},"end":{"line":null,"column":null}},"111":{"start":{"line":231,"column":11},"end":{"line":null,"column":null}},"112":{"start":{"line":0,"column":0},"end":{"line":0,"column":0},"skip":true},"113":{"start":{"line":236,"column":15},"end":{"line":null,"column":null}}},"branchMap":{"1":{"line":0,"type":"cond-expr","locations":[{"start":{"line":0,"column":0},"end":{"line":0,"column":0},"skip":true},{"start":{"line":0,"column":0},"end":{"line":0,"column":0},"skip":true}]},"2":{"line":0,"type":"binary-expr","locations":[{"start":{"line":0,"column":0},"end":{"line":0,"column":0},"skip":true},{"start":{"line":0,"column":0},"end":{"line":0,"column":0},"skip":true}]},"3":{"line":0,"type":"cond-expr","locations":[{"start":{"line":0,"column":0},"end":{"line":0,"column":0},"skip":true},{"start":{"line":0,"column":0},"end":{"line":0,"column":0},"skip":true}]},"4":{"line":0,"type":"binary-expr","locations":[{"start":{"line":0,"column":0},"end":{"line":0,"column":0},"skip":true},{"start":{"line":0,"column":0},"end":{"line":0,"column":0},"skip":true},{"start":{"line":0,"column":0},"end":{"line":0,"column":0},"skip":true},{"start":{"line":0,"column":0},"end":{"line":0,"column":0},"skip":true}]},"5":{"line":0,"type":"binary-expr","locations":[{"start":{"line":0,"column":0},"end":{"line":0,"column":0},"skip":true},{"start":{"line":0,"column":0},"end":{"line":0,"column":0},"skip":true}]},"6":{"line":0,"type":"if","locations":[{"start":{"line":0,"column":0},"end":{"line":0,"column":0},"skip":true},{"start":{"line":0,"column":0},"end":{"line":0,"column":0},"skip":true}]},"7":{"line":0,"type":"if","locations":[{"start":{"line":0,"column":0},"end":{"line":0,"column":0},"skip":true},{"start":{"line":0,"column":0},"end":{"line":0,"column":0},"skip":true}]},"8":{"line":0,"type":"if","locations":[{"start":{"line":0,"column":0},"end":{"line":0,"column":0},"skip":true},{"start":{"line":0,"column":0},"end":{"line":0,"column":0},"skip":true}]},"9":{"line":0,"type":"cond-expr","locations":[{"start":{"line":0,"column":0},"end":{"line":0,"column":0},"skip":true},{"start":{"line":0,"column":0},"end":{"line":0,"column":0},"skip":true}]},"10":{"line":0,"type":"binary-expr","locations":[{"start":{"line":0,"column":0},"end":{"line":0,"column":0},"skip":true},{"start":{"line":0,"column":0},"end":{"line":0,"column":0},"skip":true}]},"11":{"line":0,"type":"if","locations":[{"start":{"line":0,"column":0},"end":{"line":0,"column":0},"skip":true},{"start":{"line":0,"column":0},"end":{"line":0,"column":0},"skip":true}]},"12":{"line":6,"type":"binary-expr","locations":[{"start":{"line":6,"column":14},"end":{"line":6,"column":14}},{"start":{"line":6,"column":28},"end":{"line":6,"column":14}},{"start":{"line":6,"column":51},"end":{"line":6,"column":12}}]},"13":{"line":17,"type":"binary-expr","locations":[{"start":{"line":17,"column":19},"end":{"line":17,"column":30}},{"start":{"line":17,"column":30},"end":{"line":17,"column":4}}]},"14":{"line":48,"type":"if","locations":[{"start":{"line":48,"column":8},"end":{"line":48,"column":8}},{"start":{"line":48,"column":8},"end":{"line":48,"column":8}}]},"15":{"line":72,"type":"if","locations":[{"start":{"line":72,"column":8},"end":{"line":72,"column":8}},{"start":{"line":72,"column":8},"end":{"line":72,"column":8}}]},"16":{"line":100,"type":"if","locations":[{"start":{"line":100,"column":10},"end":{"line":100,"column":10}},{"start":{"line":100,"column":10},"end":{"line":100,"column":10}}]},"17":{"line":108,"type":"if","locations":[{"start":{"line":108,"column":10},"end":{"line":108,"column":10}},{"start":{"line":108,"column":10},"end":{"line":108,"column":10}}]},"18":{"line":130,"type":"binary-expr","locations":[{"start":{"line":130,"column":18},"end":{"line":130,"column":26}},{"start":{"line":130,"column":26},"end":{"line":130,"column":4}}]},"19":{"line":142,"type":"if","locations":[{"start":{"line":142,"column":8},"end":{"line":142,"column":8}},{"start":{"line":142,"column":8},"end":{"line":142,"column":8}}]},"20":{"line":145,"type":"if","locations":[{"start":{"line":145,"column":12},"end":{"line":145,"column":12}},{"start":{"line":145,"column":12},"end":{"line":145,"column":12}}]},"21":{"line":151,"type":"if","locations":[{"start":{"line":151,"column":8},"end":{"line":151,"column":8}},{"start":{"line":151,"column":8},"end":{"line":151,"column":8}}]},"22":{"line":157,"type":"if","locations":[{"start":{"line":157,"column":8},"end":{"line":157,"column":8}},{"start":{"line":157,"column":8},"end":{"line":157,"column":8}}]},"23":{"line":171,"type":"binary-expr","locations":[{"start":{"line":171,"column":22},"end":{"line":171,"column":22}},{"start":{"line":171,"column":38},"end":{"line":171,"column":4}}]},"24":{"line":172,"type":"if","locations":[{"start":{"line":172,"column":8},"end":{"line":172,"column":8}},{"start":{"line":172,"column":8},"end":{"line":172,"column":8}}]},"25":{"line":175,"type":"if","locations":[{"start":{"line":175,"column":11},"end":{"line":175,"column":11}},{"start":{"line":175,"column":11},"end":{"line":175,"column":11}}]},"26":{"line":177,"type":"if","locations":[{"start":{"line":177,"column":11},"end":{"line":177,"column":11}},{"start":{"line":177,"column":11},"end":{"line":177,"column":11}}]},"27":{"line":204,"type":"if","locations":[{"start":{"line":204,"column":8},"end":{"line":204,"column":8}},{"start":{"line":204,"column":8},"end":{"line":204,"column":8}}]},"28":{"line":211,"type":"binary-expr","locations":[{"start":{"line":211,"column":9},"end":{"line":211,"column":4}},{"start":{"line":211,"column":20},"end":{"line":211,"column":4}}]},"29":{"line":214,"type":"if","locations":[{"start":{"line":214,"column":10},"end":{"line":214,"column":10}},{"start":{"line":214,"column":10},"end":{"line":214,"column":10}}]},"30":{"line":214,"type":"binary-expr","locations":[{"start":{"line":214,"column":10},"end":{"line":214,"column":10}},{"start":{"line":214,"column":32},"end":{"line":214,"column":6}}]},"31":{"line":217,"type":"if","locations":[{"start":{"line":217,"column":11},"end":{"line":217,"column":11}},{"start":{"line":217,"column":11},"end":{"line":217,"column":11}}]}}}}