TN:
SF:/home/jiangyuqing/devspace/mccree/packages/mccree-loader-fetch/src/index.js
FN:5,isSupported
FN:14,FetchLoader
FN:30,init
FN:43,load
FN:69,loadPartail
FN:84,(anonymous_14)
FN:97,unload
FN:99,(anonymous_16)
FN:109,(anonymous_17)
FN:129,_getParams
FN:170,_onFetchResponse
FN:190,_onFetchException
FN:202,_onReader
FN:211,(anonymous_22)
FN:230,(anonymous_23)
FNF:15
FNH:0
FNDA:0,isSupported
FNDA:0,FetchLoader
FNDA:0,init
FNDA:0,load
FNDA:0,loadPartail
FNDA:0,(anonymous_14)
FNDA:0,unload
FNDA:0,(anonymous_16)
FNDA:0,(anonymous_17)
FNDA:0,_getParams
FNDA:0,_onFetchResponse
FNDA:0,_onFetchException
FNDA:0,_onReader
FNDA:0,(anonymous_22)
FNDA:0,(anonymous_23)
DA:2,1
DA:4,0
DA:6,0
DA:14,1
DA:15,0
DA:16,0
DA:17,0
DA:19,0
DA:20,0
DA:21,0
DA:31,0
DA:32,0
DA:48,0
DA:49,0
DA:54,0
DA:55,0
DA:72,0
DA:73,0
DA:77,0
DA:79,0
DA:80,0
DA:81,0
DA:84,0
DA:85,0
DA:86,0
DA:87,0
DA:98,0
DA:99,0
DA:100,0
DA:103,0
DA:104,0
DA:108,0
DA:109,0
DA:110,0
DA:114,0
DA:118,0
DA:130,0
DA:131,0
DA:133,0
DA:142,0
DA:143,0
DA:144,0
DA:145,0
DA:146,0
DA:151,0
DA:152,0
DA:157,0
DA:158,0
DA:161,0
DA:171,0
DA:172,0
DA:173,0
DA:174,0
DA:175,0
DA:176,0
DA:177,0
DA:178,0
DA:180,0
DA:191,0
DA:192,0
DA:203,0
DA:204,0
DA:208,0
DA:211,0
DA:214,0
DA:215,0
DA:216,0
DA:217,0
DA:218,0
DA:219,0
DA:221,0
DA:227,0
DA:228,0
DA:229,0
DA:231,0
DA:236,0
LF:76
LH:2
BRDA:6,12,0,0
BRDA:6,12,1,0
BRDA:6,12,2,0
BRDA:17,13,0,0
BRDA:17,13,1,0
BRDA:48,14,0,0
BRDA:48,14,1,0
BRDA:72,15,0,0
BRDA:72,15,1,0
BRDA:100,16,0,0
BRDA:100,16,1,0
BRDA:108,17,0,0
BRDA:108,17,1,0
BRDA:130,18,0,0
BRDA:130,18,1,0
BRDA:142,19,0,0
BRDA:142,19,1,0
BRDA:145,20,0,0
BRDA:145,20,1,0
BRDA:151,21,0,0
BRDA:151,21,1,0
BRDA:157,22,0,0
BRDA:157,22,1,0
BRDA:171,23,0,0
BRDA:171,23,1,0
BRDA:172,24,0,0
BRDA:172,24,1,0
BRDA:175,25,0,0
BRDA:175,25,1,0
BRDA:177,26,0,0
BRDA:177,26,1,0
BRDA:204,27,0,0
BRDA:204,27,1,0
BRDA:211,28,0,0
BRDA:211,28,1,0
BRDA:214,29,0,0
BRDA:214,29,1,0
BRDA:214,30,0,0
BRDA:214,30,1,0
BRDA:217,31,0,0
BRDA:217,31,1,0
BRF:41
BRH:0
end_of_record
