{"/home/daibing/devspace/open-mccree/packages/mccree-controller-loader/src/index.js":{"path":"/home/daibing/devspace/open-mccree/packages/mccree-controller-loader/src/index.js","s":{"1":1,"2":1,"3":1,"4":1,"5":6,"6":6,"7":6,"8":6,"9":6,"10":6,"11":1,"12":1,"13":1,"14":1,"15":0,"16":1,"17":1,"18":2,"19":1,"20":1,"21":1,"22":2,"23":1,"24":1,"25":1,"26":1,"27":1,"28":1,"29":1,"30":2,"31":2,"32":1,"33":1,"34":1,"35":1,"36":1,"37":3,"38":2,"39":3,"40":1,"41":1,"42":1,"43":1,"44":1,"45":1,"46":1,"47":1,"48":1,"49":1,"50":1,"51":1,"52":1,"53":1,"54":1,"55":1,"56":1},"b":{"1":[6,6],"2":[6,0],"3":[1,0],"4":[0,1],"5":[1,1],"6":[2,1]},"f":{"1":1,"2":1,"3":1,"4":2,"5":1,"6":2,"7":2,"8":3,"9":1,"10":1,"11":1,"12":1},"fnMap":{"1":{"name":"(anonymous_1)","line":0,"loc":{"start":{"line":0,"column":0},"end":{"line":0,"column":0}},"skip":true},"2":{"name":"defineProperties","line":0,"loc":{"start":{"line":0,"column":0},"end":{"line":0,"column":0}},"skip":true},"3":{"name":"(anonymous_3)","line":0,"loc":{"start":{"line":0,"column":0},"end":{"line":0,"column":0}},"skip":true},"4":{"name":"_classCallCheck","line":0,"loc":{"start":{"line":0,"column":0},"end":{"line":0,"column":0}},"skip":true},"5":{"name":"(anonymous_5)","line":0,"loc":{"start":{"line":0,"column":0},"end":{"line":0,"column":0}},"skip":true},"6":{"name":"LoaderController","line":10,"loc":{"start":{"line":10,"column":14},"end":{"line":10,"column":22}}},"7":{"name":"init","line":26,"loc":{"start":{"line":26,"column":8},"end":{"line":26,"column":16}}},"8":{"name":"onConnected","line":39,"loc":{"start":{"line":39,"column":16},"end":{"line":39,"column":16}}},"9":{"name":"onLoadData","line":51,"loc":{"start":{"line":51,"column":13},"end":{"line":51,"column":19}}},"10":{"name":"onNotfound","line":62,"loc":{"start":{"line":62,"column":13},"end":{"line":62,"column":23}}},"11":{"name":"onForbidden","line":74,"loc":{"start":{"line":74,"column":14},"end":{"line":74,"column":24}}},"12":{"name":"onUnknownError","line":85,"loc":{"start":{"line":85,"column":17},"end":{"line":85,"column":27}}}},"statementMap":{"1":{"start":{"line":0,"column":0},"end":{"line":0,"column":0},"skip":true},"2":{"start":{"line":0,"column":0},"end":{"line":0,"column":0},"skip":true},"3":{"start":{"line":0,"column":0},"end":{"line":0,"column":0},"skip":true},"4":{"start":{"line":0,"column":0},"end":{"line":0,"column":0},"skip":true},"5":{"start":{"line":0,"column":0},"end":{"line":0,"column":0},"skip":true},"6":{"start":{"line":0,"column":0},"end":{"line":0,"column":0},"skip":true},"7":{"start":{"line":0,"column":0},"end":{"line":0,"column":0},"skip":true},"8":{"start":{"line":0,"column":0},"end":{"line":0,"column":0},"skip":true},"9":{"start":{"line":0,"column":0},"end":{"line":0,"column":0},"skip":true},"10":{"start":{"line":0,"column":0},"end":{"line":0,"column":0},"skip":true},"11":{"start":{"line":0,"column":0},"end":{"line":0,"column":0},"skip":true},"12":{"start":{"line":0,"column":0},"end":{"line":0,"column":0},"skip":true},"13":{"start":{"line":0,"column":0},"end":{"line":0,"column":0},"skip":true},"14":{"start":{"line":0,"column":0},"end":{"line":0,"column":0},"skip":true},"15":{"start":{"line":0,"column":0},"end":{"line":0,"column":0},"skip":true},"16":{"start":{"line":0,"column":0},"end":{"line":0,"column":0},"skip":true},"17":{"start":{"line":0,"column":0},"end":{"line":0,"column":0},"skip":true},"18":{"start":{"line":0,"column":0},"end":{"line":0,"column":0},"skip":true},"19":{"start":{"line":0,"column":0},"end":{"line":0,"column":0},"skip":true},"20":{"start":{"line":6,"column":6},"end":{"line":null,"column":null}},"21":{"start":{"line":10,"column":14},"end":{"line":null,"column":null}},"22":{"start":{"line":0,"column":0},"end":{"line":0,"column":0},"skip":true},"23":{"start":{"line":11,"column":9},"end":{"line":null,"column":null}},"24":{"start":{"line":12,"column":9},"end":{"line":null,"column":null}},"25":{"start":{"line":13,"column":9},"end":{"line":null,"column":null}},"26":{"start":{"line":15,"column":9},"end":{"line":null,"column":null}},"27":{"start":{"line":16,"column":9},"end":{"line":null,"column":null}},"28":{"start":{"line":17,"column":9},"end":{"line":null,"column":null}},"29":{"start":{"line":0,"column":0},"end":{"line":0,"column":0},"skip":true},"30":{"start":{"line":27,"column":9},"end":{"line":null,"column":null}},"31":{"start":{"line":28,"column":9},"end":{"line":null,"column":null}},"32":{"start":{"line":29,"column":9},"end":{"line":null,"column":null}},"33":{"start":{"line":30,"column":9},"end":{"line":null,"column":null}},"34":{"start":{"line":31,"column":9},"end":{"line":null,"column":null}},"35":{"start":{"line":32,"column":9},"end":{"line":null,"column":null}},"36":{"start":{"line":33,"column":9},"end":{"line":null,"column":null}},"37":{"start":{"line":40,"column":7},"end":{"line":null,"column":null}},"38":{"start":{"line":41,"column":11},"end":{"line":null,"column":null}},"39":{"start":{"line":43,"column":9},"end":{"line":null,"column":null}},"40":{"start":{"line":52,"column":9},"end":{"line":null,"column":null}},"41":{"start":{"line":53,"column":9},"end":{"line":null,"column":null}},"42":{"start":{"line":54,"column":9},"end":{"line":null,"column":null}},"43":{"start":{"line":63,"column":9},"end":{"line":null,"column":null}},"44":{"start":{"line":64,"column":9},"end":{"line":null,"column":null}},"45":{"start":{"line":65,"column":9},"end":{"line":null,"column":null}},"46":{"start":{"line":66,"column":9},"end":{"line":null,"column":null}},"47":{"start":{"line":75,"column":9},"end":{"line":null,"column":null}},"48":{"start":{"line":76,"column":9},"end":{"line":null,"column":null}},"49":{"start":{"line":77,"column":9},"end":{"line":null,"column":null}},"50":{"start":{"line":78,"column":9},"end":{"line":null,"column":null}},"51":{"start":{"line":86,"column":9},"end":{"line":null,"column":null}},"52":{"start":{"line":87,"column":9},"end":{"line":null,"column":null}},"53":{"start":{"line":88,"column":9},"end":{"line":null,"column":null}},"54":{"start":{"line":89,"column":9},"end":{"line":null,"column":null}},"55":{"start":{"line":0,"column":0},"end":{"line":0,"column":0},"skip":true},"56":{"start":{"line":93,"column":15},"end":{"line":null,"column":null}}},"branchMap":{"1":{"line":0,"type":"binary-expr","locations":[{"start":{"line":0,"column":0},"end":{"line":0,"column":0},"skip":true},{"start":{"line":0,"column":0},"end":{"line":0,"column":0},"skip":true}]},"2":{"line":0,"type":"if","locations":[{"start":{"line":0,"column":0},"end":{"line":0,"column":0},"skip":true},{"start":{"line":0,"column":0},"end":{"line":0,"column":0},"skip":true}]},"3":{"line":0,"type":"if","locations":[{"start":{"line":0,"column":0},"end":{"line":0,"column":0},"skip":true},{"start":{"line":0,"column":0},"end":{"line":0,"column":0},"skip":true}]},"4":{"line":0,"type":"if","locations":[{"start":{"line":0,"column":0},"end":{"line":0,"column":0},"skip":true},{"start":{"line":0,"column":0},"end":{"line":0,"column":0},"skip":true}]},"5":{"line":0,"type":"if","locations":[{"start":{"line":0,"column":0},"end":{"line":0,"column":0},"skip":true},{"start":{"line":0,"column":0},"end":{"line":0,"column":0},"skip":true}]},"6":{"line":40,"type":"if","locations":[{"start":{"line":40,"column":7},"end":{"line":40,"column":7}},{"start":{"line":40,"column":7},"end":{"line":40,"column":7}}]}}}}