{"/home/jiangyuqing/devspace/mccree/packages/mccree-controller-loader/src/index.js":{"path":"/home/jiangyuqing/devspace/mccree/packages/mccree-controller-loader/src/index.js","s":{"1":1,"2":1,"3":1,"4":1,"5":13,"6":13,"7":13,"8":13,"9":13,"10":13,"11":1,"12":1,"13":1,"14":1,"15":0,"16":1,"17":1,"18":2,"19":1,"20":1,"21":1,"22":2,"23":1,"24":1,"25":1,"26":1,"27":1,"28":1,"29":1,"30":2,"31":2,"32":1,"33":1,"34":1,"35":1,"36":1,"37":3,"38":2,"39":3,"40":1,"41":1,"42":1,"43":1,"44":1,"45":1,"46":1,"47":1,"48":1,"49":1,"50":1,"51":1,"52":1,"53":1,"54":1,"55":1,"56":1,"57":1,"58":1,"59":2,"60":2,"61":2,"62":2,"63":2,"64":2,"65":1,"66":2,"67":2,"68":2,"69":2,"70":2,"71":1,"72":1},"b":{"1":[13,13],"2":[13,0],"3":[1,0],"4":[0,1],"5":[1,1],"6":[2,1]},"f":{"1":1,"2":1,"3":1,"4":2,"5":1,"6":2,"7":2,"8":3,"9":1,"10":1,"11":1,"12":1,"13":1,"14":1,"15":1,"16":1,"17":2,"18":2,"19":2},"fnMap":{"1":{"name":"(anonymous_1)","line":11,"loc":{"start":{"line":0,"column":0},"end":{"line":0,"column":0},"skip":true},"skip":true},"2":{"name":"defineProperties","line":11,"loc":{"start":{"line":0,"column":0},"end":{"line":0,"column":0},"skip":true},"skip":true},"3":{"name":"(anonymous_3)","line":11,"loc":{"start":{"line":0,"column":0},"end":{"line":0,"column":0},"skip":true},"skip":true},"4":{"name":"_classCallCheck","line":13,"loc":{"start":{"line":0,"column":0},"end":{"line":0,"column":0},"skip":true},"skip":true},"5":{"name":"(anonymous_5)","line":15,"loc":{"start":{"line":0,"column":0},"end":{"line":0,"column":0},"skip":true},"skip":true},"6":{"name":"LoaderController","line":19,"loc":{"start":{"line":10,"column":2},"end":{"line":10,"column":22}}},"7":{"name":"init","line":41,"loc":{"start":{"line":0,"column":0},"end":{"line":0,"column":0},"skip":true},"skip":true},"8":{"name":"onConnected","line":59,"loc":{"start":{"line":0,"column":0},"end":{"line":0,"column":0},"skip":true},"skip":true},"9":{"name":"onLoadData","line":74,"loc":{"start":{"line":0,"column":0},"end":{"line":0,"column":0},"skip":true},"skip":true},"10":{"name":"onNotfound","line":88,"loc":{"start":{"line":0,"column":0},"end":{"line":0,"column":0},"skip":true},"skip":true},"11":{"name":"onForbidden","line":103,"loc":{"start":{"line":0,"column":0},"end":{"line":0,"column":0},"skip":true},"skip":true},"12":{"name":"onUnknownError","line":117,"loc":{"start":{"line":0,"column":0},"end":{"line":0,"column":0},"skip":true},"skip":true},"13":{"name":"debug","line":131,"loc":{"start":{"line":0,"column":0},"end":{"line":0,"column":0},"skip":true},"skip":true},"14":{"name":"log","line":136,"loc":{"start":{"line":0,"column":0},"end":{"line":0,"column":0},"skip":true},"skip":true},"15":{"name":"info","line":141,"loc":{"start":{"line":0,"column":0},"end":{"line":0,"column":0},"skip":true},"skip":true},"16":{"name":"error","line":146,"loc":{"start":{"line":0,"column":0},"end":{"line":0,"column":0},"skip":true},"skip":true},"17":{"name":"trigger","line":151,"loc":{"start":{"line":0,"column":0},"end":{"line":0,"column":0},"skip":true},"skip":true},"18":{"name":"on","line":162,"loc":{"start":{"line":0,"column":0},"end":{"line":0,"column":0},"skip":true},"skip":true},"19":{"name":"off","line":173,"loc":{"start":{"line":0,"column":0},"end":{"line":0,"column":0},"skip":true},"skip":true}},"statementMap":{"1":{"start":{"line":0,"column":0},"end":{"line":0,"column":0},"skip":true},"2":{"start":{"line":0,"column":0},"end":{"line":0,"column":0},"skip":true},"3":{"start":{"line":0,"column":0},"end":{"line":0,"column":0},"skip":true},"4":{"start":{"line":0,"column":0},"end":{"line":0,"column":0},"skip":true},"5":{"start":{"line":0,"column":0},"end":{"line":0,"column":0},"skip":true},"6":{"start":{"line":0,"column":0},"end":{"line":0,"column":0},"skip":true},"7":{"start":{"line":0,"column":0},"end":{"line":0,"column":0},"skip":true},"8":{"start":{"line":0,"column":0},"end":{"line":0,"column":0},"skip":true},"9":{"start":{"line":0,"column":0},"end":{"line":0,"column":0},"skip":true},"10":{"start":{"line":0,"column":0},"end":{"line":0,"column":0},"skip":true},"11":{"start":{"line":0,"column":0},"end":{"line":0,"column":0},"skip":true},"12":{"start":{"line":0,"column":0},"end":{"line":0,"column":0},"skip":true},"13":{"start":{"line":0,"column":0},"end":{"line":0,"column":0},"skip":true},"14":{"start":{"line":0,"column":0},"end":{"line":0,"column":0},"skip":true},"15":{"start":{"line":0,"column":0},"end":{"line":0,"column":0},"skip":true},"16":{"start":{"line":0,"column":0},"end":{"line":0,"column":0},"skip":true},"17":{"start":{"line":0,"column":0},"end":{"line":0,"column":0},"skip":true},"18":{"start":{"line":0,"column":0},"end":{"line":0,"column":0},"skip":true},"19":{"start":{"line":0,"column":0},"end":{"line":0,"column":0},"skip":true},"20":{"start":{"line":0,"column":0},"end":{"line":0,"column":0},"skip":true},"21":{"start":{"line":10,"column":2},"end":{"line":18,"column":3}},"22":{"start":{"line":10,"column":22},"end":{"line":10,"column":22}},"23":{"start":{"line":11,"column":4},"end":{"line":11,"column":4}},"24":{"start":{"line":12,"column":4},"end":{"line":12,"column":4}},"25":{"start":{"line":13,"column":4},"end":{"line":13,"column":4}},"26":{"start":{"line":15,"column":4},"end":{"line":15,"column":4}},"27":{"start":{"line":16,"column":4},"end":{"line":16,"column":4}},"28":{"start":{"line":17,"column":4},"end":{"line":17,"column":4}},"29":{"start":{"line":0,"column":0},"end":{"line":0,"column":0},"skip":true},"30":{"start":{"line":27,"column":4},"end":{"line":27,"column":4}},"31":{"start":{"line":28,"column":4},"end":{"line":28,"column":4}},"32":{"start":{"line":29,"column":4},"end":{"line":29,"column":4}},"33":{"start":{"line":30,"column":4},"end":{"line":30,"column":4}},"34":{"start":{"line":31,"column":4},"end":{"line":31,"column":4}},"35":{"start":{"line":32,"column":4},"end":{"line":32,"column":4}},"36":{"start":{"line":33,"column":4},"end":{"line":33,"column":4}},"37":{"start":{"line":42,"column":4},"end":{"line":44,"column":5}},"38":{"start":{"line":43,"column":6},"end":{"line":43,"column":6}},"39":{"start":{"line":45,"column":4},"end":{"line":45,"column":4}},"40":{"start":{"line":54,"column":4},"end":{"line":54,"column":4}},"41":{"start":{"line":55,"column":4},"end":{"line":55,"column":4}},"42":{"start":{"line":56,"column":4},"end":{"line":56,"column":4}},"43":{"start":{"line":65,"column":4},"end":{"line":65,"column":4}},"44":{"start":{"line":66,"column":4},"end":{"line":66,"column":4}},"45":{"start":{"line":67,"column":4},"end":{"line":67,"column":4}},"46":{"start":{"line":68,"column":4},"end":{"line":68,"column":4}},"47":{"start":{"line":77,"column":4},"end":{"line":77,"column":4}},"48":{"start":{"line":78,"column":4},"end":{"line":78,"column":4}},"49":{"start":{"line":79,"column":4},"end":{"line":79,"column":4}},"50":{"start":{"line":80,"column":4},"end":{"line":80,"column":4}},"51":{"start":{"line":88,"column":4},"end":{"line":88,"column":4}},"52":{"start":{"line":89,"column":4},"end":{"line":89,"column":4}},"53":{"start":{"line":90,"column":4},"end":{"line":90,"column":4}},"54":{"start":{"line":91,"column":4},"end":{"line":91,"column":4}},"55":{"start":{"line":99,"column":4},"end":{"line":99,"column":4}},"56":{"start":{"line":103,"column":4},"end":{"line":103,"column":4}},"57":{"start":{"line":107,"column":4},"end":{"line":107,"column":4}},"58":{"start":{"line":111,"column":4},"end":{"line":111,"column":4}},"59":{"start":{"line":114,"column":26},"end":{"line":114,"column":26}},"60":{"start":{"line":114,"column":26},"end":{"line":114,"column":26}},"61":{"start":{"line":114,"column":20},"end":{"line":114,"column":26}},"62":{"start":{"line":115,"column":4},"end":{"line":115,"column":4}},"63":{"start":{"line":118,"column":21},"end":{"line":118,"column":21}},"64":{"start":{"line":118,"column":21},"end":{"line":118,"column":21}},"65":{"start":{"line":118,"column":15},"end":{"line":118,"column":21}},"66":{"start":{"line":119,"column":4},"end":{"line":119,"column":4}},"67":{"start":{"line":122,"column":22},"end":{"line":122,"column":22}},"68":{"start":{"line":122,"column":22},"end":{"line":122,"column":22}},"69":{"start":{"line":122,"column":16},"end":{"line":122,"column":22}},"70":{"start":{"line":123,"column":4},"end":{"line":123,"column":4}},"71":{"start":{"line":0,"column":0},"end":{"line":0,"column":0},"skip":true},"72":{"start":{"line":0,"column":0},"end":{"line":0,"column":0},"skip":true}},"branchMap":{"1":{"line":11,"type":"binary-expr","locations":[{"start":{"line":0,"column":0},"end":{"line":0,"column":0},"skip":true},{"start":{"line":0,"column":0},"end":{"line":0,"column":0},"skip":true}]},"2":{"line":11,"type":"if","locations":[{"start":{"line":0,"column":0},"end":{"line":0,"column":0},"skip":true},{"start":{"line":0,"column":0},"end":{"line":0,"column":0},"skip":true}]},"3":{"line":11,"type":"if","locations":[{"start":{"line":0,"column":0},"end":{"line":0,"column":0},"skip":true},{"start":{"line":0,"column":0},"end":{"line":0,"column":0},"skip":true}]},"4":{"line":11,"type":"if","locations":[{"start":{"line":0,"column":0},"end":{"line":0,"column":0},"skip":true},{"start":{"line":0,"column":0},"end":{"line":0,"column":0},"skip":true}]},"5":{"line":13,"type":"if","locations":[{"start":{"line":0,"column":0},"end":{"line":0,"column":0},"skip":true},{"start":{"line":0,"column":0},"end":{"line":0,"column":0},"skip":true}]},"6":{"line":60,"type":"if","locations":[{"start":{"line":42,"column":4},"end":{"line":42,"column":4}},{"start":{"line":42,"column":4},"end":{"line":42,"column":4}}]}}}}