TN:
SF:/home/daibing/devspace/open-mccree/packages/mccree-controller-loader/src/index.js
FN:10,LoaderController
FN:26,init
FN:39,onConnected
FN:51,onLoadData
FN:62,onNotfound
FN:74,onForbidden
FN:85,onUnknownError
FNF:7
FNH:7
FNDA:2,LoaderController
FNDA:2,init
FNDA:3,onConnected
FNDA:1,onLoadData
FNDA:1,onNotfound
FNDA:1,onForbidden
FNDA:1,onUnknownError
DA:6,1
DA:10,1
DA:11,1
DA:12,1
DA:13,1
DA:15,1
DA:16,1
DA:17,1
DA:27,2
DA:28,2
DA:29,1
DA:30,1
DA:31,1
DA:32,1
DA:33,1
DA:40,3
DA:41,2
DA:43,3
DA:52,1
DA:53,1
DA:54,1
DA:63,1
DA:64,1
DA:65,1
DA:66,1
DA:75,1
DA:76,1
DA:77,1
DA:78,1
DA:86,1
DA:87,1
DA:88,1
DA:89,1
DA:93,1
LF:34
LH:34
BRDA:40,6,0,2
BRDA:40,6,1,1
BRF:2
BRH:2
end_of_record
