TN:
SF:/home/jiangyuqing/devspace/mccree/packages/mccree-controller-loader/src/index.js
FN:11,(anonymous_1)
FN:11,defineProperties
FN:11,(anonymous_3)
FN:13,_classCallCheck
FN:15,(anonymous_5)
FN:19,LoaderController
FN:41,init
FN:59,onConnected
FN:74,onLoadData
FN:88,onNotfound
FN:103,onForbidden
FN:117,onUnknownError
FN:131,debug
FN:136,log
FN:141,info
FN:146,error
FN:151,trigger
FN:162,on
FN:173,off
FNF:19
FNH:19
FNDA:1,(anonymous_1)
FNDA:1,defineProperties
FNDA:1,(anonymous_3)
FNDA:2,_classCallCheck
FNDA:1,(anonymous_5)
FNDA:2,LoaderController
FNDA:2,init
FNDA:3,onConnected
FNDA:1,onLoadData
FNDA:1,onNotfound
FNDA:1,onForbidden
FNDA:1,onUnknownError
FNDA:1,debug
FNDA:1,log
FNDA:1,info
FNDA:1,error
FNDA:2,trigger
FNDA:2,on
FNDA:2,off
DA:0,13
DA:10,2
DA:11,1
DA:12,1
DA:13,1
DA:15,1
DA:16,1
DA:17,1
DA:27,2
DA:28,2
DA:29,1
DA:30,1
DA:31,1
DA:32,1
DA:33,1
DA:42,3
DA:43,2
DA:45,3
DA:54,1
DA:55,1
DA:56,1
DA:65,1
DA:66,1
DA:67,1
DA:68,1
DA:77,1
DA:78,1
DA:79,1
DA:80,1
DA:88,1
DA:89,1
DA:90,1
DA:91,1
DA:99,1
DA:103,1
DA:107,1
DA:111,1
DA:114,2
DA:115,2
DA:118,2
DA:119,2
DA:122,2
DA:123,2
LF:43
LH:43
BRDA:11,1,0,13
BRDA:11,1,1,13
BRDA:11,2,0,13
BRDA:11,2,1,0
BRDA:11,3,0,1
BRDA:11,3,1,0
BRDA:11,4,0,0
BRDA:11,4,1,1
BRDA:13,5,0,1
BRDA:13,5,1,1
BRDA:60,6,0,2
BRDA:60,6,1,1
BRF:12
BRH:12
end_of_record
