{"/home/jiangyuqing/devspace/mccree/packages/mccree-helper-utils/src/index.js":{"path":"/home/jiangyuqing/devspace/mccree/packages/mccree-helper-utils/src/index.js","s":{"1":1,"2":1,"3":1,"4":1,"5":3,"6":3,"7":3,"8":3,"9":3,"10":3,"11":1,"12":1,"13":0,"14":1,"15":1,"16":1,"17":1,"18":0,"19":0,"20":1,"21":1,"22":0,"23":1,"24":3,"25":3,"26":3,"27":14,"28":14,"29":3,"30":3,"31":1,"32":2,"33":1,"34":1,"35":1,"36":1,"37":1,"38":1,"39":1,"40":1,"41":4,"42":4,"43":4,"44":1,"45":3,"46":1,"47":1,"48":2,"49":1,"50":1},"b":{"1":[3,3],"2":[3,0],"3":[0,1],"4":[1,0],"5":[0,0],"6":[1,2],"7":[1,1],"8":[1,3]},"f":{"1":1,"2":1,"3":1,"4":0,"5":1,"6":0,"7":3,"8":3,"9":4},"fnMap":{"1":{"name":"(anonymous_1)","line":0,"loc":{"start":{"line":0,"column":0},"end":{"line":0,"column":0}},"skip":true},"2":{"name":"defineProperties","line":0,"loc":{"start":{"line":0,"column":0},"end":{"line":0,"column":0}},"skip":true},"3":{"name":"(anonymous_3)","line":0,"loc":{"start":{"line":0,"column":0},"end":{"line":0,"column":0}},"skip":true},"4":{"name":"_classCallCheck","line":0,"loc":{"start":{"line":0,"column":0},"end":{"line":0,"column":0}},"skip":true},"5":{"name":"(anonymous_5)","line":0,"loc":{"start":{"line":0,"column":0},"end":{"line":0,"column":0}},"skip":true},"6":{"name":"Utils","line":0,"loc":{"start":{"line":0,"column":0},"end":{"line":0,"column":0}},"skip":true},"7":{"name":"getUint","line":27,"loc":{"start":{"line":27,"column":17},"end":{"line":27,"column":29}}},"8":{"name":"initMccree","line":44,"loc":{"start":{"line":44,"column":20},"end":{"line":44,"column":28}}},"9":{"name":"extend","line":66,"loc":{"start":{"line":66,"column":28},"end":{"line":66,"column":28}}}},"statementMap":{"1":{"start":{"line":0,"column":0},"end":{"line":0,"column":0},"skip":true},"2":{"start":{"line":0,"column":0},"end":{"line":0,"column":0},"skip":true},"3":{"start":{"line":0,"column":0},"end":{"line":0,"column":0},"skip":true},"4":{"start":{"line":0,"column":0},"end":{"line":0,"column":0},"skip":true},"5":{"start":{"line":0,"column":0},"end":{"line":0,"column":0},"skip":true},"6":{"start":{"line":0,"column":0},"end":{"line":0,"column":0},"skip":true},"7":{"start":{"line":0,"column":0},"end":{"line":0,"column":0},"skip":true},"8":{"start":{"line":0,"column":0},"end":{"line":0,"column":0},"skip":true},"9":{"start":{"line":0,"column":0},"end":{"line":0,"column":0},"skip":true},"10":{"start":{"line":0,"column":0},"end":{"line":0,"column":0},"skip":true},"11":{"start":{"line":0,"column":0},"end":{"line":0,"column":0},"skip":true},"12":{"start":{"line":0,"column":0},"end":{"line":0,"column":0},"skip":true},"13":{"start":{"line":0,"column":0},"end":{"line":0,"column":0},"skip":true},"14":{"start":{"line":0,"column":0},"end":{"line":0,"column":0},"skip":true},"15":{"start":{"line":0,"column":0},"end":{"line":0,"column":0},"skip":true},"16":{"start":{"line":0,"column":0},"end":{"line":0,"column":0},"skip":true},"17":{"start":{"line":0,"column":0},"end":{"line":0,"column":0},"skip":true},"18":{"start":{"line":0,"column":0},"end":{"line":0,"column":0},"skip":true},"19":{"start":{"line":0,"column":0},"end":{"line":0,"column":0},"skip":true},"20":{"start":{"line":18,"column":13},"end":{"line":null,"column":null}},"21":{"start":{"line":0,"column":0},"end":{"line":0,"column":0},"skip":true},"22":{"start":{"line":0,"column":0},"end":{"line":0,"column":0},"skip":true},"23":{"start":{"line":0,"column":0},"end":{"line":0,"column":0},"skip":true},"24":{"start":{"line":28,"column":8},"end":{"line":null,"column":null}},"25":{"start":{"line":29,"column":8},"end":{"line":null,"column":null}},"26":{"start":{"line":30,"column":10},"end":{"line":null,"column":null}},"27":{"start":{"line":31,"column":14},"end":{"line":null,"column":null}},"28":{"start":{"line":0,"column":0},"end":{"line":0,"column":0},"skip":true},"29":{"start":{"line":35,"column":11},"end":{"line":null,"column":null}},"30":{"start":{"line":45,"column":7},"end":{"line":null,"column":null}},"31":{"start":{"line":46,"column":12},"end":{"line":null,"column":null}},"32":{"start":{"line":48,"column":7},"end":{"line":null,"column":null}},"33":{"start":{"line":49,"column":12},"end":{"line":null,"column":null}},"34":{"start":{"line":51,"column":9},"end":{"line":null,"column":null}},"35":{"start":{"line":52,"column":9},"end":{"line":null,"column":null}},"36":{"start":{"line":53,"column":9},"end":{"line":null,"column":null}},"37":{"start":{"line":54,"column":9},"end":{"line":null,"column":null}},"38":{"start":{"line":55,"column":9},"end":{"line":null,"column":null}},"39":{"start":{"line":56,"column":9},"end":{"line":null,"column":null}},"40":{"start":{"line":57,"column":9},"end":{"line":null,"column":null}},"41":{"start":{"line":66,"column":19},"end":{"line":null,"column":null}},"42":{"start":{"line":66,"column":28},"end":{"line":null,"column":null}},"43":{"start":{"line":67,"column":7},"end":{"line":null,"column":null}},"44":{"start":{"line":0,"column":0},"end":{"line":0,"column":0},"skip":true},"45":{"start":{"line":71,"column":8},"end":{"line":null,"column":null}},"46":{"start":{"line":72,"column":10},"end":{"line":null,"column":null}},"47":{"start":{"line":73,"column":10},"end":{"line":null,"column":null}},"48":{"start":{"line":74,"column":16},"end":{"line":null,"column":null}},"49":{"start":{"line":0,"column":0},"end":{"line":0,"column":0},"skip":true},"50":{"start":{"line":80,"column":15},"end":{"line":null,"column":null}}},"branchMap":{"1":{"line":0,"type":"binary-expr","locations":[{"start":{"line":0,"column":0},"end":{"line":0,"column":0},"skip":true},{"start":{"line":0,"column":0},"end":{"line":0,"column":0},"skip":true}]},"2":{"line":0,"type":"if","locations":[{"start":{"line":0,"column":0},"end":{"line":0,"column":0},"skip":true},{"start":{"line":0,"column":0},"end":{"line":0,"column":0},"skip":true}]},"3":{"line":0,"type":"if","locations":[{"start":{"line":0,"column":0},"end":{"line":0,"column":0},"skip":true},{"start":{"line":0,"column":0},"end":{"line":0,"column":0},"skip":true}]},"4":{"line":0,"type":"if","locations":[{"start":{"line":0,"column":0},"end":{"line":0,"column":0},"skip":true},{"start":{"line":0,"column":0},"end":{"line":0,"column":0},"skip":true}]},"5":{"line":0,"type":"if","locations":[{"start":{"line":0,"column":0},"end":{"line":0,"column":0},"skip":true},{"start":{"line":0,"column":0},"end":{"line":0,"column":0},"skip":true}]},"6":{"line":45,"type":"if","locations":[{"start":{"line":45,"column":7},"end":{"line":45,"column":7}},{"start":{"line":45,"column":7},"end":{"line":45,"column":7}}]},"7":{"line":48,"type":"if","locations":[{"start":{"line":48,"column":7},"end":{"line":48,"column":7}},{"start":{"line":48,"column":7},"end":{"line":48,"column":7}}]},"8":{"line":67,"type":"if","locations":[{"start":{"line":67,"column":7},"end":{"line":67,"column":7}},{"start":{"line":67,"column":7},"end":{"line":67,"column":7}}]}}}}