{"/home/jiangyuqing/devspace/mccree/packages/mccree-helper-utils/src/index.js":{"path":"/home/jiangyuqing/devspace/mccree/packages/mccree-helper-utils/src/index.js","s":{"1":1,"2":1,"3":1,"4":1,"5":3,"6":3,"7":3,"8":3,"9":3,"10":3,"11":1,"12":1,"13":0,"14":1,"15":1,"16":1,"17":1,"18":0,"19":0,"20":1,"21":1,"22":0,"23":1,"24":3,"25":3,"26":3,"27":14,"28":14,"29":3,"30":3,"31":1,"32":2,"33":1,"34":1,"35":1,"36":1,"37":1,"38":1,"39":1,"40":1,"41":4,"42":4,"43":4,"44":1,"45":3,"46":1,"47":1,"48":2,"49":1,"50":1},"b":{"1":[3,3],"2":[3,0],"3":[0,1],"4":[1,0],"5":[0,0],"6":[1,2],"7":[1,1],"8":[1,3]},"f":{"1":1,"2":1,"3":1,"4":0,"5":1,"6":0,"7":3,"8":3,"9":4},"fnMap":{"1":{"name":"(anonymous_1)","line":7,"loc":{"start":{"line":0,"column":0},"end":{"line":0,"column":0},"skip":true},"skip":true},"2":{"name":"defineProperties","line":7,"loc":{"start":{"line":0,"column":0},"end":{"line":0,"column":0},"skip":true},"skip":true},"3":{"name":"(anonymous_3)","line":7,"loc":{"start":{"line":0,"column":0},"end":{"line":0,"column":0},"skip":true},"skip":true},"4":{"name":"_classCallCheck","line":9,"loc":{"start":{"line":0,"column":0},"end":{"line":0,"column":0},"skip":true},"skip":true},"5":{"name":"(anonymous_5)","line":11,"loc":{"start":{"line":0,"column":0},"end":{"line":0,"column":0},"skip":true},"skip":true},"6":{"name":"Utils","line":12,"loc":{"start":{"line":0,"column":0},"end":{"line":0,"column":0},"skip":true},"skip":true},"7":{"name":"getUint","line":27,"loc":{"start":{"line":0,"column":0},"end":{"line":0,"column":0},"skip":true},"skip":true},"8":{"name":"initMccree","line":47,"loc":{"start":{"line":0,"column":0},"end":{"line":0,"column":0},"skip":true},"skip":true},"9":{"name":"extend","line":72,"loc":{"start":{"line":0,"column":0},"end":{"line":0,"column":0},"skip":true},"skip":true}},"statementMap":{"1":{"start":{"line":0,"column":0},"end":{"line":0,"column":0},"skip":true},"2":{"start":{"line":0,"column":0},"end":{"line":0,"column":0},"skip":true},"3":{"start":{"line":0,"column":0},"end":{"line":0,"column":0},"skip":true},"4":{"start":{"line":0,"column":0},"end":{"line":0,"column":0},"skip":true},"5":{"start":{"line":0,"column":0},"end":{"line":0,"column":0},"skip":true},"6":{"start":{"line":0,"column":0},"end":{"line":0,"column":0},"skip":true},"7":{"start":{"line":0,"column":0},"end":{"line":0,"column":0},"skip":true},"8":{"start":{"line":0,"column":0},"end":{"line":0,"column":0},"skip":true},"9":{"start":{"line":0,"column":0},"end":{"line":0,"column":0},"skip":true},"10":{"start":{"line":0,"column":0},"end":{"line":0,"column":0},"skip":true},"11":{"start":{"line":0,"column":0},"end":{"line":0,"column":0},"skip":true},"12":{"start":{"line":0,"column":0},"end":{"line":0,"column":0},"skip":true},"13":{"start":{"line":0,"column":0},"end":{"line":0,"column":0},"skip":true},"14":{"start":{"line":0,"column":0},"end":{"line":0,"column":0},"skip":true},"15":{"start":{"line":0,"column":0},"end":{"line":0,"column":0},"skip":true},"16":{"start":{"line":0,"column":0},"end":{"line":0,"column":0},"skip":true},"17":{"start":{"line":0,"column":0},"end":{"line":0,"column":0},"skip":true},"18":{"start":{"line":0,"column":0},"end":{"line":0,"column":0},"skip":true},"19":{"start":{"line":0,"column":0},"end":{"line":0,"column":0},"skip":true},"20":{"start":{"line":0,"column":0},"end":{"line":0,"column":0},"skip":true},"21":{"start":{"line":0,"column":0},"end":{"line":0,"column":0},"skip":true},"22":{"start":{"line":0,"column":0},"end":{"line":0,"column":0},"skip":true},"23":{"start":{"line":0,"column":0},"end":{"line":0,"column":0},"skip":true},"24":{"start":{"line":12,"column":4},"end":{"line":12,"column":4}},"25":{"start":{"line":13,"column":4},"end":{"line":13,"column":4}},"26":{"start":{"line":14,"column":4},"end":{"line":17,"column":5}},"27":{"start":{"line":15,"column":6},"end":{"line":15,"column":6}},"28":{"start":{"line":16,"column":6},"end":{"line":16,"column":6}},"29":{"start":{"line":19,"column":4},"end":{"line":19,"column":4}},"30":{"start":{"line":29,"column":4},"end":{"line":31,"column":5}},"31":{"start":{"line":30,"column":6},"end":{"line":30,"column":6}},"32":{"start":{"line":32,"column":4},"end":{"line":34,"column":5}},"33":{"start":{"line":33,"column":6},"end":{"line":33,"column":6}},"34":{"start":{"line":35,"column":4},"end":{"line":35,"column":4}},"35":{"start":{"line":36,"column":4},"end":{"line":36,"column":4}},"36":{"start":{"line":37,"column":4},"end":{"line":37,"column":4}},"37":{"start":{"line":38,"column":4},"end":{"line":38,"column":4}},"38":{"start":{"line":39,"column":4},"end":{"line":39,"column":4}},"39":{"start":{"line":40,"column":4},"end":{"line":40,"column":4}},"40":{"start":{"line":41,"column":4},"end":{"line":41,"column":4}},"41":{"start":{"line":50,"column":28},"end":{"line":50,"column":28}},"42":{"start":{"line":50,"column":19},"end":{"line":50,"column":28}},"43":{"start":{"line":51,"column":4},"end":{"line":53,"column":5}},"44":{"start":{"line":52,"column":6},"end":{"line":52,"column":6}},"45":{"start":{"line":55,"column":4},"end":{"line":60,"column":5}},"46":{"start":{"line":56,"column":6},"end":{"line":56,"column":6}},"47":{"start":{"line":57,"column":6},"end":{"line":59,"column":7}},"48":{"start":{"line":58,"column":8},"end":{"line":58,"column":8}},"49":{"start":{"line":0,"column":0},"end":{"line":0,"column":0},"skip":true},"50":{"start":{"line":0,"column":0},"end":{"line":0,"column":0},"skip":true}},"branchMap":{"1":{"line":7,"type":"binary-expr","locations":[{"start":{"line":0,"column":0},"end":{"line":0,"column":0},"skip":true},{"start":{"line":0,"column":0},"end":{"line":0,"column":0},"skip":true}]},"2":{"line":7,"type":"if","locations":[{"start":{"line":0,"column":0},"end":{"line":0,"column":0},"skip":true},{"start":{"line":0,"column":0},"end":{"line":0,"column":0},"skip":true}]},"3":{"line":7,"type":"if","locations":[{"start":{"line":0,"column":0},"end":{"line":0,"column":0},"skip":true},{"start":{"line":0,"column":0},"end":{"line":0,"column":0},"skip":true}]},"4":{"line":7,"type":"if","locations":[{"start":{"line":0,"column":0},"end":{"line":0,"column":0},"skip":true},{"start":{"line":0,"column":0},"end":{"line":0,"column":0},"skip":true}]},"5":{"line":9,"type":"if","locations":[{"start":{"line":0,"column":0},"end":{"line":0,"column":0},"skip":true},{"start":{"line":0,"column":0},"end":{"line":0,"column":0},"skip":true}]},"6":{"line":48,"type":"if","locations":[{"start":{"line":29,"column":4},"end":{"line":29,"column":4}},{"start":{"line":29,"column":4},"end":{"line":29,"column":4}}]},"7":{"line":51,"type":"if","locations":[{"start":{"line":32,"column":4},"end":{"line":32,"column":4}},{"start":{"line":32,"column":4},"end":{"line":32,"column":4}}]},"8":{"line":77,"type":"if","locations":[{"start":{"line":51,"column":4},"end":{"line":51,"column":4}},{"start":{"line":51,"column":4},"end":{"line":51,"column":4}}]}}}}