TN:
SF:/home/jiangyuqing/devspace/mccree/packages/mccree-helper-utils/src/index.js
FN:7,(anonymous_1)
FN:7,defineProperties
FN:7,(anonymous_3)
FN:9,_classCallCheck
FN:11,(anonymous_5)
FN:12,Utils
FN:27,getUint
FN:47,initMccree
FN:72,extend
FNF:9
FNH:9
FNDA:1,(anonymous_1)
FNDA:1,defineProperties
FNDA:1,(anonymous_3)
FNDA:0,_classCallCheck
FNDA:1,(anonymous_5)
FNDA:0,Utils
FNDA:3,getUint
FNDA:3,initMccree
FNDA:4,extend
DA:0,3
DA:12,3
DA:13,3
DA:14,3
DA:15,14
DA:16,14
DA:19,3
DA:29,3
DA:30,1
DA:32,2
DA:33,1
DA:35,1
DA:36,1
DA:37,1
DA:38,1
DA:39,1
DA:40,1
DA:41,1
DA:50,4
DA:51,4
DA:52,1
DA:55,3
DA:56,1
DA:57,1
DA:58,2
LF:25
LH:25
BRDA:7,1,0,3
BRDA:7,1,1,3
BRDA:7,2,0,3
BRDA:7,2,1,0
BRDA:7,3,0,0
BRDA:7,3,1,1
BRDA:7,4,0,1
BRDA:7,4,1,0
BRDA:9,5,0,0
BRDA:9,5,1,0
BRDA:48,6,0,1
BRDA:48,6,1,2
BRDA:51,7,0,1
BRDA:51,7,1,1
BRDA:77,8,0,1
BRDA:77,8,1,3
BRF:16
BRH:16
end_of_record
