TN:
SF:/home/jiangyuqing/devspace/mccree/packages/mccree-helper-utils/src/index.js
FN:27,getUint
FN:44,initMccree
FN:66,extend
FNF:3
FNH:3
FNDA:3,getUint
FNDA:3,initMccree
FNDA:4,extend
DA:18,1
DA:28,3
DA:29,3
DA:30,3
DA:31,14
DA:35,3
DA:45,3
DA:46,1
DA:48,2
DA:49,1
DA:51,1
DA:52,1
DA:53,1
DA:54,1
DA:55,1
DA:56,1
DA:57,1
DA:66,4
DA:67,4
DA:71,3
DA:72,1
DA:73,1
DA:74,2
DA:80,1
LF:24
LH:24
BRDA:45,6,0,1
BRDA:45,6,1,2
BRDA:48,7,0,1
BRDA:48,7,1,1
BRDA:67,8,0,1
BRDA:67,8,1,3
BRF:6
BRH:6
end_of_record
