{"/home/jiangyuqing/devspace/mccree/packages/mccree-core-track/src/index.js":{"path":"/home/jiangyuqing/devspace/mccree/packages/mccree-core-track/src/index.js","s":{"1":1,"2":1,"3":1,"4":2,"5":3,"6":3,"7":3,"8":3,"9":3,"10":3,"11":1,"12":2,"13":2,"14":2,"15":0,"16":2,"17":1,"18":2,"19":0,"20":2,"21":1,"22":2,"23":0,"24":2,"25":2,"26":2,"27":1,"28":5,"29":0,"30":1,"31":1,"32":3,"33":3,"34":3,"35":3,"36":3,"37":3,"38":1,"39":2,"40":2,"41":2,"42":1,"43":1,"44":1,"45":1,"46":1,"47":1,"48":1,"49":1,"50":1,"51":1,"52":1,"53":1,"54":1,"55":1,"56":1,"57":1,"58":1,"59":1,"60":1,"61":1,"62":1,"63":1,"64":1,"65":0,"66":0,"67":0,"68":0,"69":1},"b":{"1":[3,3],"2":[3,0],"3":[2,0],"4":[0,2],"5":[0,2],"6":[0,2],"7":[2,0,0],"8":[0,2],"9":[2,0],"10":[2,2],"11":[2,0],"12":[2,0],"13":[0,5],"14":[1,0],"15":[1,0]},"f":{"1":1,"2":2,"3":2,"4":2,"5":2,"6":5,"7":1,"8":3,"9":2,"10":1,"11":1,"12":1,"13":1,"14":1,"15":0},"fnMap":{"1":{"name":"(anonymous_1)","line":7,"loc":{"start":{"line":0,"column":0},"end":{"line":0,"column":0},"skip":true},"skip":true},"2":{"name":"defineProperties","line":7,"loc":{"start":{"line":0,"column":0},"end":{"line":0,"column":0},"skip":true},"skip":true},"3":{"name":"(anonymous_3)","line":7,"loc":{"start":{"line":0,"column":0},"end":{"line":0,"column":0},"skip":true},"skip":true},"4":{"name":"_possibleConstructorReturn","line":9,"loc":{"start":{"line":0,"column":0},"end":{"line":0,"column":0},"skip":true},"skip":true},"5":{"name":"_inherits","line":11,"loc":{"start":{"line":0,"column":0},"end":{"line":0,"column":0},"skip":true},"skip":true},"6":{"name":"_classCallCheck","line":13,"loc":{"start":{"line":0,"column":0},"end":{"line":0,"column":0},"skip":true},"skip":true},"7":{"name":"(anonymous_7)","line":15,"loc":{"start":{"line":0,"column":0},"end":{"line":0,"column":0},"skip":true},"skip":true},"8":{"name":"Track","line":16,"loc":{"start":{"line":3,"column":2},"end":{"line":3,"column":16}}},"9":{"name":"reset","line":28,"loc":{"start":{"line":0,"column":0},"end":{"line":0,"column":0},"skip":true},"skip":true},"10":{"name":"distroy","line":35,"loc":{"start":{"line":0,"column":0},"end":{"line":0,"column":0},"skip":true},"skip":true},"11":{"name":"(anonymous_11)","line":46,"loc":{"start":{"line":0,"column":0},"end":{"line":0,"column":0},"skip":true},"skip":true},"12":{"name":"AudioTrack","line":49,"loc":{"start":{"line":23,"column":2},"end":{"line":23,"column":16}}},"13":{"name":"(anonymous_13)","line":62,"loc":{"start":{"line":0,"column":0},"end":{"line":0,"column":0},"skip":true},"skip":true},"14":{"name":"VideoTrack","line":65,"loc":{"start":{"line":31,"column":2},"end":{"line":31,"column":16}}},"15":{"name":"reset","line":78,"loc":{"start":{"line":0,"column":0},"end":{"line":0,"column":0},"skip":true},"skip":true}},"statementMap":{"1":{"start":{"line":0,"column":0},"end":{"line":0,"column":0},"skip":true},"2":{"start":{"line":0,"column":0},"end":{"line":0,"column":0},"skip":true},"3":{"start":{"line":0,"column":0},"end":{"line":0,"column":0},"skip":true},"4":{"start":{"line":0,"column":0},"end":{"line":0,"column":0},"skip":true},"5":{"start":{"line":0,"column":0},"end":{"line":0,"column":0},"skip":true},"6":{"start":{"line":0,"column":0},"end":{"line":0,"column":0},"skip":true},"7":{"start":{"line":0,"column":0},"end":{"line":0,"column":0},"skip":true},"8":{"start":{"line":0,"column":0},"end":{"line":0,"column":0},"skip":true},"9":{"start":{"line":0,"column":0},"end":{"line":0,"column":0},"skip":true},"10":{"start":{"line":0,"column":0},"end":{"line":0,"column":0},"skip":true},"11":{"start":{"line":0,"column":0},"end":{"line":0,"column":0},"skip":true},"12":{"start":{"line":0,"column":0},"end":{"line":0,"column":0},"skip":true},"13":{"start":{"line":0,"column":0},"end":{"line":0,"column":0},"skip":true},"14":{"start":{"line":0,"column":0},"end":{"line":0,"column":0},"skip":true},"15":{"start":{"line":0,"column":0},"end":{"line":0,"column":0},"skip":true},"16":{"start":{"line":0,"column":0},"end":{"line":0,"column":0},"skip":true},"17":{"start":{"line":0,"column":0},"end":{"line":0,"column":0},"skip":true},"18":{"start":{"line":0,"column":0},"end":{"line":0,"column":0},"skip":true},"19":{"start":{"line":0,"column":0},"end":{"line":0,"column":0},"skip":true},"20":{"start":{"line":0,"column":0},"end":{"line":0,"column":0},"skip":true},"21":{"start":{"line":0,"column":0},"end":{"line":0,"column":0},"skip":true},"22":{"start":{"line":0,"column":0},"end":{"line":0,"column":0},"skip":true},"23":{"start":{"line":0,"column":0},"end":{"line":0,"column":0},"skip":true},"24":{"start":{"line":0,"column":0},"end":{"line":0,"column":0},"skip":true},"25":{"start":{"line":0,"column":0},"end":{"line":0,"column":0},"skip":true},"26":{"start":{"line":0,"column":0},"end":{"line":0,"column":0},"skip":true},"27":{"start":{"line":0,"column":0},"end":{"line":0,"column":0},"skip":true},"28":{"start":{"line":0,"column":0},"end":{"line":0,"column":0},"skip":true},"29":{"start":{"line":0,"column":0},"end":{"line":0,"column":0},"skip":true},"30":{"start":{"line":0,"column":0},"end":{"line":0,"column":0},"skip":true},"31":{"start":{"line":3,"column":2},"end":{"line":9,"column":3}},"32":{"start":{"line":3,"column":16},"end":{"line":3,"column":16}},"33":{"start":{"line":4,"column":4},"end":{"line":4,"column":4}},"34":{"start":{"line":5,"column":4},"end":{"line":5,"column":4}},"35":{"start":{"line":6,"column":4},"end":{"line":6,"column":4}},"36":{"start":{"line":7,"column":4},"end":{"line":7,"column":4}},"37":{"start":{"line":8,"column":4},"end":{"line":8,"column":4}},"38":{"start":{"line":0,"column":0},"end":{"line":0,"column":0},"skip":true},"39":{"start":{"line":12,"column":4},"end":{"line":12,"column":4}},"40":{"start":{"line":13,"column":4},"end":{"line":13,"column":4}},"41":{"start":{"line":14,"column":4},"end":{"line":14,"column":4}},"42":{"start":{"line":18,"column":4},"end":{"line":18,"column":4}},"43":{"start":{"line":19,"column":4},"end":{"line":19,"column":4}},"44":{"start":{"line":0,"column":0},"end":{"line":0,"column":0},"skip":true},"45":{"start":{"line":0,"column":0},"end":{"line":0,"column":0},"skip":true},"46":{"start":{"line":0,"column":0},"end":{"line":0,"column":0},"skip":true},"47":{"start":{"line":0,"column":0},"end":{"line":0,"column":0},"skip":true},"48":{"start":{"line":23,"column":2},"end":{"line":27,"column":3}},"49":{"start":{"line":23,"column":16},"end":{"line":23,"column":16}},"50":{"start":{"line":23,"column":16},"end":{"line":23,"column":16}},"51":{"start":{"line":25,"column":4},"end":{"line":25,"column":4}},"52":{"start":{"line":26,"column":4},"end":{"line":26,"column":4}},"53":{"start":{"line":23,"column":16},"end":{"line":23,"column":16}},"54":{"start":{"line":0,"column":0},"end":{"line":0,"column":0},"skip":true},"55":{"start":{"line":0,"column":0},"end":{"line":0,"column":0},"skip":true},"56":{"start":{"line":0,"column":0},"end":{"line":0,"column":0},"skip":true},"57":{"start":{"line":31,"column":2},"end":{"line":36,"column":3}},"58":{"start":{"line":31,"column":16},"end":{"line":31,"column":16}},"59":{"start":{"line":31,"column":16},"end":{"line":31,"column":16}},"60":{"start":{"line":33,"column":4},"end":{"line":33,"column":4}},"61":{"start":{"line":34,"column":4},"end":{"line":34,"column":4}},"62":{"start":{"line":35,"column":4},"end":{"line":35,"column":4}},"63":{"start":{"line":31,"column":16},"end":{"line":31,"column":16}},"64":{"start":{"line":0,"column":0},"end":{"line":0,"column":0},"skip":true},"65":{"start":{"line":39,"column":4},"end":{"line":39,"column":4}},"66":{"start":{"line":40,"column":4},"end":{"line":40,"column":4}},"67":{"start":{"line":41,"column":4},"end":{"line":41,"column":4}},"68":{"start":{"line":42,"column":4},"end":{"line":42,"column":4}},"69":{"start":{"line":0,"column":0},"end":{"line":0,"column":0},"skip":true}},"branchMap":{"1":{"line":7,"type":"binary-expr","locations":[{"start":{"line":0,"column":0},"end":{"line":0,"column":0},"skip":true},{"start":{"line":0,"column":0},"end":{"line":0,"column":0},"skip":true}]},"2":{"line":7,"type":"if","locations":[{"start":{"line":0,"column":0},"end":{"line":0,"column":0},"skip":true},{"start":{"line":0,"column":0},"end":{"line":0,"column":0},"skip":true}]},"3":{"line":7,"type":"if","locations":[{"start":{"line":0,"column":0},"end":{"line":0,"column":0},"skip":true},{"start":{"line":0,"column":0},"end":{"line":0,"column":0},"skip":true}]},"4":{"line":7,"type":"if","locations":[{"start":{"line":0,"column":0},"end":{"line":0,"column":0},"skip":true},{"start":{"line":0,"column":0},"end":{"line":0,"column":0},"skip":true}]},"5":{"line":9,"type":"if","locations":[{"start":{"line":0,"column":0},"end":{"line":0,"column":0},"skip":true},{"start":{"line":0,"column":0},"end":{"line":0,"column":0},"skip":true}]},"6":{"line":9,"type":"cond-expr","locations":[{"start":{"line":0,"column":0},"end":{"line":0,"column":0},"skip":true},{"start":{"line":0,"column":0},"end":{"line":0,"column":0},"skip":true}]},"7":{"line":9,"type":"binary-expr","locations":[{"start":{"line":0,"column":0},"end":{"line":0,"column":0},"skip":true},{"start":{"line":0,"column":0},"end":{"line":0,"column":0},"skip":true},{"start":{"line":0,"column":0},"end":{"line":0,"column":0},"skip":true}]},"8":{"line":11,"type":"if","locations":[{"start":{"line":0,"column":0},"end":{"line":0,"column":0},"skip":true},{"start":{"line":0,"column":0},"end":{"line":0,"column":0},"skip":true}]},"9":{"line":11,"type":"binary-expr","locations":[{"start":{"line":0,"column":0},"end":{"line":0,"column":0},"skip":true},{"start":{"line":0,"column":0},"end":{"line":0,"column":0},"skip":true}]},"10":{"line":11,"type":"binary-expr","locations":[{"start":{"line":0,"column":0},"end":{"line":0,"column":0},"skip":true},{"start":{"line":0,"column":0},"end":{"line":0,"column":0},"skip":true}]},"11":{"line":11,"type":"if","locations":[{"start":{"line":0,"column":0},"end":{"line":0,"column":0},"skip":true},{"start":{"line":0,"column":0},"end":{"line":0,"column":0},"skip":true}]},"12":{"line":11,"type":"cond-expr","locations":[{"start":{"line":0,"column":0},"end":{"line":0,"column":0},"skip":true},{"start":{"line":0,"column":0},"end":{"line":0,"column":0},"skip":true}]},"13":{"line":13,"type":"if","locations":[{"start":{"line":0,"column":0},"end":{"line":0,"column":0},"skip":true},{"start":{"line":0,"column":0},"end":{"line":0,"column":0},"skip":true}]},"14":{"line":52,"type":"binary-expr","locations":[{"start":{"line":23,"column":16},"end":{"line":23,"column":16}},{"start":{"line":23,"column":16},"end":{"line":23,"column":16}}]},"15":{"line":68,"type":"binary-expr","locations":[{"start":{"line":31,"column":16},"end":{"line":31,"column":16}},{"start":{"line":31,"column":16},"end":{"line":31,"column":16}}]}}}}