TN:
SF:/home/jiangyuqing/devspace/mccree/packages/mccree-core-track/src/index.js
FN:7,(anonymous_1)
FN:7,defineProperties
FN:7,(anonymous_3)
FN:9,_possibleConstructorReturn
FN:11,_inherits
FN:13,_classCallCheck
FN:15,(anonymous_7)
FN:16,Track
FN:28,reset
FN:35,distroy
FN:46,(anonymous_11)
FN:49,AudioTrack
FN:62,(anonymous_13)
FN:65,VideoTrack
FN:78,reset
FNF:15
FNH:15
FNDA:1,(anonymous_1)
FNDA:2,defineProperties
FNDA:2,(anonymous_3)
FNDA:2,_possibleConstructorReturn
FNDA:2,_inherits
FNDA:5,_classCallCheck
FNDA:1,(anonymous_7)
FNDA:3,Track
FNDA:2,reset
FNDA:1,distroy
FNDA:1,(anonymous_11)
FNDA:1,AudioTrack
FNDA:1,(anonymous_13)
FNDA:1,VideoTrack
FNDA:0,reset
DA:0,5
DA:3,3
DA:4,3
DA:5,3
DA:6,3
DA:7,3
DA:8,3
DA:12,2
DA:13,2
DA:14,2
DA:18,1
DA:19,1
DA:23,1
DA:25,1
DA:26,1
DA:31,1
DA:33,1
DA:34,1
DA:35,1
DA:39,0
DA:40,0
DA:41,0
DA:42,0
LF:23
LH:19
BRDA:7,1,0,3
BRDA:7,1,1,3
BRDA:7,2,0,3
BRDA:7,2,1,0
BRDA:7,3,0,2
BRDA:7,3,1,0
BRDA:7,4,0,0
BRDA:7,4,1,2
BRDA:9,5,0,0
BRDA:9,5,1,2
BRDA:9,6,0,0
BRDA:9,6,1,2
BRDA:9,7,0,2
BRDA:9,7,1,0
BRDA:9,7,2,0
BRDA:11,8,0,0
BRDA:11,8,1,2
BRDA:11,9,0,2
BRDA:11,9,1,0
BRDA:11,10,0,2
BRDA:11,10,1,2
BRDA:11,11,0,2
BRDA:11,11,1,0
BRDA:11,12,0,2
BRDA:11,12,1,0
BRDA:13,13,0,0
BRDA:13,13,1,5
BRDA:52,14,0,1
BRDA:52,14,1,0
BRDA:68,15,0,1
BRDA:68,15,1,0
BRF:31
BRH:29
end_of_record
