{"/home/jiangyuqing/devspace/mccree/packages/mccree-helper-logger/src/index.js":{"path":"/home/jiangyuqing/devspace/mccree/packages/mccree-helper-logger/src/index.js","s":{"1":1,"2":1,"3":1,"4":2,"5":6,"6":6,"7":6,"8":6,"9":6,"10":6,"11":1,"12":1,"13":1,"14":1,"15":1,"16":1,"17":1,"18":14,"19":0,"20":1,"21":1,"22":14,"23":14,"24":14,"25":14,"26":1,"27":3,"28":1,"29":2,"30":1,"31":1,"32":1,"33":3,"34":1,"35":2,"36":1,"37":1,"38":1,"39":3,"40":1,"41":2,"42":1,"43":1,"44":1,"45":4,"46":1,"47":3,"48":1,"49":2,"50":1,"51":1,"52":1,"53":3,"54":1,"55":2,"56":1,"57":1,"58":1,"59":7,"60":1,"61":1},"b":{"1":[6,6],"2":[6,0],"3":[1,0],"4":[1,0],"5":[0,14],"6":[1,2],"7":[1,1],"8":[1,1,1],"9":[1,2],"10":[1,1],"11":[1,1,1],"12":[1,2],"13":[1,1],"14":[1,1,1],"15":[1,3],"16":[1,2],"17":[1,1],"18":[1,1,1],"19":[1,2],"20":[1,1],"21":[1,1,1],"22":[7,6,5,4,3,2]},"f":{"1":1,"2":2,"3":1,"4":14,"5":1,"6":14,"7":3,"8":3,"9":3,"10":4,"11":3,"12":7},"fnMap":{"1":{"name":"(anonymous_1)","line":0,"loc":{"start":{"line":0,"column":0},"end":{"line":0,"column":0}},"skip":true},"2":{"name":"defineProperties","line":0,"loc":{"start":{"line":0,"column":0},"end":{"line":0,"column":0}},"skip":true},"3":{"name":"(anonymous_3)","line":0,"loc":{"start":{"line":0,"column":0},"end":{"line":0,"column":0}},"skip":true},"4":{"name":"_classCallCheck","line":0,"loc":{"start":{"line":0,"column":0},"end":{"line":0,"column":0}},"skip":true},"5":{"name":"(anonymous_5)","line":0,"loc":{"start":{"line":0,"column":0},"end":{"line":0,"column":0}},"skip":true},"6":{"name":"Logger","line":10,"loc":{"start":{"line":10,"column":14},"end":{"line":10,"column":41}}},"7":{"name":"log","line":23,"loc":{"start":{"line":23,"column":6},"end":{"line":23,"column":26}}},"8":{"name":"info","line":43,"loc":{"start":{"line":43,"column":7},"end":{"line":43,"column":27}}},"9":{"name":"warn","line":56,"loc":{"start":{"line":56,"column":7},"end":{"line":56,"column":27}}},"10":{"name":"debug","line":76,"loc":{"start":{"line":76,"column":8},"end":{"line":76,"column":28}}},"11":{"name":"error","line":101,"loc":{"start":{"line":101,"column":8},"end":{"line":101,"column":28}}},"12":{"name":"isValid","line":119,"loc":{"start":{"line":119,"column":17},"end":{"line":119,"column":25}}}},"statementMap":{"1":{"start":{"line":0,"column":0},"end":{"line":0,"column":0},"skip":true},"2":{"start":{"line":0,"column":0},"end":{"line":0,"column":0},"skip":true},"3":{"start":{"line":0,"column":0},"end":{"line":0,"column":0},"skip":true},"4":{"start":{"line":0,"column":0},"end":{"line":0,"column":0},"skip":true},"5":{"start":{"line":0,"column":0},"end":{"line":0,"column":0},"skip":true},"6":{"start":{"line":0,"column":0},"end":{"line":0,"column":0},"skip":true},"7":{"start":{"line":0,"column":0},"end":{"line":0,"column":0},"skip":true},"8":{"start":{"line":0,"column":0},"end":{"line":0,"column":0},"skip":true},"9":{"start":{"line":0,"column":0},"end":{"line":0,"column":0},"skip":true},"10":{"start":{"line":0,"column":0},"end":{"line":0,"column":0},"skip":true},"11":{"start":{"line":0,"column":0},"end":{"line":0,"column":0},"skip":true},"12":{"start":{"line":0,"column":0},"end":{"line":0,"column":0},"skip":true},"13":{"start":{"line":0,"column":0},"end":{"line":0,"column":0},"skip":true},"14":{"start":{"line":0,"column":0},"end":{"line":0,"column":0},"skip":true},"15":{"start":{"line":0,"column":0},"end":{"line":0,"column":0},"skip":true},"16":{"start":{"line":0,"column":0},"end":{"line":0,"column":0},"skip":true},"17":{"start":{"line":0,"column":0},"end":{"line":0,"column":0},"skip":true},"18":{"start":{"line":0,"column":0},"end":{"line":0,"column":0},"skip":true},"19":{"start":{"line":0,"column":0},"end":{"line":0,"column":0},"skip":true},"20":{"start":{"line":2,"column":6},"end":{"line":null,"column":null}},"21":{"start":{"line":10,"column":14},"end":{"line":null,"column":null}},"22":{"start":{"line":0,"column":0},"end":{"line":0,"column":0},"skip":true},"23":{"start":{"line":11,"column":9},"end":{"line":null,"column":null}},"24":{"start":{"line":12,"column":9},"end":{"line":null,"column":null}},"25":{"start":{"line":13,"column":9},"end":{"line":null,"column":null}},"26":{"start":{"line":0,"column":0},"end":{"line":0,"column":0},"skip":true},"27":{"start":{"line":24,"column":8},"end":{"line":null,"column":null}},"28":{"start":{"line":0,"column":0},"end":{"line":0,"column":0},"skip":true},"29":{"start":{"line":28,"column":8},"end":{"line":null,"column":null}},"30":{"start":{"line":29,"column":11},"end":{"line":null,"column":null}},"31":{"start":{"line":31,"column":10},"end":{"line":null,"column":null}},"32":{"start":{"line":32,"column":16},"end":{"line":null,"column":null}},"33":{"start":{"line":45,"column":8},"end":{"line":null,"column":null}},"34":{"start":{"line":0,"column":0},"end":{"line":0,"column":0},"skip":true},"35":{"start":{"line":48,"column":8},"end":{"line":null,"column":null}},"36":{"start":{"line":49,"column":11},"end":{"line":null,"column":null}},"37":{"start":{"line":51,"column":10},"end":{"line":null,"column":null}},"38":{"start":{"line":52,"column":16},"end":{"line":null,"column":null}},"39":{"start":{"line":57,"column":8},"end":{"line":null,"column":null}},"40":{"start":{"line":0,"column":0},"end":{"line":0,"column":0},"skip":true},"41":{"start":{"line":61,"column":8},"end":{"line":null,"column":null}},"42":{"start":{"line":62,"column":11},"end":{"line":null,"column":null}},"43":{"start":{"line":64,"column":10},"end":{"line":null,"column":null}},"44":{"start":{"line":65,"column":16},"end":{"line":null,"column":null}},"45":{"start":{"line":78,"column":8},"end":{"line":null,"column":null}},"46":{"start":{"line":0,"column":0},"end":{"line":0,"column":0},"skip":true},"47":{"start":{"line":82,"column":8},"end":{"line":null,"column":null}},"48":{"start":{"line":0,"column":0},"end":{"line":0,"column":0},"skip":true},"49":{"start":{"line":86,"column":8},"end":{"line":null,"column":null}},"50":{"start":{"line":87,"column":11},"end":{"line":null,"column":null}},"51":{"start":{"line":89,"column":10},"end":{"line":null,"column":null}},"52":{"start":{"line":90,"column":16},"end":{"line":null,"column":null}},"53":{"start":{"line":102,"column":8},"end":{"line":null,"column":null}},"54":{"start":{"line":0,"column":0},"end":{"line":0,"column":0},"skip":true},"55":{"start":{"line":106,"column":8},"end":{"line":null,"column":null}},"56":{"start":{"line":107,"column":11},"end":{"line":null,"column":null}},"57":{"start":{"line":109,"column":10},"end":{"line":null,"column":null}},"58":{"start":{"line":110,"column":16},"end":{"line":null,"column":null}},"59":{"start":{"line":120,"column":11},"end":{"line":null,"column":null}},"60":{"start":{"line":0,"column":0},"end":{"line":0,"column":0},"skip":true},"61":{"start":{"line":124,"column":15},"end":{"line":null,"column":null}}},"branchMap":{"1":{"line":0,"type":"binary-expr","locations":[{"start":{"line":0,"column":0},"end":{"line":0,"column":0},"skip":true},{"start":{"line":0,"column":0},"end":{"line":0,"column":0},"skip":true}]},"2":{"line":0,"type":"if","locations":[{"start":{"line":0,"column":0},"end":{"line":0,"column":0},"skip":true},{"start":{"line":0,"column":0},"end":{"line":0,"column":0},"skip":true}]},"3":{"line":0,"type":"if","locations":[{"start":{"line":0,"column":0},"end":{"line":0,"column":0},"skip":true},{"start":{"line":0,"column":0},"end":{"line":0,"column":0},"skip":true}]},"4":{"line":0,"type":"if","locations":[{"start":{"line":0,"column":0},"end":{"line":0,"column":0},"skip":true},{"start":{"line":0,"column":0},"end":{"line":0,"column":0},"skip":true}]},"5":{"line":0,"type":"if","locations":[{"start":{"line":0,"column":0},"end":{"line":0,"column":0},"skip":true},{"start":{"line":0,"column":0},"end":{"line":0,"column":0},"skip":true}]},"6":{"line":24,"type":"if","locations":[{"start":{"line":24,"column":8},"end":{"line":24,"column":8}},{"start":{"line":24,"column":8},"end":{"line":24,"column":8}}]},"7":{"line":28,"type":"if","locations":[{"start":{"line":28,"column":8},"end":{"line":28,"column":8}},{"start":{"line":28,"column":8},"end":{"line":28,"column":8}}]},"8":{"line":32,"type":"binary-expr","locations":[{"start":{"line":32,"column":16},"end":{"line":32,"column":16}},{"start":{"line":32,"column":16},"end":{"line":32,"column":6}},{"start":{"line":32,"column":34},"end":{"line":32,"column":6}}]},"9":{"line":45,"type":"if","locations":[{"start":{"line":45,"column":8},"end":{"line":45,"column":8}},{"start":{"line":45,"column":8},"end":{"line":45,"column":8}}]},"10":{"line":48,"type":"if","locations":[{"start":{"line":48,"column":8},"end":{"line":48,"column":8}},{"start":{"line":48,"column":8},"end":{"line":48,"column":8}}]},"11":{"line":52,"type":"binary-expr","locations":[{"start":{"line":52,"column":16},"end":{"line":52,"column":16}},{"start":{"line":52,"column":16},"end":{"line":52,"column":6}},{"start":{"line":52,"column":34},"end":{"line":52,"column":6}}]},"12":{"line":57,"type":"if","locations":[{"start":{"line":57,"column":8},"end":{"line":57,"column":8}},{"start":{"line":57,"column":8},"end":{"line":57,"column":8}}]},"13":{"line":61,"type":"if","locations":[{"start":{"line":61,"column":8},"end":{"line":61,"column":8}},{"start":{"line":61,"column":8},"end":{"line":61,"column":8}}]},"14":{"line":65,"type":"binary-expr","locations":[{"start":{"line":65,"column":16},"end":{"line":65,"column":16}},{"start":{"line":65,"column":16},"end":{"line":65,"column":6}},{"start":{"line":65,"column":34},"end":{"line":65,"column":6}}]},"15":{"line":78,"type":"if","locations":[{"start":{"line":78,"column":8},"end":{"line":78,"column":8}},{"start":{"line":78,"column":8},"end":{"line":78,"column":8}}]},"16":{"line":82,"type":"if","locations":[{"start":{"line":82,"column":8},"end":{"line":82,"column":8}},{"start":{"line":82,"column":8},"end":{"line":82,"column":8}}]},"17":{"line":86,"type":"if","locations":[{"start":{"line":86,"column":8},"end":{"line":86,"column":8}},{"start":{"line":86,"column":8},"end":{"line":86,"column":8}}]},"18":{"line":90,"type":"binary-expr","locations":[{"start":{"line":90,"column":16},"end":{"line":90,"column":16}},{"start":{"line":90,"column":16},"end":{"line":90,"column":6}},{"start":{"line":90,"column":34},"end":{"line":90,"column":6}}]},"19":{"line":102,"type":"if","locations":[{"start":{"line":102,"column":8},"end":{"line":102,"column":8}},{"start":{"line":102,"column":8},"end":{"line":102,"column":8}}]},"20":{"line":106,"type":"if","locations":[{"start":{"line":106,"column":8},"end":{"line":106,"column":8}},{"start":{"line":106,"column":8},"end":{"line":106,"column":8}}]},"21":{"line":110,"type":"binary-expr","locations":[{"start":{"line":110,"column":16},"end":{"line":110,"column":16}},{"start":{"line":110,"column":16},"end":{"line":110,"column":6}},{"start":{"line":110,"column":34},"end":{"line":110,"column":6}}]},"22":{"line":120,"type":"binary-expr","locations":[{"start":{"line":120,"column":11},"end":{"line":120,"column":11}},{"start":{"line":120,"column":23},"end":{"line":120,"column":11}},{"start":{"line":120,"column":40},"end":{"line":120,"column":11}},{"start":{"line":120,"column":56},"end":{"line":120,"column":11}},{"start":{"line":120,"column":74},"end":{"line":120,"column":11}},{"start":{"line":120,"column":92},"end":{"line":120,"column":4}}]}}}}