{"/home/jiangyuqing/devspace/mccree/packages/mccree-helper-logger/src/index.js":{"path":"/home/jiangyuqing/devspace/mccree/packages/mccree-helper-logger/src/index.js","s":{"1":1,"2":1,"3":1,"4":2,"5":6,"6":6,"7":6,"8":6,"9":6,"10":6,"11":1,"12":1,"13":1,"14":1,"15":1,"16":1,"17":1,"18":14,"19":0,"20":1,"21":1,"22":14,"23":14,"24":14,"25":14,"26":1,"27":3,"28":1,"29":2,"30":1,"31":1,"32":1,"33":3,"34":1,"35":2,"36":1,"37":1,"38":1,"39":3,"40":1,"41":2,"42":1,"43":1,"44":1,"45":4,"46":1,"47":3,"48":1,"49":2,"50":1,"51":1,"52":1,"53":3,"54":1,"55":2,"56":1,"57":1,"58":1,"59":7,"60":1,"61":1},"b":{"1":[6,6],"2":[6,0],"3":[1,0],"4":[1,0],"5":[0,14],"6":[1,2],"7":[1,1],"8":[1,1,1],"9":[1,2],"10":[1,1],"11":[1,1,1],"12":[1,2],"13":[1,1],"14":[1,1,1],"15":[1,3],"16":[1,2],"17":[1,1],"18":[1,1,1],"19":[1,2],"20":[1,1],"21":[1,1,1],"22":[7,6,5,4,3,2]},"f":{"1":1,"2":2,"3":1,"4":14,"5":1,"6":14,"7":3,"8":3,"9":3,"10":4,"11":3,"12":7},"fnMap":{"1":{"name":"(anonymous_1)","line":7,"loc":{"start":{"line":0,"column":0},"end":{"line":0,"column":0},"skip":true},"skip":true},"2":{"name":"defineProperties","line":7,"loc":{"start":{"line":0,"column":0},"end":{"line":0,"column":0},"skip":true},"skip":true},"3":{"name":"(anonymous_3)","line":7,"loc":{"start":{"line":0,"column":0},"end":{"line":0,"column":0},"skip":true},"skip":true},"4":{"name":"_classCallCheck","line":9,"loc":{"start":{"line":0,"column":0},"end":{"line":0,"column":0},"skip":true},"skip":true},"5":{"name":"(anonymous_5)","line":11,"loc":{"start":{"line":0,"column":0},"end":{"line":0,"column":0},"skip":true},"skip":true},"6":{"name":"Logger","line":19,"loc":{"start":{"line":10,"column":2},"end":{"line":10,"column":41}}},"7":{"name":"log","line":38,"loc":{"start":{"line":0,"column":0},"end":{"line":0,"column":0},"skip":true},"skip":true},"8":{"name":"info","line":61,"loc":{"start":{"line":0,"column":0},"end":{"line":0,"column":0},"skip":true},"skip":true},"9":{"name":"warn","line":75,"loc":{"start":{"line":0,"column":0},"end":{"line":0,"column":0},"skip":true},"skip":true},"10":{"name":"debug","line":98,"loc":{"start":{"line":0,"column":0},"end":{"line":0,"column":0},"skip":true},"skip":true},"11":{"name":"error","line":126,"loc":{"start":{"line":0,"column":0},"end":{"line":0,"column":0},"skip":true},"skip":true},"12":{"name":"isValid","line":147,"loc":{"start":{"line":0,"column":0},"end":{"line":0,"column":0},"skip":true},"skip":true}},"statementMap":{"1":{"start":{"line":0,"column":0},"end":{"line":0,"column":0},"skip":true},"2":{"start":{"line":0,"column":0},"end":{"line":0,"column":0},"skip":true},"3":{"start":{"line":0,"column":0},"end":{"line":0,"column":0},"skip":true},"4":{"start":{"line":0,"column":0},"end":{"line":0,"column":0},"skip":true},"5":{"start":{"line":0,"column":0},"end":{"line":0,"column":0},"skip":true},"6":{"start":{"line":0,"column":0},"end":{"line":0,"column":0},"skip":true},"7":{"start":{"line":0,"column":0},"end":{"line":0,"column":0},"skip":true},"8":{"start":{"line":0,"column":0},"end":{"line":0,"column":0},"skip":true},"9":{"start":{"line":0,"column":0},"end":{"line":0,"column":0},"skip":true},"10":{"start":{"line":0,"column":0},"end":{"line":0,"column":0},"skip":true},"11":{"start":{"line":0,"column":0},"end":{"line":0,"column":0},"skip":true},"12":{"start":{"line":0,"column":0},"end":{"line":0,"column":0},"skip":true},"13":{"start":{"line":0,"column":0},"end":{"line":0,"column":0},"skip":true},"14":{"start":{"line":0,"column":0},"end":{"line":0,"column":0},"skip":true},"15":{"start":{"line":0,"column":0},"end":{"line":0,"column":0},"skip":true},"16":{"start":{"line":0,"column":0},"end":{"line":0,"column":0},"skip":true},"17":{"start":{"line":0,"column":0},"end":{"line":0,"column":0},"skip":true},"18":{"start":{"line":0,"column":0},"end":{"line":0,"column":0},"skip":true},"19":{"start":{"line":0,"column":0},"end":{"line":0,"column":0},"skip":true},"20":{"start":{"line":0,"column":0},"end":{"line":0,"column":0},"skip":true},"21":{"start":{"line":10,"column":2},"end":{"line":14,"column":3}},"22":{"start":{"line":10,"column":41},"end":{"line":10,"column":41}},"23":{"start":{"line":11,"column":4},"end":{"line":11,"column":4}},"24":{"start":{"line":12,"column":4},"end":{"line":12,"column":4}},"25":{"start":{"line":13,"column":4},"end":{"line":13,"column":4}},"26":{"start":{"line":0,"column":0},"end":{"line":0,"column":0},"skip":true},"27":{"start":{"line":24,"column":4},"end":{"line":26,"column":5}},"28":{"start":{"line":25,"column":6},"end":{"line":25,"column":6}},"29":{"start":{"line":28,"column":4},"end":{"line":33,"column":5}},"30":{"start":{"line":29,"column":6},"end":{"line":29,"column":6}},"31":{"start":{"line":31,"column":6},"end":{"line":31,"column":6}},"32":{"start":{"line":32,"column":6},"end":{"line":32,"column":6}},"33":{"start":{"line":45,"column":4},"end":{"line":47,"column":5}},"34":{"start":{"line":46,"column":6},"end":{"line":46,"column":6}},"35":{"start":{"line":48,"column":4},"end":{"line":53,"column":5}},"36":{"start":{"line":49,"column":6},"end":{"line":49,"column":6}},"37":{"start":{"line":51,"column":6},"end":{"line":51,"column":6}},"38":{"start":{"line":52,"column":6},"end":{"line":52,"column":6}},"39":{"start":{"line":57,"column":4},"end":{"line":59,"column":5}},"40":{"start":{"line":58,"column":6},"end":{"line":58,"column":6}},"41":{"start":{"line":61,"column":4},"end":{"line":66,"column":5}},"42":{"start":{"line":62,"column":6},"end":{"line":62,"column":6}},"43":{"start":{"line":64,"column":6},"end":{"line":64,"column":6}},"44":{"start":{"line":65,"column":6},"end":{"line":65,"column":6}},"45":{"start":{"line":78,"column":4},"end":{"line":80,"column":5}},"46":{"start":{"line":79,"column":6},"end":{"line":79,"column":6}},"47":{"start":{"line":82,"column":4},"end":{"line":84,"column":5}},"48":{"start":{"line":83,"column":6},"end":{"line":83,"column":6}},"49":{"start":{"line":86,"column":4},"end":{"line":91,"column":5}},"50":{"start":{"line":87,"column":6},"end":{"line":87,"column":6}},"51":{"start":{"line":89,"column":6},"end":{"line":89,"column":6}},"52":{"start":{"line":90,"column":6},"end":{"line":90,"column":6}},"53":{"start":{"line":102,"column":4},"end":{"line":104,"column":5}},"54":{"start":{"line":103,"column":6},"end":{"line":103,"column":6}},"55":{"start":{"line":106,"column":4},"end":{"line":111,"column":5}},"56":{"start":{"line":107,"column":6},"end":{"line":107,"column":6}},"57":{"start":{"line":109,"column":6},"end":{"line":109,"column":6}},"58":{"start":{"line":110,"column":6},"end":{"line":110,"column":6}},"59":{"start":{"line":120,"column":4},"end":{"line":120,"column":4}},"60":{"start":{"line":0,"column":0},"end":{"line":0,"column":0},"skip":true},"61":{"start":{"line":0,"column":0},"end":{"line":0,"column":0},"skip":true}},"branchMap":{"1":{"line":7,"type":"binary-expr","locations":[{"start":{"line":0,"column":0},"end":{"line":0,"column":0},"skip":true},{"start":{"line":0,"column":0},"end":{"line":0,"column":0},"skip":true}]},"2":{"line":7,"type":"if","locations":[{"start":{"line":0,"column":0},"end":{"line":0,"column":0},"skip":true},{"start":{"line":0,"column":0},"end":{"line":0,"column":0},"skip":true}]},"3":{"line":7,"type":"if","locations":[{"start":{"line":0,"column":0},"end":{"line":0,"column":0},"skip":true},{"start":{"line":0,"column":0},"end":{"line":0,"column":0},"skip":true}]},"4":{"line":7,"type":"if","locations":[{"start":{"line":0,"column":0},"end":{"line":0,"column":0},"skip":true},{"start":{"line":0,"column":0},"end":{"line":0,"column":0},"skip":true}]},"5":{"line":9,"type":"if","locations":[{"start":{"line":0,"column":0},"end":{"line":0,"column":0},"skip":true},{"start":{"line":0,"column":0},"end":{"line":0,"column":0},"skip":true}]},"6":{"line":39,"type":"if","locations":[{"start":{"line":24,"column":4},"end":{"line":24,"column":4}},{"start":{"line":24,"column":4},"end":{"line":24,"column":4}}]},"7":{"line":43,"type":"if","locations":[{"start":{"line":28,"column":4},"end":{"line":28,"column":4}},{"start":{"line":28,"column":4},"end":{"line":28,"column":4}}]},"8":{"line":47,"type":"binary-expr","locations":[{"start":{"line":32,"column":6},"end":{"line":32,"column":6}},{"start":{"line":32,"column":16},"end":{"line":32,"column":6}},{"start":{"line":32,"column":34},"end":{"line":32,"column":6}}]},"9":{"line":63,"type":"if","locations":[{"start":{"line":45,"column":4},"end":{"line":45,"column":4}},{"start":{"line":45,"column":4},"end":{"line":45,"column":4}}]},"10":{"line":66,"type":"if","locations":[{"start":{"line":48,"column":4},"end":{"line":48,"column":4}},{"start":{"line":48,"column":4},"end":{"line":48,"column":4}}]},"11":{"line":70,"type":"binary-expr","locations":[{"start":{"line":52,"column":6},"end":{"line":52,"column":6}},{"start":{"line":52,"column":16},"end":{"line":52,"column":6}},{"start":{"line":52,"column":34},"end":{"line":52,"column":6}}]},"12":{"line":76,"type":"if","locations":[{"start":{"line":57,"column":4},"end":{"line":57,"column":4}},{"start":{"line":57,"column":4},"end":{"line":57,"column":4}}]},"13":{"line":80,"type":"if","locations":[{"start":{"line":61,"column":4},"end":{"line":61,"column":4}},{"start":{"line":61,"column":4},"end":{"line":61,"column":4}}]},"14":{"line":84,"type":"binary-expr","locations":[{"start":{"line":65,"column":6},"end":{"line":65,"column":6}},{"start":{"line":65,"column":16},"end":{"line":65,"column":6}},{"start":{"line":65,"column":34},"end":{"line":65,"column":6}}]},"15":{"line":100,"type":"if","locations":[{"start":{"line":78,"column":4},"end":{"line":78,"column":4}},{"start":{"line":78,"column":4},"end":{"line":78,"column":4}}]},"16":{"line":104,"type":"if","locations":[{"start":{"line":82,"column":4},"end":{"line":82,"column":4}},{"start":{"line":82,"column":4},"end":{"line":82,"column":4}}]},"17":{"line":108,"type":"if","locations":[{"start":{"line":86,"column":4},"end":{"line":86,"column":4}},{"start":{"line":86,"column":4},"end":{"line":86,"column":4}}]},"18":{"line":112,"type":"binary-expr","locations":[{"start":{"line":90,"column":6},"end":{"line":90,"column":6}},{"start":{"line":90,"column":16},"end":{"line":90,"column":6}},{"start":{"line":90,"column":34},"end":{"line":90,"column":6}}]},"19":{"line":127,"type":"if","locations":[{"start":{"line":102,"column":4},"end":{"line":102,"column":4}},{"start":{"line":102,"column":4},"end":{"line":102,"column":4}}]},"20":{"line":131,"type":"if","locations":[{"start":{"line":106,"column":4},"end":{"line":106,"column":4}},{"start":{"line":106,"column":4},"end":{"line":106,"column":4}}]},"21":{"line":135,"type":"binary-expr","locations":[{"start":{"line":110,"column":6},"end":{"line":110,"column":6}},{"start":{"line":110,"column":16},"end":{"line":110,"column":6}},{"start":{"line":110,"column":34},"end":{"line":110,"column":6}}]},"22":{"line":148,"type":"binary-expr","locations":[{"start":{"line":120,"column":11},"end":{"line":120,"column":11}},{"start":{"line":120,"column":23},"end":{"line":120,"column":11}},{"start":{"line":120,"column":40},"end":{"line":120,"column":11}},{"start":{"line":120,"column":56},"end":{"line":120,"column":11}},{"start":{"line":120,"column":74},"end":{"line":120,"column":11}},{"start":{"line":120,"column":92},"end":{"line":120,"column":4}}]}}}}