TN:
SF:/home/jiangyuqing/devspace/mccree/packages/mccree-helper-logger/src/index.js
FN:7,(anonymous_1)
FN:7,defineProperties
FN:7,(anonymous_3)
FN:9,_classCallCheck
FN:11,(anonymous_5)
FN:19,Logger
FN:38,log
FN:61,info
FN:75,warn
FN:98,debug
FN:126,error
FN:147,isValid
FNF:12
FNH:12
FNDA:1,(anonymous_1)
FNDA:2,defineProperties
FNDA:1,(anonymous_3)
FNDA:14,_classCallCheck
FNDA:1,(anonymous_5)
FNDA:14,Logger
FNDA:3,log
FNDA:3,info
FNDA:3,warn
FNDA:4,debug
FNDA:3,error
FNDA:7,isValid
DA:0,14
DA:10,14
DA:11,14
DA:12,14
DA:13,14
DA:24,3
DA:25,1
DA:28,2
DA:29,1
DA:31,1
DA:32,1
DA:45,3
DA:46,1
DA:48,2
DA:49,1
DA:51,1
DA:52,1
DA:57,3
DA:58,1
DA:61,2
DA:62,1
DA:64,1
DA:65,1
DA:78,4
DA:79,1
DA:82,3
DA:83,1
DA:86,2
DA:87,1
DA:89,1
DA:90,1
DA:102,3
DA:103,1
DA:106,2
DA:107,1
DA:109,1
DA:110,1
DA:120,7
LF:38
LH:38
BRDA:7,1,0,6
BRDA:7,1,1,6
BRDA:7,2,0,6
BRDA:7,2,1,0
BRDA:7,3,0,1
BRDA:7,3,1,0
BRDA:7,4,0,1
BRDA:7,4,1,0
BRDA:9,5,0,0
BRDA:9,5,1,14
BRDA:39,6,0,1
BRDA:39,6,1,2
BRDA:43,7,0,1
BRDA:43,7,1,1
BRDA:47,8,0,1
BRDA:47,8,1,1
BRDA:47,8,2,1
BRDA:63,9,0,1
BRDA:63,9,1,2
BRDA:66,10,0,1
BRDA:66,10,1,1
BRDA:70,11,0,1
BRDA:70,11,1,1
BRDA:70,11,2,1
BRDA:76,12,0,1
BRDA:76,12,1,2
BRDA:80,13,0,1
BRDA:80,13,1,1
BRDA:84,14,0,1
BRDA:84,14,1,1
BRDA:84,14,2,1
BRDA:100,15,0,1
BRDA:100,15,1,3
BRDA:104,16,0,1
BRDA:104,16,1,2
BRDA:108,17,0,1
BRDA:108,17,1,1
BRDA:112,18,0,1
BRDA:112,18,1,1
BRDA:112,18,2,1
BRDA:127,19,0,1
BRDA:127,19,1,2
BRDA:131,20,0,1
BRDA:131,20,1,1
BRDA:135,21,0,1
BRDA:135,21,1,1
BRDA:135,21,2,1
BRDA:148,22,0,7
BRDA:148,22,1,6
BRDA:148,22,2,5
BRDA:148,22,3,4
BRDA:148,22,4,3
BRDA:148,22,5,2
BRF:53
BRH:53
end_of_record
