TN:
SF:/home/jiangyuqing/devspace/mccree/packages/mccree-helper-logger/src/index.js
FN:10,Logger
FN:23,log
FN:43,info
FN:56,warn
FN:76,debug
FN:101,error
FN:119,isValid
FNF:7
FNH:7
FNDA:14,Logger
FNDA:3,log
FNDA:3,info
FNDA:3,warn
FNDA:4,debug
FNDA:3,error
FNDA:7,isValid
DA:2,1
DA:10,1
DA:11,14
DA:12,14
DA:13,14
DA:24,3
DA:28,2
DA:29,1
DA:31,1
DA:32,1
DA:45,3
DA:48,2
DA:49,1
DA:51,1
DA:52,1
DA:57,3
DA:61,2
DA:62,1
DA:64,1
DA:65,1
DA:78,4
DA:82,3
DA:86,2
DA:87,1
DA:89,1
DA:90,1
DA:102,3
DA:106,2
DA:107,1
DA:109,1
DA:110,1
DA:120,7
DA:124,1
LF:33
LH:33
BRDA:24,6,0,1
BRDA:24,6,1,2
BRDA:28,7,0,1
BRDA:28,7,1,1
BRDA:32,8,0,1
BRDA:32,8,1,1
BRDA:32,8,2,1
BRDA:45,9,0,1
BRDA:45,9,1,2
BRDA:48,10,0,1
BRDA:48,10,1,1
BRDA:52,11,0,1
BRDA:52,11,1,1
BRDA:52,11,2,1
BRDA:57,12,0,1
BRDA:57,12,1,2
BRDA:61,13,0,1
BRDA:61,13,1,1
BRDA:65,14,0,1
BRDA:65,14,1,1
BRDA:65,14,2,1
BRDA:78,15,0,1
BRDA:78,15,1,3
BRDA:82,16,0,1
BRDA:82,16,1,2
BRDA:86,17,0,1
BRDA:86,17,1,1
BRDA:90,18,0,1
BRDA:90,18,1,1
BRDA:90,18,2,1
BRDA:102,19,0,1
BRDA:102,19,1,2
BRDA:106,20,0,1
BRDA:106,20,1,1
BRDA:110,21,0,1
BRDA:110,21,1,1
BRDA:110,21,2,1
BRDA:120,22,0,7
BRDA:120,22,1,6
BRDA:120,22,2,5
BRDA:120,22,3,4
BRDA:120,22,4,3
BRDA:120,22,5,2
BRF:43
BRH:43
end_of_record
